INFO - 2021-08-06 00:16:58,768 - s3_upload.s3.s3parallels.parallels - parallels.set_virtual_machine_status - MainThread - Set status SUSPEND to VM Windows 10 in /Users/rkrivov/PycharmProjects/s3_upload/s3/s3parallels/parallels.py:283
INFO - 2021-08-06 00:18:01,169 - s3_upload.s3.s3parallels.operation - operation._process - MainThread - Found VM Windows 10 with identifier dabfc2f1-772e-4647-84a6-e44af284bf79  and uptime is about 53 hours. in /Users/rkrivov/PycharmProjects/s3_upload/s3/s3parallels/operation.py:459
INFO - 2021-08-06 00:20:46,428 - s3_upload.s3.s3storage - s3storage.__init__ - MainThread - Open S3 AWS Session... in /Users/rkrivov/PycharmProjects/s3_upload/s3/s3storage.py:35
INFO - 2021-08-06 00:20:46,481 - s3_upload.s3.s3storage - s3storage.__init__ - MainThread - Initialize S3 AWS client for https://hb.bizmrg.com... in /Users/rkrivov/PycharmProjects/s3_upload/s3/s3storage.py:52
INFO - 2021-08-06 00:21:50,131 - s3_upload.s3.s3base.s3baseobject - s3baseobject._copy_object - MainThread - Copy objects.py from Parallels/Windows 10 to Archives/2021/218/002147 Windows 10 in /Users/rkrivov/PycharmProjects/s3_upload/s3/s3base/s3baseobject.py:332
INFO - 2021-08-06 00:21:50,752 - s3_upload.s3.s3base.s3baseobject - s3baseobject._copy_object - MainThread - Copied 20 object(s). in /Users/rkrivov/PycharmProjects/s3_upload/s3/s3base/s3baseobject.py:357
INFO - 2021-08-06 00:22:18,701 - s3_upload.s3.s3storage - s3storage.delete_objects - MainThread - Parallels/Windows 10/parallels.log was deleted. in /Users/rkrivov/PycharmProjects/s3_upload/s3/s3storage.py:302
INFO - 2021-08-06 00:22:18,702 - s3_upload.s3.s3storage - s3storage.delete_objects - MainThread - Parallels/Windows 10/statistic.log was deleted. in /Users/rkrivov/PycharmProjects/s3_upload/s3/s3storage.py:302
INFO - 2021-08-06 00:22:44,310 - s3_upload.s3.s3parallels.backup - backup._do_file_operation - MainThread - Upload file Parallels/Windows 10/statistic.log... in /Users/rkrivov/PycharmProjects/s3_upload/s3/s3parallels/backup.py:42
INFO - 2021-08-06 00:22:50,458 - s3_upload.s3.s3parallels.backup - backup._do_file_operation - MainThread - Upload file Parallels/Windows 10/parallels.log... in /Users/rkrivov/PycharmProjects/s3_upload/s3/s3parallels/backup.py:42
INFO - 2021-08-06 00:23:16,677 - s3_upload.s3.s3parallels.parallels - parallels.set_virtual_machine_status - MainThread - Set status RESUME to VM Windows 10 in /Users/rkrivov/PycharmProjects/s3_upload/s3/s3parallels/parallels.py:283
INFO - 2021-08-06 00:24:15,232 - s3_upload.__main__ - main.main - MainThread - Elapsed time is 12 minutes 2 seconds 837 milliseconds. in /Users/rkrivov/PycharmProjects/s3_upload/main.py:108
INFO - 2021-08-06 00:34:08,078 - s3_upload.__main__ - main.main - MainThread - Elapsed time is 322 milliseconds. in /Users/rkrivov/PycharmProjects/s3_upload/main.py:108
INFO - 2021-08-06 00:34:28,225 - s3_upload.s3.s3parallels.parallels - parallels.set_virtual_machine_status - MainThread - Set status SUSPEND to VM Windows 10 in /Users/rkrivov/PycharmProjects/s3_upload/s3/s3parallels/parallels.py:283
INFO - 2021-08-06 00:34:33,020 - s3_upload.s3.s3parallels.operation - operation._process - MainThread - Found VM Windows 10 with identifier dabfc2f1-772e-4647-84a6-e44af284bf79  and uptime is over 53 hours. in /Users/rkrivov/PycharmProjects/s3_upload/s3/s3parallels/operation.py:461
INFO - 2021-08-06 00:34:33,423 - s3_upload.s3.s3storage - s3storage.__init__ - MainThread - Open S3 AWS Session... in /Users/rkrivov/PycharmProjects/s3_upload/s3/s3storage.py:35
INFO - 2021-08-06 00:34:33,452 - s3_upload.s3.s3storage - s3storage.__init__ - MainThread - Initialize S3 AWS client for https://hb.bizmrg.com... in /Users/rkrivov/PycharmProjects/s3_upload/s3/s3storage.py:52
INFO - 2021-08-06 00:34:33,970 - s3_upload.s3.s3base.s3baseobject - s3baseobject._copy_object - MainThread - Copy objects.py from Parallels/Windows 10 to Archives/2021/218/003433 Windows 10 in /Users/rkrivov/PycharmProjects/s3_upload/s3/s3base/s3baseobject.py:332
INFO - 2021-08-06 00:34:34,513 - s3_upload.s3.s3base.s3baseobject - s3baseobject._copy_object - MainThread - Copied 20 object(s). in /Users/rkrivov/PycharmProjects/s3_upload/s3/s3base/s3baseobject.py:357
INFO - 2021-08-06 00:34:34,530 - s3_upload.s3.s3storage - s3storage.delete_objects - MainThread - Parallels/Windows 10/statistic.log was deleted. in /Users/rkrivov/PycharmProjects/s3_upload/s3/s3storage.py:302
INFO - 2021-08-06 00:34:34,530 - s3_upload.s3.s3storage - s3storage.delete_objects - MainThread - Parallels/Windows 10/parallels.log was deleted. in /Users/rkrivov/PycharmProjects/s3_upload/s3/s3storage.py:302
INFO - 2021-08-06 00:34:34,531 - s3_upload.s3.s3parallels.backup - backup._do_file_operation - MainThread - Upload file Parallels/Windows 10/statistic.log... in /Users/rkrivov/PycharmProjects/s3_upload/s3/s3parallels/backup.py:42
INFO - 2021-08-06 00:34:34,955 - s3_upload.s3.s3parallels.backup - backup._do_file_operation - MainThread - Upload file Parallels/Windows 10/parallels.log... in /Users/rkrivov/PycharmProjects/s3_upload/s3/s3parallels/backup.py:42
INFO - 2021-08-06 00:39:27,778 - s3_upload.s3.s3parallels.parallels - parallels.set_virtual_machine_status - MainThread - Set status RESUME to VM Windows 10 in /Users/rkrivov/PycharmProjects/s3_upload/s3/s3parallels/parallels.py:283
INFO - 2021-08-06 00:39:34,033 - s3_upload.__main__ - main.main - MainThread - Elapsed time is 5 minutes 8 seconds 409 milliseconds. in /Users/rkrivov/PycharmProjects/s3_upload/main.py:90
INFO - 2021-08-06 00:39:39,212 - s3_upload.s3.s3parallels.parallels - parallels.set_virtual_machine_status - MainThread - Set status SUSPEND to VM Windows 10 in /Users/rkrivov/PycharmProjects/s3_upload/s3/s3parallels/parallels.py:283
INFO - 2021-08-06 00:39:43,153 - s3_upload.s3.s3parallels.operation - operation._process - MainThread - Found VM Windows 10 with identifier dabfc2f1-772e-4647-84a6-e44af284bf79  and uptime is over 53 hours. in /Users/rkrivov/PycharmProjects/s3_upload/s3/s3parallels/operation.py:461
INFO - 2021-08-06 00:39:43,615 - s3_upload.s3.s3storage - s3storage.__init__ - MainThread - Open S3 AWS Session... in /Users/rkrivov/PycharmProjects/s3_upload/s3/s3storage.py:35
INFO - 2021-08-06 00:39:43,633 - s3_upload.s3.s3storage - s3storage.__init__ - MainThread - Initialize S3 AWS client for https://hb.bizmrg.com... in /Users/rkrivov/PycharmProjects/s3_upload/s3/s3storage.py:52
INFO - 2021-08-06 00:39:44,008 - s3_upload.s3.s3base.s3baseobject - s3baseobject._copy_object - MainThread - Copy objects.py from Parallels/Windows 10 to Archives/2021/218/003944 Windows 10 in /Users/rkrivov/PycharmProjects/s3_upload/s3/s3base/s3baseobject.py:332
INFO - 2021-08-06 00:39:44,932 - s3_upload.s3.s3base.s3baseobject - s3baseobject._copy_object - MainThread - Copied 20 object(s). in /Users/rkrivov/PycharmProjects/s3_upload/s3/s3base/s3baseobject.py:357
INFO - 2021-08-06 00:39:44,949 - s3_upload.s3.s3storage - s3storage.delete_objects - MainThread - Parallels/Windows 10/parallels.log was deleted. in /Users/rkrivov/PycharmProjects/s3_upload/s3/s3storage.py:302
INFO - 2021-08-06 00:39:44,950 - s3_upload.s3.s3storage - s3storage.delete_objects - MainThread - Parallels/Windows 10/statistic.log was deleted. in /Users/rkrivov/PycharmProjects/s3_upload/s3/s3storage.py:302
INFO - 2021-08-06 00:39:44,950 - s3_upload.s3.s3parallels.backup - backup._do_file_operation - MainThread - Upload file Parallels/Windows 10/statistic.log... in /Users/rkrivov/PycharmProjects/s3_upload/s3/s3parallels/backup.py:42
INFO - 2021-08-06 00:39:45,382 - s3_upload.s3.s3parallels.backup - backup._do_file_operation - MainThread - Upload file Parallels/Windows 10/parallels.log... in /Users/rkrivov/PycharmProjects/s3_upload/s3/s3parallels/backup.py:42
INFO - 2021-08-06 00:39:47,442 - s3_upload.s3.s3parallels.parallels - parallels.set_virtual_machine_status - MainThread - Set status RESUME to VM Windows 10 in /Users/rkrivov/PycharmProjects/s3_upload/s3/s3parallels/parallels.py:283
INFO - 2021-08-06 00:39:52,977 - s3_upload.__main__ - main.main - MainThread - Elapsed time is 17 seconds 845 milliseconds. in /Users/rkrivov/PycharmProjects/s3_upload/main.py:108
INFO - 2021-08-06 01:56:15,417 - s3_upload.s3.s3parallels.operation - operation._process - MainThread - Found VM Windows 10 with identifier dabfc2f1-772e-4647-84a6-e44af284bf79  and uptime is over 54 hours. in /Users/rkrivov/PycharmProjects/s3_upload/s3/s3parallels/operation.py:461
INFO - 2021-08-06 01:56:15,742 - s3_upload.s3.s3storage - s3storage.__init__ - MainThread - Open S3 AWS Session... in /Users/rkrivov/PycharmProjects/s3_upload/s3/s3storage.py:35
INFO - 2021-08-06 01:56:15,758 - s3_upload.s3.s3storage - s3storage.__init__ - MainThread - Initialize S3 AWS client for https://hb.bizmrg.com... in /Users/rkrivov/PycharmProjects/s3_upload/s3/s3storage.py:52
INFO - 2021-08-06 01:56:16,073 - s3_upload.s3.s3base.s3baseobject - s3baseobject._copy_object - MainThread - Copy objects.py from Parallels/Windows 10 to Archives/2021/218/015616 Windows 10 in /Users/rkrivov/PycharmProjects/s3_upload/s3/s3base/s3baseobject.py:332
INFO - 2021-08-06 01:56:16,599 - s3_upload.s3.s3base.s3baseobject - s3baseobject._copy_object - MainThread - Copied 20 object(s). in /Users/rkrivov/PycharmProjects/s3_upload/s3/s3base/s3baseobject.py:357
INFO - 2021-08-06 01:56:16,618 - s3_upload.s3.s3storage - s3storage.delete_objects - MainThread - Parallels/Windows 10/VmInfo.pvi was deleted. in /Users/rkrivov/PycharmProjects/s3_upload/s3/s3storage.py:302
INFO - 2021-08-06 01:56:16,618 - s3_upload.s3.s3storage - s3storage.delete_objects - MainThread - Parallels/Windows 10/parallels.log was deleted. in /Users/rkrivov/PycharmProjects/s3_upload/s3/s3storage.py:302
INFO - 2021-08-06 01:56:16,618 - s3_upload.s3.s3storage - s3storage.delete_objects - MainThread - Parallels/Windows 10/statistic.log was deleted. in /Users/rkrivov/PycharmProjects/s3_upload/s3/s3storage.py:302
INFO - 2021-08-06 01:56:16,618 - s3_upload.s3.s3parallels.backup - backup._do_file_operation - MainThread - Upload file Parallels/Windows 10/VmInfo.pvi... in /Users/rkrivov/PycharmProjects/s3_upload/s3/s3parallels/backup.py:42
INFO - 2021-08-06 01:56:16,717 - s3_upload.s3.s3parallels.backup - backup._do_file_operation - MainThread - Upload file Parallels/Windows 10/statistic.log... in /Users/rkrivov/PycharmProjects/s3_upload/s3/s3parallels/backup.py:42
INFO - 2021-08-06 01:56:17,133 - s3_upload.s3.s3parallels.backup - backup._do_file_operation - MainThread - Upload file Parallels/Windows 10/parallels.log... in /Users/rkrivov/PycharmProjects/s3_upload/s3/s3parallels/backup.py:42
INFO - 2021-08-06 01:56:18,593 - s3_upload.__main__ - main.main - MainThread - Elapsed time is 4 seconds 441 milliseconds. in /Users/rkrivov/PycharmProjects/s3_upload/main.py:108
INFO - 2021-08-06 02:04:15,146 - s3_upload.s3.s3parallels.operation - operation._process - MainThread - Found VM Windows 10 with identifier dabfc2f1-772e-4647-84a6-e44af284bf79  and uptime is over 54 hours. in /Users/rkrivov/PycharmProjects/s3_upload/s3/s3parallels/operation.py:461
INFO - 2021-08-06 02:04:15,410 - s3_upload.s3.s3storage - s3storage.__init__ - MainThread - Open S3 AWS Session... in /Users/rkrivov/PycharmProjects/s3_upload/s3/s3storage.py:35
INFO - 2021-08-06 02:04:15,422 - s3_upload.s3.s3storage - s3storage.__init__ - MainThread - Initialize S3 AWS client for https://hb.bizmrg.com... in /Users/rkrivov/PycharmProjects/s3_upload/s3/s3storage.py:52
INFO - 2021-08-06 02:04:15,952 - s3_upload.__main__ - main.main - MainThread - Elapsed time is 1 second 965 milliseconds. in /Users/rkrivov/PycharmProjects/s3_upload/main.py:108
INFO - 2021-08-06 02:04:44,373 - s3_upload.__main__ - main.main - MainThread - Elapsed time is 6 seconds 977 milliseconds. in /Users/rkrivov/PycharmProjects/s3_upload/main.py:108
INFO - 2021-08-06 02:09:13,579 - s3_upload.s3.s3parallels.operation - operation._process - MainThread - Found VM Windows 10 with identifier dabfc2f1-772e-4647-84a6-e44af284bf79  and uptime is over 54 hours. in /Users/rkrivov/PycharmProjects/s3_upload/s3/s3parallels/operation.py:461
INFO - 2021-08-06 02:10:41,733 - s3_upload.s3.s3storage - s3storage.__init__ - MainThread - Open S3 AWS Session... in /Users/rkrivov/PycharmProjects/s3_upload/s3/s3storage.py:35
INFO - 2021-08-06 02:10:41,754 - s3_upload.s3.s3storage - s3storage.__init__ - MainThread - Initialize S3 AWS client for https://hb.bizmrg.com... in /Users/rkrivov/PycharmProjects/s3_upload/s3/s3storage.py:52
INFO - 2021-08-06 02:11:08,156 - s3_upload.__main__ - main.main - MainThread - Elapsed time is 2 minutes 29 seconds 96 milliseconds. in /Users/rkrivov/PycharmProjects/s3_upload/main.py:108
INFO - 2021-08-06 13:52:28,641 - .__main__ - main.main - MainThread - Elapsed time is 2 milliseconds. in main.py:108
INFO - 2021-08-06 14:02:05,974 - .s3.s3parallels.parallels - parallels.set_virtual_machine_status - MainThread - Set status SUSPEND to VM Windows 10 in /Users/rkrivov/PycharmProjects/s3_upload/s3/s3parallels/parallels.py:283
INFO - 2021-08-06 14:02:10,172 - .s3.s3parallels.operation - operation._process - MainThread - Found VM Windows 10 with identifier dabfc2f1-772e-4647-84a6-e44af284bf79  and uptime is over 58 hours. in /Users/rkrivov/PycharmProjects/s3_upload/s3/s3parallels/operation.py:461
INFO - 2021-08-06 14:02:10,585 - .s3.s3storage - s3storage.__init__ - MainThread - Open S3 AWS Session... in /Users/rkrivov/PycharmProjects/s3_upload/s3/s3storage.py:35
INFO - 2021-08-06 14:02:10,603 - .s3.s3storage - s3storage.__init__ - MainThread - Initialize S3 AWS client for https://hb.bizmrg.com... in /Users/rkrivov/PycharmProjects/s3_upload/s3/s3storage.py:52
INFO - 2021-08-06 14:02:11,416 - .s3.s3base.s3baseobject - s3baseobject._copy_object - MainThread - Copy objects.py from Parallels/Windows 10 to Archives/2021/218/140211 Windows 10 in /Users/rkrivov/PycharmProjects/s3_upload/s3/s3base/s3baseobject.py:332
INFO - 2021-08-06 14:02:13,713 - .s3.s3base.s3baseobject - s3baseobject._copy_object - MainThread - Copied 20 object(s). in /Users/rkrivov/PycharmProjects/s3_upload/s3/s3base/s3baseobject.py:357
INFO - 2021-08-06 14:02:13,803 - .s3.s3storage - s3storage.delete_objects - MainThread - Parallels/Windows 10/VmInfo.pvi was deleted. in /Users/rkrivov/PycharmProjects/s3_upload/s3/s3storage.py:302
INFO - 2021-08-06 14:02:13,803 - .s3.s3storage - s3storage.delete_objects - MainThread - Parallels/Windows 10/parallels.log was deleted. in /Users/rkrivov/PycharmProjects/s3_upload/s3/s3storage.py:302
INFO - 2021-08-06 14:02:13,803 - .s3.s3storage - s3storage.delete_objects - MainThread - Parallels/Windows 10/statistic.log was deleted. in /Users/rkrivov/PycharmProjects/s3_upload/s3/s3storage.py:302
INFO - 2021-08-06 14:02:13,803 - .s3.s3parallels.backup - backup._do_file_operation - MainThread - Upload file Parallels/Windows 10/VmInfo.pvi... in /Users/rkrivov/PycharmProjects/s3_upload/s3/s3parallels/backup.py:42
INFO - 2021-08-06 14:02:14,201 - .s3.s3parallels.backup - backup._do_file_operation - MainThread - Upload file Parallels/Windows 10/statistic.log... in /Users/rkrivov/PycharmProjects/s3_upload/s3/s3parallels/backup.py:42
INFO - 2021-08-06 14:02:25,056 - .s3.s3parallels.backup - backup._do_file_operation - MainThread - Upload file Parallels/Windows 10/parallels.log... in /Users/rkrivov/PycharmProjects/s3_upload/s3/s3parallels/backup.py:42
INFO - 2021-08-06 14:02:58,816 - .s3.s3parallels.parallels - parallels.set_virtual_machine_status - MainThread - Set status RESUME to VM Windows 10 in /Users/rkrivov/PycharmProjects/s3_upload/s3/s3parallels/parallels.py:283
INFO - 2021-08-06 14:03:05,271 - .__main__ - main.main - MainThread - Elapsed time is 1 minute 1 second 61 milliseconds. in main.py:108
INFO - 2021-08-06 19:00:01,669 - .__main__ - main.main - MainThread - Elapsed time is 607 milliseconds. in main.py:108
INFO - 2021-08-06 21:04:48,108 - .s3.s3parallels.parallels - parallels.set_virtual_machine_status - MainThread - Set status SUSPEND to VM Windows 10 in /Users/rkrivov/PycharmProjects/s3_upload/s3/s3parallels/parallels.py:283
INFO - 2021-08-06 21:04:48,818 - .__main__ - main.main - MainThread - Elapsed time is 2 seconds 600 milliseconds. in main.py:108
INFO - 2021-08-06 21:06:48,781 - .s3.s3parallels.parallels - parallels.set_virtual_machine_status - MainThread - Set status SUSPEND to VM Windows 10 in /Users/rkrivov/PycharmProjects/s3_upload/s3/s3parallels/parallels.py:283
INFO - 2021-08-06 21:06:53,688 - .s3.s3parallels.operation - operation._process - MainThread - Found VM Windows 10 with identifier dabfc2f1-772e-4647-84a6-e44af284bf79  and uptime is over 65 hours. in /Users/rkrivov/PycharmProjects/s3_upload/s3/s3parallels/operation.py:461
INFO - 2021-08-06 21:06:54,127 - .s3.s3storage - s3storage.__init__ - MainThread - Open S3 AWS Session... in /Users/rkrivov/PycharmProjects/s3_upload/s3/s3storage.py:35
INFO - 2021-08-06 21:06:54,146 - .s3.s3storage - s3storage.__init__ - MainThread - Initialize S3 AWS client for https://hb.bizmrg.com... in /Users/rkrivov/PycharmProjects/s3_upload/s3/s3storage.py:52
INFO - 2021-08-06 21:06:54,996 - .s3.s3base.s3baseobject - s3baseobject._copy_object - MainThread - Copy objects.py from Parallels/Windows 10 to Archives/2021/218/210654 Windows 10 in /Users/rkrivov/PycharmProjects/s3_upload/s3/s3base/s3baseobject.py:332
INFO - 2021-08-06 21:06:57,110 - .s3.s3base.s3baseobject - s3baseobject._copy_object - MainThread - Copied 20 object(s). in /Users/rkrivov/PycharmProjects/s3_upload/s3/s3base/s3baseobject.py:357
INFO - 2021-08-06 21:06:57,200 - .s3.s3storage - s3storage.delete_objects - MainThread - Parallels/Windows 10/config.pvs.backup was deleted. in /Users/rkrivov/PycharmProjects/s3_upload/s3/s3storage.py:302
INFO - 2021-08-06 21:06:57,200 - .s3.s3storage - s3storage.delete_objects - MainThread - Parallels/Windows 10/config.pvs was deleted. in /Users/rkrivov/PycharmProjects/s3_upload/s3/s3storage.py:302
INFO - 2021-08-06 21:06:57,200 - .s3.s3storage - s3storage.delete_objects - MainThread - Parallels/Windows 10/parallels.log was deleted. in /Users/rkrivov/PycharmProjects/s3_upload/s3/s3storage.py:302
INFO - 2021-08-06 21:06:57,201 - .s3.s3storage - s3storage.delete_objects - MainThread - Parallels/Windows 10/statistic.log was deleted. in /Users/rkrivov/PycharmProjects/s3_upload/s3/s3storage.py:302
INFO - 2021-08-06 21:06:57,201 - .s3.s3parallels.backup - backup._do_file_operation - MainThread - Upload file Parallels/Windows 10/config.pvs... in /Users/rkrivov/PycharmProjects/s3_upload/s3/s3parallels/backup.py:42
INFO - 2021-08-06 21:06:57,561 - .s3.s3parallels.backup - backup._do_file_operation - MainThread - Upload file Parallels/Windows 10/statistic.log... in /Users/rkrivov/PycharmProjects/s3_upload/s3/s3parallels/backup.py:42
INFO - 2021-08-06 21:07:01,136 - .s3.s3parallels.backup - backup._do_file_operation - MainThread - Upload file Parallels/Windows 10/config.pvs.backup... in /Users/rkrivov/PycharmProjects/s3_upload/s3/s3parallels/backup.py:42
INFO - 2021-08-06 21:07:01,324 - .s3.s3parallels.backup - backup._do_file_operation - MainThread - Upload file Parallels/Windows 10/parallels.log... in /Users/rkrivov/PycharmProjects/s3_upload/s3/s3parallels/backup.py:42
INFO - 2021-08-06 21:07:07,264 - .s3.s3parallels.parallels - parallels.set_virtual_machine_status - MainThread - Set status RESUME to VM Windows 10 in /Users/rkrivov/PycharmProjects/s3_upload/s3/s3parallels/parallels.py:283
INFO - 2021-08-06 21:07:16,343 - .__main__ - main.main - MainThread - Elapsed time is 29 seconds 286 milliseconds. in main.py:108
INFO - 2021-08-06 21:51:18,587 - .s3.s3parallels.parallels - parallels.set_virtual_machine_status - MainThread - Set status SUSPEND to VM Windows 10 in /Users/rkrivov/PycharmProjects/s3_upload/s3/s3parallels/parallels.py:283
INFO - 2021-08-06 21:51:23,162 - .s3.s3parallels.operation - operation._process - MainThread - Found VM Windows 10 with identifier dabfc2f1-772e-4647-84a6-e44af284bf79  and uptime is over 66 hours. in /Users/rkrivov/PycharmProjects/s3_upload/s3/s3parallels/operation.py:461
INFO - 2021-08-06 21:51:23,611 - .s3.s3storage - s3storage.__init__ - MainThread - Open S3 AWS Session... in /Users/rkrivov/PycharmProjects/s3_upload/s3/s3storage.py:35
INFO - 2021-08-06 21:51:23,631 - .s3.s3storage - s3storage.__init__ - MainThread - Initialize S3 AWS client for https://hb.bizmrg.com... in /Users/rkrivov/PycharmProjects/s3_upload/s3/s3storage.py:52
INFO - 2021-08-06 21:51:24,067 - .s3.s3base.s3baseobject - s3baseobject._copy_object - MainThread - Copy objects.py from Parallels/Windows 10 to Archives/2021/218/215124 Windows 10 in /Users/rkrivov/PycharmProjects/s3_upload/s3/s3base/s3baseobject.py:332
INFO - 2021-08-06 21:51:24,512 - .s3.s3base.s3baseobject - s3baseobject._copy_object - MainThread - Copied 20 object(s). in /Users/rkrivov/PycharmProjects/s3_upload/s3/s3base/s3baseobject.py:357
INFO - 2021-08-06 21:51:24,529 - .s3.s3storage - s3storage.delete_objects - MainThread - Parallels/Windows 10/parallels.log was deleted. in /Users/rkrivov/PycharmProjects/s3_upload/s3/s3storage.py:302
INFO - 2021-08-06 21:51:24,529 - .s3.s3storage - s3storage.delete_objects - MainThread - Parallels/Windows 10/statistic.log was deleted. in /Users/rkrivov/PycharmProjects/s3_upload/s3/s3storage.py:302
INFO - 2021-08-06 21:51:24,529 - .s3.s3parallels.backup - backup._do_file_operation - MainThread - Upload file Parallels/Windows 10/statistic.log... in /Users/rkrivov/PycharmProjects/s3_upload/s3/s3parallels/backup.py:42
INFO - 2021-08-06 21:51:24,935 - .s3.s3parallels.backup - backup._do_file_operation - MainThread - Upload file Parallels/Windows 10/parallels.log... in /Users/rkrivov/PycharmProjects/s3_upload/s3/s3parallels/backup.py:42
INFO - 2021-08-06 21:51:28,146 - .s3.s3parallels.parallels - parallels.set_virtual_machine_status - MainThread - Set status RESUME to VM Windows 10 in /Users/rkrivov/PycharmProjects/s3_upload/s3/s3parallels/parallels.py:283
INFO - 2021-08-06 21:51:36,090 - .__main__ - main.main - MainThread - Elapsed time is 19 seconds 330 milliseconds. in main.py:108
