INFO - 2021-08-01 20:33:32,726 - s3.storage - storage.__init__ - MainThread - Open S3 AWS Session... in /Users/rkrivov/PycharmProjects/s3_upload/s3/storage.py:54
INFO - 2021-08-01 20:33:32,763 - s3.storage - storage.__init__ - MainThread - Initialize S3 AWS client for https://hb.bizmrg.com... in /Users/rkrivov/PycharmProjects/s3_upload/s3/storage.py:71
INFO - 2021-08-01 20:33:33,259 - __main__ - restore.main - MainThread - Elapsed time is 535 milliseconds. in /Users/rkrivov/PycharmProjects/s3_upload/restore.py:90
INFO - 2021-08-01 20:50:39,195 - s3.storage - storage.__init__ - MainThread - Open S3 AWS Session... in /Users/rkrivov/PycharmProjects/s3_upload/s3/storage.py:54
INFO - 2021-08-01 20:50:39,224 - s3.storage - storage.__init__ - MainThread - Initialize S3 AWS client for https://hb.bizmrg.com... in /Users/rkrivov/PycharmProjects/s3_upload/s3/storage.py:71
INFO - 2021-08-01 20:50:39,631 - s3.restore - restore._do_operation - MainThread - Download file %path%/NVRAM.dat... in /Users/rkrivov/PycharmProjects/s3_upload/s3/restore.py:133
INFO - 2021-08-01 20:50:39,756 - s3.restore - restore._do_operation - MainThread - Download file %path%/Snapshots.xml... in /Users/rkrivov/PycharmProjects/s3_upload/s3/restore.py:133
INFO - 2021-08-01 20:50:39,850 - s3.restore - restore._do_operation - MainThread - Download file %path%/Snapshots/{5dc3f720-8618-4927-a0f8-448accf9d599}.dat... in /Users/rkrivov/PycharmProjects/s3_upload/s3/restore.py:133
INFO - 2021-08-01 20:50:39,983 - s3.restore - restore._do_operation - MainThread - Download file %path%/Snapshots/{5dc3f720-8618-4927-a0f8-448accf9d599}.mem... in /Users/rkrivov/PycharmProjects/s3_upload/s3/restore.py:133
INFO - 2021-08-01 20:51:42,385 - __main__ - restore.main - MainThread - Elapsed time is 1 minute 3 seconds 192 milliseconds. in /Users/rkrivov/PycharmProjects/s3_upload/restore.py:90
INFO - 2021-08-01 21:03:43,728 - s3.storage - storage.__init__ - MainThread - Open S3 AWS Session... in /Users/rkrivov/PycharmProjects/s3_upload/s3/storage.py:54
INFO - 2021-08-01 21:03:43,766 - s3.storage - storage.__init__ - MainThread - Initialize S3 AWS client for https://hb.bizmrg.com... in /Users/rkrivov/PycharmProjects/s3_upload/s3/storage.py:71
INFO - 2021-08-01 21:04:03,407 - __main__ - restore.main - MainThread - Elapsed time is 19 seconds 683 milliseconds. in /Users/rkrivov/PycharmProjects/s3_upload/restore.py:90
INFO - 2021-08-01 21:04:08,044 - s3.storage - storage.__init__ - MainThread - Open S3 AWS Session... in /Users/rkrivov/PycharmProjects/s3_upload/s3/storage.py:54
INFO - 2021-08-01 21:04:08,067 - s3.storage - storage.__init__ - MainThread - Initialize S3 AWS client for https://hb.bizmrg.com... in /Users/rkrivov/PycharmProjects/s3_upload/s3/storage.py:71
INFO - 2021-08-01 21:04:57,111 - __main__ - restore.main - MainThread - Elapsed time is 49 seconds 68 milliseconds. in /Users/rkrivov/PycharmProjects/s3_upload/restore.py:90
INFO - 2021-08-01 21:06:13,337 - s3.storage - storage.__init__ - MainThread - Open S3 AWS Session... in /Users/rkrivov/PycharmProjects/s3_upload/s3/storage.py:54
INFO - 2021-08-01 21:06:13,363 - s3.storage - storage.__init__ - MainThread - Initialize S3 AWS client for https://hb.bizmrg.com... in /Users/rkrivov/PycharmProjects/s3_upload/s3/storage.py:71
INFO - 2021-08-01 21:06:35,814 - __main__ - restore.main - MainThread - Elapsed time is 22 seconds 478 milliseconds. in /Users/rkrivov/PycharmProjects/s3_upload/restore.py:90
INFO - 2021-08-01 21:06:44,005 - s3.storage - storage.__init__ - MainThread - Open S3 AWS Session... in /Users/rkrivov/PycharmProjects/s3_upload/s3/storage.py:54
INFO - 2021-08-01 21:06:44,027 - s3.storage - storage.__init__ - MainThread - Initialize S3 AWS client for https://hb.bizmrg.com... in /Users/rkrivov/PycharmProjects/s3_upload/s3/storage.py:71
INFO - 2021-08-01 21:07:09,698 - __main__ - restore.main - MainThread - Elapsed time is 25 seconds 695 milliseconds. in /Users/rkrivov/PycharmProjects/s3_upload/restore.py:80
INFO - 2021-08-01 21:07:11,693 - s3.storage - storage.__init__ - MainThread - Open S3 AWS Session... in /Users/rkrivov/PycharmProjects/s3_upload/s3/storage.py:54
INFO - 2021-08-01 21:07:11,716 - s3.storage - storage.__init__ - MainThread - Initialize S3 AWS client for https://hb.bizmrg.com... in /Users/rkrivov/PycharmProjects/s3_upload/s3/storage.py:71
INFO - 2021-08-01 21:07:54,121 - __main__ - restore.main - MainThread - Elapsed time is 42 seconds 429 milliseconds. in /Users/rkrivov/PycharmProjects/s3_upload/restore.py:80
INFO - 2021-08-01 21:08:07,349 - s3.storage - storage.__init__ - MainThread - Open S3 AWS Session... in /Users/rkrivov/PycharmProjects/s3_upload/s3/storage.py:54
INFO - 2021-08-01 21:08:07,378 - s3.storage - storage.__init__ - MainThread - Initialize S3 AWS client for https://hb.bizmrg.com... in /Users/rkrivov/PycharmProjects/s3_upload/s3/storage.py:71
INFO - 2021-08-01 21:08:33,049 - __main__ - restore.main - MainThread - Elapsed time is 25 seconds 703 milliseconds. in /Users/rkrivov/PycharmProjects/s3_upload/restore.py:80
INFO - 2021-08-01 21:08:35,161 - __main__ - restore.main - MainThread - Elapsed time is 5 milliseconds. in /Users/rkrivov/PycharmProjects/s3_upload/restore.py:90
INFO - 2021-08-01 21:13:41,101 - __main__ - restore.main - MainThread - Elapsed time is 3 milliseconds. in /Users/rkrivov/PycharmProjects/s3_upload/restore.py:85
INFO - 2021-08-01 21:14:13,019 - __main__ - restore.main - MainThread - Elapsed time is 4 milliseconds. in /Users/rkrivov/PycharmProjects/s3_upload/restore.py:79
INFO - 2021-08-01 21:14:45,510 - s3.storage - storage.__init__ - MainThread - Open S3 AWS Session... in /Users/rkrivov/PycharmProjects/s3_upload/s3/storage.py:54
INFO - 2021-08-01 21:14:45,552 - s3.storage - storage.__init__ - MainThread - Initialize S3 AWS client for https://hb.bizmrg.com... in /Users/rkrivov/PycharmProjects/s3_upload/s3/storage.py:71
INFO - 2021-08-01 21:15:02,826 - __main__ - restore.main - MainThread - Elapsed time is 19 seconds 126 milliseconds. in /Users/rkrivov/PycharmProjects/s3_upload/restore.py:80
INFO - 2021-08-01 21:15:42,234 - s3.storage - storage.__init__ - MainThread - Open S3 AWS Session... in /Users/rkrivov/PycharmProjects/s3_upload/s3/storage.py:54
INFO - 2021-08-01 21:15:42,271 - s3.storage - storage.__init__ - MainThread - Initialize S3 AWS client for https://hb.bizmrg.com... in /Users/rkrivov/PycharmProjects/s3_upload/s3/storage.py:71
INFO - 2021-08-01 21:19:17,910 - __main__ - restore.main - MainThread - Elapsed time is 3 minutes 37 seconds 896 milliseconds. in /Users/rkrivov/PycharmProjects/s3_upload/restore.py:72
INFO - 2021-08-01 21:19:25,239 - s3.storage - storage.__init__ - MainThread - Open S3 AWS Session... in /Users/rkrivov/PycharmProjects/s3_upload/s3/storage.py:54
INFO - 2021-08-01 21:19:25,272 - s3.storage - storage.__init__ - MainThread - Initialize S3 AWS client for https://hb.bizmrg.com... in /Users/rkrivov/PycharmProjects/s3_upload/s3/storage.py:71
INFO - 2021-08-01 21:19:44,111 - s3.restore - restore._do_operation - MainThread - The file /Users/rkrivov/Parallels/Windows 10.pvm/NVRAM.dat was deleted. in /Users/rkrivov/PycharmProjects/s3_upload/s3/restore.py:48
INFO - 2021-08-01 21:19:48,078 - s3.restore - restore._do_operation - MainThread - The file /Users/rkrivov/Parallels/Windows 10.pvm/Snapshots.xml was deleted. in /Users/rkrivov/PycharmProjects/s3_upload/s3/restore.py:48
INFO - 2021-08-01 21:19:49,451 - s3.restore - restore._do_operation - MainThread - The file /Users/rkrivov/Parallels/Windows 10.pvm/Snapshots/{5dc3f720-8618-4927-a0f8-448accf9d599}.dat was deleted. in /Users/rkrivov/PycharmProjects/s3_upload/s3/restore.py:48
INFO - 2021-08-01 21:19:56,023 - __main__ - restore.main - MainThread - Elapsed time is 36 seconds 31 milliseconds. in /Users/rkrivov/PycharmProjects/s3_upload/restore.py:80
INFO - 2021-08-01 21:20:40,836 - s3.storage - storage.__init__ - MainThread - Open S3 AWS Session... in /Users/rkrivov/PycharmProjects/s3_upload/s3/storage.py:54
INFO - 2021-08-01 21:20:40,860 - s3.storage - storage.__init__ - MainThread - Initialize S3 AWS client for https://hb.bizmrg.com... in /Users/rkrivov/PycharmProjects/s3_upload/s3/storage.py:71
INFO - 2021-08-01 21:22:50,044 - __main__ - restore.main - MainThread - Elapsed time is 2 minutes 9 seconds 212 milliseconds. in /Users/rkrivov/PycharmProjects/s3_upload/restore.py:72
INFO - 2021-08-01 21:23:56,822 - s3.storage - storage.__init__ - MainThread - Open S3 AWS Session... in /Users/rkrivov/PycharmProjects/s3_upload/s3/storage.py:54
INFO - 2021-08-01 21:23:56,847 - s3.storage - storage.__init__ - MainThread - Initialize S3 AWS client for https://hb.bizmrg.com... in /Users/rkrivov/PycharmProjects/s3_upload/s3/storage.py:71
INFO - 2021-08-01 21:24:07,951 - __main__ - restore.main - MainThread - Elapsed time is 11 seconds 133 milliseconds. in /Users/rkrivov/PycharmProjects/s3_upload/restore.py:80
INFO - 2021-08-01 21:28:50,864 - s3.storage - storage.__init__ - MainThread - Open S3 AWS Session... in /Users/rkrivov/PycharmProjects/s3_upload/s3/storage.py:54
INFO - 2021-08-01 21:28:50,887 - s3.storage - storage.__init__ - MainThread - Initialize S3 AWS client for https://hb.bizmrg.com... in /Users/rkrivov/PycharmProjects/s3_upload/s3/storage.py:71
INFO - 2021-08-01 21:29:12,217 - s3.restore - restore._do_operation - MainThread - Download file Parallels/Windows 10/NVRAM.dat... in /Users/rkrivov/PycharmProjects/s3_upload/s3/restore.py:68
INFO - 2021-08-01 21:29:21,103 - s3.restore - restore._do_operation - MainThread - Download file Parallels/Windows 10/Snapshots.xml... in /Users/rkrivov/PycharmProjects/s3_upload/s3/restore.py:68
INFO - 2021-08-01 21:29:21,213 - s3.restore - restore._do_operation - MainThread - Download file Parallels/Windows 10/Snapshots/{5dc3f720-8618-4927-a0f8-448accf9d599}.dat... in /Users/rkrivov/PycharmProjects/s3_upload/s3/restore.py:68
INFO - 2021-08-01 21:29:21,309 - s3.restore - restore._do_operation - MainThread - Download file Parallels/Windows 10/Snapshots/{5dc3f720-8618-4927-a0f8-448accf9d599}.mem... in /Users/rkrivov/PycharmProjects/s3_upload/s3/restore.py:68
INFO - 2021-08-01 21:31:20,460 - s3.restore - restore._do_operation - MainThread - Download file Parallels/Windows 10/Snapshots/{5dc3f720-8618-4927-a0f8-448accf9d599}.png... in /Users/rkrivov/PycharmProjects/s3_upload/s3/restore.py:68
INFO - 2021-08-01 21:31:20,600 - s3.restore - restore._do_operation - MainThread - Download file Parallels/Windows 10/Snapshots/{5dc3f720-8618-4927-a0f8-448accf9d599}.pvc... in /Users/rkrivov/PycharmProjects/s3_upload/s3/restore.py:68
INFO - 2021-08-01 21:31:20,701 - s3.restore - restore._do_operation - MainThread - Download file Parallels/Windows 10/Snapshots/{5dc3f720-8618-4927-a0f8-448accf9d599}.pvi... in /Users/rkrivov/PycharmProjects/s3_upload/s3/restore.py:68
INFO - 2021-08-01 21:31:20,782 - s3.restore - restore._do_operation - MainThread - Download file Parallels/Windows 10/Snapshots/{5dc3f720-8618-4927-a0f8-448accf9d599}.sav... in /Users/rkrivov/PycharmProjects/s3_upload/s3/restore.py:68
INFO - 2021-08-01 21:31:21,151 - s3.restore - restore._do_operation - MainThread - Download file Parallels/Windows 10/Snapshots/{c0b71c26-94f9-4069-9fe4-01c5b82f428a}.dat... in /Users/rkrivov/PycharmProjects/s3_upload/s3/restore.py:68
INFO - 2021-08-01 21:31:21,278 - s3.restore - restore._do_operation - MainThread - Download file Parallels/Windows 10/Snapshots/{c0b71c26-94f9-4069-9fe4-01c5b82f428a}.mem... in /Users/rkrivov/PycharmProjects/s3_upload/s3/restore.py:68
INFO - 2021-08-01 21:35:06,477 - s3.restore - restore._do_operation - MainThread - Download file Parallels/Windows 10/Snapshots/{c0b71c26-94f9-4069-9fe4-01c5b82f428a}.png... in /Users/rkrivov/PycharmProjects/s3_upload/s3/restore.py:68
INFO - 2021-08-01 21:35:06,660 - s3.restore - restore._do_operation - MainThread - Download file Parallels/Windows 10/Snapshots/{c0b71c26-94f9-4069-9fe4-01c5b82f428a}.pvc... in /Users/rkrivov/PycharmProjects/s3_upload/s3/restore.py:68
INFO - 2021-08-01 21:35:06,742 - s3.restore - restore._do_operation - MainThread - Download file Parallels/Windows 10/Snapshots/{c0b71c26-94f9-4069-9fe4-01c5b82f428a}.pvi... in /Users/rkrivov/PycharmProjects/s3_upload/s3/restore.py:68
INFO - 2021-08-01 21:35:06,819 - s3.restore - restore._do_operation - MainThread - Download file Parallels/Windows 10/Snapshots/{c0b71c26-94f9-4069-9fe4-01c5b82f428a}.sav... in /Users/rkrivov/PycharmProjects/s3_upload/s3/restore.py:68
INFO - 2021-08-01 21:35:07,350 - s3.restore - restore._do_operation - MainThread - Download file Parallels/Windows 10/Snapshots/{edb20c8a-5206-4063-a2cd-80b0fe686021}.dat... in /Users/rkrivov/PycharmProjects/s3_upload/s3/restore.py:68
INFO - 2021-08-01 21:35:07,447 - s3.restore - restore._do_operation - MainThread - Download file Parallels/Windows 10/Snapshots/{edb20c8a-5206-4063-a2cd-80b0fe686021}.pvc... in /Users/rkrivov/PycharmProjects/s3_upload/s3/restore.py:68
INFO - 2021-08-01 21:35:07,549 - s3.restore - restore._do_operation - MainThread - Download file Parallels/Windows 10/Snapshots/{edb20c8a-5206-4063-a2cd-80b0fe686021}.pvi... in /Users/rkrivov/PycharmProjects/s3_upload/s3/restore.py:68
INFO - 2021-08-01 21:35:07,653 - s3.restore - restore._do_operation - MainThread - Download file Parallels/Windows 10/Unattended.iso... in /Users/rkrivov/PycharmProjects/s3_upload/s3/restore.py:68
INFO - 2021-08-01 21:35:07,864 - s3.restore - restore._do_operation - MainThread - Download file Parallels/Windows 10/VmInfo.pvi... in /Users/rkrivov/PycharmProjects/s3_upload/s3/restore.py:68
INFO - 2021-08-01 21:35:08,597 - s3.restore - restore._do_operation - MainThread - Download file Parallels/Windows 10/Windows 10.app/Contents/Info.plist... in /Users/rkrivov/PycharmProjects/s3_upload/s3/restore.py:68
INFO - 2021-08-01 21:35:26,620 - __main__ - restore.main - MainThread - Elapsed time is 6 minutes 35 seconds 759 milliseconds. in /Users/rkrivov/PycharmProjects/s3_upload/restore.py:80
INFO - 2021-08-01 21:37:18,810 - s3.storage - storage.__init__ - MainThread - Open S3 AWS Session... in /Users/rkrivov/PycharmProjects/s3_upload/s3/storage.py:54
INFO - 2021-08-01 21:37:18,833 - s3.storage - storage.__init__ - MainThread - Initialize S3 AWS client for https://hb.bizmrg.com... in /Users/rkrivov/PycharmProjects/s3_upload/s3/storage.py:71
INFO - 2021-08-01 21:37:44,457 - __main__ - restore.main - MainThread - Elapsed time is 25 seconds 651 milliseconds. in /Users/rkrivov/PycharmProjects/s3_upload/restore.py:72
INFO - 2021-08-01 21:37:46,615 - s3.storage - storage.__init__ - MainThread - Open S3 AWS Session... in /Users/rkrivov/PycharmProjects/s3_upload/s3/storage.py:54
INFO - 2021-08-01 21:37:46,650 - s3.storage - storage.__init__ - MainThread - Initialize S3 AWS client for https://hb.bizmrg.com... in /Users/rkrivov/PycharmProjects/s3_upload/s3/storage.py:71
INFO - 2021-08-01 21:37:49,860 - s3.restore - restore._do_operation - MainThread - The file /Users/rkrivov/Parallels/Windows 10.pvm/NVRAM.dat was deleted. in /Users/rkrivov/PycharmProjects/s3_upload/s3/restore.py:48
INFO - 2021-08-01 21:37:49,861 - s3.restore - restore._do_operation - MainThread - The file /Users/rkrivov/Parallels/Windows 10.pvm/Snapshots.xml was deleted. in /Users/rkrivov/PycharmProjects/s3_upload/s3/restore.py:48
INFO - 2021-08-01 21:37:49,861 - s3.restore - restore._do_operation - MainThread - The file /Users/rkrivov/Parallels/Windows 10.pvm/Snapshots/{5dc3f720-8618-4927-a0f8-448accf9d599}.dat was deleted. in /Users/rkrivov/PycharmProjects/s3_upload/s3/restore.py:48
INFO - 2021-08-01 21:37:49,928 - s3.restore - restore._do_operation - MainThread - The file /Users/rkrivov/Parallels/Windows 10.pvm/Snapshots/{5dc3f720-8618-4927-a0f8-448accf9d599}.mem was deleted. in /Users/rkrivov/PycharmProjects/s3_upload/s3/restore.py:48
INFO - 2021-08-01 21:37:49,929 - s3.restore - restore._do_operation - MainThread - The file /Users/rkrivov/Parallels/Windows 10.pvm/Snapshots/{5dc3f720-8618-4927-a0f8-448accf9d599}.png was deleted. in /Users/rkrivov/PycharmProjects/s3_upload/s3/restore.py:48
INFO - 2021-08-01 21:37:49,929 - s3.restore - restore._do_operation - MainThread - The file /Users/rkrivov/Parallels/Windows 10.pvm/Snapshots/{5dc3f720-8618-4927-a0f8-448accf9d599}.pvc was deleted. in /Users/rkrivov/PycharmProjects/s3_upload/s3/restore.py:48
INFO - 2021-08-01 21:37:49,930 - s3.restore - restore._do_operation - MainThread - The file /Users/rkrivov/Parallels/Windows 10.pvm/Snapshots/{5dc3f720-8618-4927-a0f8-448accf9d599}.pvi was deleted. in /Users/rkrivov/PycharmProjects/s3_upload/s3/restore.py:48
INFO - 2021-08-01 21:37:49,931 - s3.restore - restore._do_operation - MainThread - The file /Users/rkrivov/Parallels/Windows 10.pvm/Snapshots/{5dc3f720-8618-4927-a0f8-448accf9d599}.sav was deleted. in /Users/rkrivov/PycharmProjects/s3_upload/s3/restore.py:48
INFO - 2021-08-01 21:37:49,931 - s3.restore - restore._do_operation - MainThread - The file /Users/rkrivov/Parallels/Windows 10.pvm/Snapshots/{c0b71c26-94f9-4069-9fe4-01c5b82f428a}.dat was deleted. in /Users/rkrivov/PycharmProjects/s3_upload/s3/restore.py:48
INFO - 2021-08-01 21:37:50,145 - s3.restore - restore._do_operation - MainThread - The file /Users/rkrivov/Parallels/Windows 10.pvm/Snapshots/{c0b71c26-94f9-4069-9fe4-01c5b82f428a}.mem was deleted. in /Users/rkrivov/PycharmProjects/s3_upload/s3/restore.py:48
INFO - 2021-08-01 21:37:50,145 - s3.restore - restore._do_operation - MainThread - The file /Users/rkrivov/Parallels/Windows 10.pvm/Snapshots/{c0b71c26-94f9-4069-9fe4-01c5b82f428a}.png was deleted. in /Users/rkrivov/PycharmProjects/s3_upload/s3/restore.py:48
INFO - 2021-08-01 21:37:50,146 - s3.restore - restore._do_operation - MainThread - The file /Users/rkrivov/Parallels/Windows 10.pvm/Snapshots/{c0b71c26-94f9-4069-9fe4-01c5b82f428a}.pvc was deleted. in /Users/rkrivov/PycharmProjects/s3_upload/s3/restore.py:48
INFO - 2021-08-01 21:37:50,146 - s3.restore - restore._do_operation - MainThread - The file /Users/rkrivov/Parallels/Windows 10.pvm/Snapshots/{c0b71c26-94f9-4069-9fe4-01c5b82f428a}.pvi was deleted. in /Users/rkrivov/PycharmProjects/s3_upload/s3/restore.py:48
INFO - 2021-08-01 21:37:50,147 - s3.restore - restore._do_operation - MainThread - The file /Users/rkrivov/Parallels/Windows 10.pvm/Snapshots/{c0b71c26-94f9-4069-9fe4-01c5b82f428a}.sav was deleted. in /Users/rkrivov/PycharmProjects/s3_upload/s3/restore.py:48
INFO - 2021-08-01 21:37:50,148 - s3.restore - restore._do_operation - MainThread - The file /Users/rkrivov/Parallels/Windows 10.pvm/Snapshots/{edb20c8a-5206-4063-a2cd-80b0fe686021}.dat was deleted. in /Users/rkrivov/PycharmProjects/s3_upload/s3/restore.py:48
INFO - 2021-08-01 21:37:50,148 - s3.restore - restore._do_operation - MainThread - The file /Users/rkrivov/Parallels/Windows 10.pvm/Snapshots/{edb20c8a-5206-4063-a2cd-80b0fe686021}.pvc was deleted. in /Users/rkrivov/PycharmProjects/s3_upload/s3/restore.py:48
INFO - 2021-08-01 21:37:50,149 - s3.restore - restore._do_operation - MainThread - The file /Users/rkrivov/Parallels/Windows 10.pvm/Snapshots/{edb20c8a-5206-4063-a2cd-80b0fe686021}.pvi was deleted. in /Users/rkrivov/PycharmProjects/s3_upload/s3/restore.py:48
INFO - 2021-08-01 21:37:50,150 - s3.restore - restore._do_operation - MainThread - The file /Users/rkrivov/Parallels/Windows 10.pvm/Unattended.iso was deleted. in /Users/rkrivov/PycharmProjects/s3_upload/s3/restore.py:48
INFO - 2021-08-01 21:37:50,151 - s3.restore - restore._do_operation - MainThread - The file /Users/rkrivov/Parallels/Windows 10.pvm/VmInfo.pvi was deleted. in /Users/rkrivov/PycharmProjects/s3_upload/s3/restore.py:48
INFO - 2021-08-01 21:37:50,152 - s3.restore - restore._do_operation - MainThread - Download file Parallels/Windows 10/NVRAM.dat... in /Users/rkrivov/PycharmProjects/s3_upload/s3/restore.py:72
INFO - 2021-08-01 21:37:50,347 - s3.restore - restore._do_operation - MainThread - Download file Parallels/Windows 10/Snapshots.xml... in /Users/rkrivov/PycharmProjects/s3_upload/s3/restore.py:72
INFO - 2021-08-01 21:37:50,446 - s3.restore - restore._do_operation - MainThread - Download file Parallels/Windows 10/Snapshots/{5dc3f720-8618-4927-a0f8-448accf9d599}.dat... in /Users/rkrivov/PycharmProjects/s3_upload/s3/restore.py:72
INFO - 2021-08-01 21:37:50,544 - s3.restore - restore._do_operation - MainThread - Download file Parallels/Windows 10/Snapshots/{5dc3f720-8618-4927-a0f8-448accf9d599}.mem... in /Users/rkrivov/PycharmProjects/s3_upload/s3/restore.py:72
INFO - 2021-08-01 21:40:22,750 - s3.restore - restore._do_operation - MainThread - Download file Parallels/Windows 10/Snapshots/{5dc3f720-8618-4927-a0f8-448accf9d599}.png... in /Users/rkrivov/PycharmProjects/s3_upload/s3/restore.py:72
INFO - 2021-08-01 21:40:22,872 - s3.restore - restore._do_operation - MainThread - Download file Parallels/Windows 10/Snapshots/{5dc3f720-8618-4927-a0f8-448accf9d599}.pvc... in /Users/rkrivov/PycharmProjects/s3_upload/s3/restore.py:72
INFO - 2021-08-01 21:40:22,977 - s3.restore - restore._do_operation - MainThread - Download file Parallels/Windows 10/Snapshots/{5dc3f720-8618-4927-a0f8-448accf9d599}.pvi... in /Users/rkrivov/PycharmProjects/s3_upload/s3/restore.py:72
INFO - 2021-08-01 21:40:23,253 - s3.restore - restore._do_operation - MainThread - Download file Parallels/Windows 10/Snapshots/{5dc3f720-8618-4927-a0f8-448accf9d599}.sav... in /Users/rkrivov/PycharmProjects/s3_upload/s3/restore.py:72
INFO - 2021-08-01 21:40:23,790 - s3.restore - restore._do_operation - MainThread - Download file Parallels/Windows 10/Snapshots/{c0b71c26-94f9-4069-9fe4-01c5b82f428a}.dat... in /Users/rkrivov/PycharmProjects/s3_upload/s3/restore.py:72
INFO - 2021-08-01 21:40:23,902 - s3.restore - restore._do_operation - MainThread - Download file Parallels/Windows 10/Snapshots/{c0b71c26-94f9-4069-9fe4-01c5b82f428a}.mem... in /Users/rkrivov/PycharmProjects/s3_upload/s3/restore.py:72
INFO - 2021-08-01 21:45:00,936 - s3.restore - restore._do_operation - MainThread - Download file Parallels/Windows 10/Snapshots/{c0b71c26-94f9-4069-9fe4-01c5b82f428a}.png... in /Users/rkrivov/PycharmProjects/s3_upload/s3/restore.py:72
INFO - 2021-08-01 21:45:01,064 - s3.restore - restore._do_operation - MainThread - Download file Parallels/Windows 10/Snapshots/{c0b71c26-94f9-4069-9fe4-01c5b82f428a}.pvc... in /Users/rkrivov/PycharmProjects/s3_upload/s3/restore.py:72
INFO - 2021-08-01 21:45:01,154 - s3.restore - restore._do_operation - MainThread - Download file Parallels/Windows 10/Snapshots/{c0b71c26-94f9-4069-9fe4-01c5b82f428a}.pvi... in /Users/rkrivov/PycharmProjects/s3_upload/s3/restore.py:72
INFO - 2021-08-01 21:45:01,255 - s3.restore - restore._do_operation - MainThread - Download file Parallels/Windows 10/Snapshots/{c0b71c26-94f9-4069-9fe4-01c5b82f428a}.sav... in /Users/rkrivov/PycharmProjects/s3_upload/s3/restore.py:72
INFO - 2021-08-01 21:45:01,976 - s3.restore - restore._do_operation - MainThread - Download file Parallels/Windows 10/Snapshots/{edb20c8a-5206-4063-a2cd-80b0fe686021}.dat... in /Users/rkrivov/PycharmProjects/s3_upload/s3/restore.py:72
INFO - 2021-08-01 21:45:02,053 - s3.restore - restore._do_operation - MainThread - Download file Parallels/Windows 10/Snapshots/{edb20c8a-5206-4063-a2cd-80b0fe686021}.pvc... in /Users/rkrivov/PycharmProjects/s3_upload/s3/restore.py:72
INFO - 2021-08-01 21:45:02,143 - s3.restore - restore._do_operation - MainThread - Download file Parallels/Windows 10/Snapshots/{edb20c8a-5206-4063-a2cd-80b0fe686021}.pvi... in /Users/rkrivov/PycharmProjects/s3_upload/s3/restore.py:72
INFO - 2021-08-01 21:45:02,236 - s3.restore - restore._do_operation - MainThread - Download file Parallels/Windows 10/Unattended.iso... in /Users/rkrivov/PycharmProjects/s3_upload/s3/restore.py:72
INFO - 2021-08-01 21:45:02,493 - s3.restore - restore._do_operation - MainThread - Download file Parallels/Windows 10/VmInfo.pvi... in /Users/rkrivov/PycharmProjects/s3_upload/s3/restore.py:72
INFO - 2021-08-01 21:45:02,589 - s3.restore - restore._do_operation - MainThread - New directory /Users/rkrivov/Parallels/Windows 10.pvm/Windows 10.app/Contents was created. in /Users/rkrivov/PycharmProjects/s3_upload/s3/restore.py:70
INFO - 2021-08-01 21:45:02,590 - s3.restore - restore._do_operation - MainThread - Download file Parallels/Windows 10/Windows 10.app/Contents/Info.plist... in /Users/rkrivov/PycharmProjects/s3_upload/s3/restore.py:72
INFO - 2021-08-01 21:45:02,676 - s3.restore - restore._do_operation - MainThread - New directory /Users/rkrivov/Parallels/Windows 10.pvm/Windows 10.app/Contents/MacOS was created. in /Users/rkrivov/PycharmProjects/s3_upload/s3/restore.py:70
INFO - 2021-08-01 21:45:02,676 - s3.restore - restore._do_operation - MainThread - Download file Parallels/Windows 10/Windows 10.app/Contents/MacOS/WinAppHelper... in /Users/rkrivov/PycharmProjects/s3_upload/s3/restore.py:72
INFO - 2021-08-01 21:45:02,760 - s3.restore - restore._do_operation - MainThread - Download file Parallels/Windows 10/Windows 10.app/Contents/PkgInfo... in /Users/rkrivov/PycharmProjects/s3_upload/s3/restore.py:72
INFO - 2021-08-01 21:45:02,829 - s3.restore - restore._do_operation - MainThread - New directory /Users/rkrivov/Parallels/Windows 10.pvm/Windows 10.app/Contents/Resources was created. in /Users/rkrivov/PycharmProjects/s3_upload/s3/restore.py:70
INFO - 2021-08-01 21:45:02,829 - s3.restore - restore._do_operation - MainThread - Download file Parallels/Windows 10/Windows 10.app/Contents/Resources/AppParams.pva... in /Users/rkrivov/PycharmProjects/s3_upload/s3/restore.py:72
INFO - 2021-08-01 21:45:02,922 - s3.restore - restore._do_operation - MainThread - New directory /Users/rkrivov/Parallels/Windows 10.pvm/Windows 10.app/Contents/Resources/English.lproj was created. in /Users/rkrivov/PycharmProjects/s3_upload/s3/restore.py:70
INFO - 2021-08-01 21:45:02,922 - s3.restore - restore._do_operation - MainThread - Download file Parallels/Windows 10/Windows 10.app/Contents/Resources/English.lproj/InfoPlist.strings... in /Users/rkrivov/PycharmProjects/s3_upload/s3/restore.py:72
INFO - 2021-08-01 21:45:03,197 - s3.restore - restore._do_operation - MainThread - Download file Parallels/Windows 10/Windows 10.app/Contents/Resources/WinAppHelper.icns... in /Users/rkrivov/PycharmProjects/s3_upload/s3/restore.py:72
INFO - 2021-08-01 21:45:03,331 - s3.restore - restore._do_operation - MainThread - Download file Parallels/Windows 10/config.pvs... in /Users/rkrivov/PycharmProjects/s3_upload/s3/restore.py:72
INFO - 2021-08-01 21:45:03,440 - s3.restore - restore._do_operation - MainThread - Download file Parallels/Windows 10/config.pvs.backup... in /Users/rkrivov/PycharmProjects/s3_upload/s3/restore.py:72
INFO - 2021-08-01 21:45:03,528 - s3.restore - restore._do_operation - MainThread - New directory /Users/rkrivov/Parallels/Windows 10.pvm/harddisk.hdd was created. in /Users/rkrivov/PycharmProjects/s3_upload/s3/restore.py:70
INFO - 2021-08-01 21:45:03,528 - s3.restore - restore._do_operation - MainThread - Download file Parallels/Windows 10/harddisk.hdd/DiskDescriptor.xml... in /Users/rkrivov/PycharmProjects/s3_upload/s3/restore.py:72
INFO - 2021-08-01 21:45:03,620 - s3.restore - restore._do_operation - MainThread - Download file Parallels/Windows 10/harddisk.hdd/DiskDescriptor.xml.Backup... in /Users/rkrivov/PycharmProjects/s3_upload/s3/restore.py:72
INFO - 2021-08-01 21:45:03,690 - s3.restore - restore._do_operation - MainThread - Download file Parallels/Windows 10/harddisk.hdd/harddisk.hdd... in /Users/rkrivov/PycharmProjects/s3_upload/s3/restore.py:72
INFO - 2021-08-01 21:45:03,744 - s3.restore - restore._do_operation - MainThread - Download file Parallels/Windows 10/harddisk.hdd/harddisk.hdd.0.{5dc3f720-8618-4927-a0f8-448accf9d599}.hds... in /Users/rkrivov/PycharmProjects/s3_upload/s3/restore.py:72
INFO - 2021-08-01 22:03:03,711 - s3.restore - restore._do_operation - MainThread - Download file Parallels/Windows 10/harddisk.hdd/harddisk.hdd.0.{5fbaabe3-6958-40ff-92a7-860e329aab41}.hds... in /Users/rkrivov/PycharmProjects/s3_upload/s3/restore.py:72
INFO - 2021-08-01 22:10:07,059 - s3.restore - restore._do_operation - MainThread - Download file Parallels/Windows 10/harddisk.hdd/harddisk.hdd.0.{c0b71c26-94f9-4069-9fe4-01c5b82f428a}.hds... in /Users/rkrivov/PycharmProjects/s3_upload/s3/restore.py:72
INFO - 2021-08-01 23:54:25,520 - __main__ - restore.main - MainThread - Elapsed time is 2 hours 16 minutes 38 seconds 910 milliseconds. in /Users/rkrivov/PycharmProjects/s3_upload/restore.py:80
INFO - 2021-08-01 23:55:24,545 - __main__ - parallels.main - MainThread - Elapsed time is 3 milliseconds. in parallels.py:147
INFO - 2021-08-01 23:55:34,683 - __main__ - parallels.main - MainThread - Elapsed time is 438 milliseconds. in parallels.py:147
INFO - 2021-08-01 23:55:39,566 - __main__ - parallels.main - MainThread - Elapsed time is 366 milliseconds. in parallels.py:147
INFO - 2021-08-01 23:55:57,504 - __main__ - parallels.main - MainThread - Elapsed time is 329 milliseconds. in parallels.py:147
INFO - 2021-08-01 23:56:06,505 - s3.storage - storage.__init__ - MainThread - Open S3 AWS Session... in /Users/rkrivov/PycharmProjects/s3_upload/s3/storage.py:54
INFO - 2021-08-01 23:56:06,536 - s3.storage - storage.__init__ - MainThread - Initialize S3 AWS client for https://hb.bizmrg.com... in /Users/rkrivov/PycharmProjects/s3_upload/s3/storage.py:71
INFO - 2021-08-01 23:57:19,533 - __main__ - parallels.main - MainThread - Elapsed time is 10 seconds 409 milliseconds. in /Users/rkrivov/PycharmProjects/s3_upload/parallels.py:147
INFO - 2021-08-01 23:58:38,330 - __main__ - parallels.main - MainThread - Elapsed time is 1 minute 8 seconds 50 milliseconds. in /Users/rkrivov/PycharmProjects/s3_upload/parallels.py:135
INFO - 2021-08-01 23:58:43,469 - __main__ - restore.main - MainThread - Elapsed time is 2 minutes 36 seconds 968 milliseconds. in /Users/rkrivov/PycharmProjects/s3_upload/restore.py:72
INFO - 2021-08-01 23:58:43,526 - __main__ - parallels.main - MainThread - Elapsed time is 3 seconds 154 milliseconds. in /Users/rkrivov/PycharmProjects/s3_upload/parallels.py:147
INFO - 2021-08-01 23:58:45,623 - __main__ - parallels.main - MainThread - Elapsed time is 134 milliseconds. in /Users/rkrivov/PycharmProjects/s3_upload/parallels.py:147
INFO - 2021-08-01 23:59:01,671 - s3.storage - storage.__init__ - MainThread - Open S3 AWS Session... in /Users/rkrivov/PycharmProjects/s3_upload/s3/storage.py:54
INFO - 2021-08-01 23:59:01,708 - s3.storage - storage.__init__ - MainThread - Initialize S3 AWS client for https://hb.bizmrg.com... in /Users/rkrivov/PycharmProjects/s3_upload/s3/storage.py:71
INFO - 2021-08-01 23:59:04,602 - s3.restore - restore._do_operation - MainThread - The file /Users/rkrivov/Parallels/Windows 10.pvm/NVRAM.dat was deleted. in /Users/rkrivov/PycharmProjects/s3_upload/s3/restore.py:48
INFO - 2021-08-01 23:59:04,603 - s3.restore - restore._do_operation - MainThread - The file /Users/rkrivov/Parallels/Windows 10.pvm/Snapshots.xml was deleted. in /Users/rkrivov/PycharmProjects/s3_upload/s3/restore.py:48
INFO - 2021-08-01 23:59:04,604 - s3.restore - restore._do_operation - MainThread - The file /Users/rkrivov/Parallels/Windows 10.pvm/Snapshots/{5dc3f720-8618-4927-a0f8-448accf9d599}.dat was deleted. in /Users/rkrivov/PycharmProjects/s3_upload/s3/restore.py:48
INFO - 2021-08-01 23:59:04,606 - s3.restore - restore._do_operation - MainThread - The file /Users/rkrivov/Parallels/Windows 10.pvm/Snapshots/{5dc3f720-8618-4927-a0f8-448accf9d599}.mem was deleted. in /Users/rkrivov/PycharmProjects/s3_upload/s3/restore.py:48
INFO - 2021-08-01 23:59:04,607 - s3.restore - restore._do_operation - MainThread - The file /Users/rkrivov/Parallels/Windows 10.pvm/Snapshots/{5dc3f720-8618-4927-a0f8-448accf9d599}.png was deleted. in /Users/rkrivov/PycharmProjects/s3_upload/s3/restore.py:48
INFO - 2021-08-01 23:59:04,608 - s3.restore - restore._do_operation - MainThread - The file /Users/rkrivov/Parallels/Windows 10.pvm/Snapshots/{5dc3f720-8618-4927-a0f8-448accf9d599}.pvc was deleted. in /Users/rkrivov/PycharmProjects/s3_upload/s3/restore.py:48
INFO - 2021-08-01 23:59:04,608 - s3.restore - restore._do_operation - MainThread - The file /Users/rkrivov/Parallels/Windows 10.pvm/Snapshots/{5dc3f720-8618-4927-a0f8-448accf9d599}.pvi was deleted. in /Users/rkrivov/PycharmProjects/s3_upload/s3/restore.py:48
INFO - 2021-08-01 23:59:04,609 - s3.restore - restore._do_operation - MainThread - The file /Users/rkrivov/Parallels/Windows 10.pvm/Snapshots/{5dc3f720-8618-4927-a0f8-448accf9d599}.sav was deleted. in /Users/rkrivov/PycharmProjects/s3_upload/s3/restore.py:48
INFO - 2021-08-01 23:59:04,609 - s3.restore - restore._do_operation - MainThread - The file /Users/rkrivov/Parallels/Windows 10.pvm/Snapshots/{c0b71c26-94f9-4069-9fe4-01c5b82f428a}.dat was deleted. in /Users/rkrivov/PycharmProjects/s3_upload/s3/restore.py:48
INFO - 2021-08-01 23:59:04,615 - s3.restore - restore._do_operation - MainThread - The file /Users/rkrivov/Parallels/Windows 10.pvm/Snapshots/{c0b71c26-94f9-4069-9fe4-01c5b82f428a}.mem was deleted. in /Users/rkrivov/PycharmProjects/s3_upload/s3/restore.py:48
INFO - 2021-08-01 23:59:04,616 - s3.restore - restore._do_operation - MainThread - The file /Users/rkrivov/Parallels/Windows 10.pvm/Snapshots/{c0b71c26-94f9-4069-9fe4-01c5b82f428a}.png was deleted. in /Users/rkrivov/PycharmProjects/s3_upload/s3/restore.py:48
INFO - 2021-08-01 23:59:04,617 - s3.restore - restore._do_operation - MainThread - The file /Users/rkrivov/Parallels/Windows 10.pvm/Snapshots/{c0b71c26-94f9-4069-9fe4-01c5b82f428a}.pvc was deleted. in /Users/rkrivov/PycharmProjects/s3_upload/s3/restore.py:48
INFO - 2021-08-01 23:59:04,617 - s3.restore - restore._do_operation - MainThread - The file /Users/rkrivov/Parallels/Windows 10.pvm/Snapshots/{c0b71c26-94f9-4069-9fe4-01c5b82f428a}.pvi was deleted. in /Users/rkrivov/PycharmProjects/s3_upload/s3/restore.py:48
INFO - 2021-08-01 23:59:04,617 - s3.restore - restore._do_operation - MainThread - The file /Users/rkrivov/Parallels/Windows 10.pvm/Snapshots/{c0b71c26-94f9-4069-9fe4-01c5b82f428a}.sav was deleted. in /Users/rkrivov/PycharmProjects/s3_upload/s3/restore.py:48
INFO - 2021-08-01 23:59:04,618 - s3.restore - restore._do_operation - MainThread - The file /Users/rkrivov/Parallels/Windows 10.pvm/Snapshots/{edb20c8a-5206-4063-a2cd-80b0fe686021}.dat was deleted. in /Users/rkrivov/PycharmProjects/s3_upload/s3/restore.py:48
INFO - 2021-08-01 23:59:04,618 - s3.restore - restore._do_operation - MainThread - The file /Users/rkrivov/Parallels/Windows 10.pvm/Snapshots/{edb20c8a-5206-4063-a2cd-80b0fe686021}.pvc was deleted. in /Users/rkrivov/PycharmProjects/s3_upload/s3/restore.py:48
INFO - 2021-08-01 23:59:04,619 - s3.restore - restore._do_operation - MainThread - The file /Users/rkrivov/Parallels/Windows 10.pvm/Snapshots/{edb20c8a-5206-4063-a2cd-80b0fe686021}.pvi was deleted. in /Users/rkrivov/PycharmProjects/s3_upload/s3/restore.py:48
INFO - 2021-08-01 23:59:04,619 - s3.restore - restore._do_operation - MainThread - The file /Users/rkrivov/Parallels/Windows 10.pvm/Unattended.iso was deleted. in /Users/rkrivov/PycharmProjects/s3_upload/s3/restore.py:48
INFO - 2021-08-01 23:59:04,620 - s3.restore - restore._do_operation - MainThread - The file /Users/rkrivov/Parallels/Windows 10.pvm/VmInfo.pvi was deleted. in /Users/rkrivov/PycharmProjects/s3_upload/s3/restore.py:48
INFO - 2021-08-01 23:59:04,621 - s3.restore - restore._do_operation - MainThread - The file /Users/rkrivov/Parallels/Windows 10.pvm/Windows 10.app/Contents/Info.plist was deleted. in /Users/rkrivov/PycharmProjects/s3_upload/s3/restore.py:48
INFO - 2021-08-01 23:59:04,621 - s3.restore - restore._do_operation - MainThread - The file /Users/rkrivov/Parallels/Windows 10.pvm/Windows 10.app/Contents/MacOS/WinAppHelper was deleted. in /Users/rkrivov/PycharmProjects/s3_upload/s3/restore.py:48
INFO - 2021-08-01 23:59:04,621 - s3.restore - restore._do_operation - MainThread - The file /Users/rkrivov/Parallels/Windows 10.pvm/Windows 10.app/Contents/PkgInfo was deleted. in /Users/rkrivov/PycharmProjects/s3_upload/s3/restore.py:48
INFO - 2021-08-01 23:59:04,622 - s3.restore - restore._do_operation - MainThread - The file /Users/rkrivov/Parallels/Windows 10.pvm/Windows 10.app/Contents/Resources/AppParams.pva was deleted. in /Users/rkrivov/PycharmProjects/s3_upload/s3/restore.py:48
INFO - 2021-08-01 23:59:04,622 - s3.restore - restore._do_operation - MainThread - The file /Users/rkrivov/Parallels/Windows 10.pvm/Windows 10.app/Contents/Resources/English.lproj/InfoPlist.strings was deleted. in /Users/rkrivov/PycharmProjects/s3_upload/s3/restore.py:48
INFO - 2021-08-01 23:59:04,622 - s3.restore - restore._do_operation - MainThread - The file /Users/rkrivov/Parallels/Windows 10.pvm/Windows 10.app/Contents/Resources/WinAppHelper.icns was deleted. in /Users/rkrivov/PycharmProjects/s3_upload/s3/restore.py:48
INFO - 2021-08-01 23:59:04,623 - s3.restore - restore._do_operation - MainThread - The file /Users/rkrivov/Parallels/Windows 10.pvm/config.pvs was deleted. in /Users/rkrivov/PycharmProjects/s3_upload/s3/restore.py:48
INFO - 2021-08-01 23:59:04,623 - s3.restore - restore._do_operation - MainThread - The file /Users/rkrivov/Parallels/Windows 10.pvm/config.pvs.backup was deleted. in /Users/rkrivov/PycharmProjects/s3_upload/s3/restore.py:48
INFO - 2021-08-01 23:59:04,624 - s3.restore - restore._do_operation - MainThread - The file /Users/rkrivov/Parallels/Windows 10.pvm/harddisk.hdd/DiskDescriptor.xml was deleted. in /Users/rkrivov/PycharmProjects/s3_upload/s3/restore.py:48
INFO - 2021-08-01 23:59:04,624 - s3.restore - restore._do_operation - MainThread - The file /Users/rkrivov/Parallels/Windows 10.pvm/harddisk.hdd/DiskDescriptor.xml.Backup was deleted. in /Users/rkrivov/PycharmProjects/s3_upload/s3/restore.py:48
INFO - 2021-08-01 23:59:04,625 - s3.restore - restore._do_operation - MainThread - The file /Users/rkrivov/Parallels/Windows 10.pvm/harddisk.hdd/harddisk.hdd was deleted. in /Users/rkrivov/PycharmProjects/s3_upload/s3/restore.py:48
INFO - 2021-08-01 23:59:04,643 - s3.restore - restore._do_operation - MainThread - The file /Users/rkrivov/Parallels/Windows 10.pvm/harddisk.hdd/harddisk.hdd.0.{5dc3f720-8618-4927-a0f8-448accf9d599}.hds was deleted. in /Users/rkrivov/PycharmProjects/s3_upload/s3/restore.py:48
INFO - 2021-08-01 23:59:04,655 - s3.restore - restore._do_operation - MainThread - The file /Users/rkrivov/Parallels/Windows 10.pvm/harddisk.hdd/harddisk.hdd.0.{5fbaabe3-6958-40ff-92a7-860e329aab41}.hds was deleted. in /Users/rkrivov/PycharmProjects/s3_upload/s3/restore.py:48
INFO - 2021-08-01 23:59:04,656 - s3.restore - restore._do_operation - MainThread - Download file Parallels/Windows 10/NVRAM.dat... in /Users/rkrivov/PycharmProjects/s3_upload/s3/restore.py:72
INFO - 2021-08-01 23:59:04,771 - s3.restore - restore._do_operation - MainThread - Download file Parallels/Windows 10/Snapshots.xml... in /Users/rkrivov/PycharmProjects/s3_upload/s3/restore.py:72
INFO - 2021-08-01 23:59:04,874 - s3.restore - restore._do_operation - MainThread - Download file Parallels/Windows 10/Snapshots/{5dc3f720-8618-4927-a0f8-448accf9d599}.dat... in /Users/rkrivov/PycharmProjects/s3_upload/s3/restore.py:72
INFO - 2021-08-01 23:59:04,962 - s3.restore - restore._do_operation - MainThread - Download file Parallels/Windows 10/Snapshots/{5dc3f720-8618-4927-a0f8-448accf9d599}.mem... in /Users/rkrivov/PycharmProjects/s3_upload/s3/restore.py:72
INFO - 2021-08-02 00:00:49,042 - s3.restore - restore._do_operation - MainThread - Download file Parallels/Windows 10/Snapshots/{5dc3f720-8618-4927-a0f8-448accf9d599}.png... in /Users/rkrivov/PycharmProjects/s3_upload/s3/restore.py:72
INFO - 2021-08-02 00:00:49,174 - s3.restore - restore._do_operation - MainThread - Download file Parallels/Windows 10/Snapshots/{5dc3f720-8618-4927-a0f8-448accf9d599}.pvc... in /Users/rkrivov/PycharmProjects/s3_upload/s3/restore.py:72
INFO - 2021-08-02 00:00:49,271 - s3.restore - restore._do_operation - MainThread - Download file Parallels/Windows 10/Snapshots/{5dc3f720-8618-4927-a0f8-448accf9d599}.pvi... in /Users/rkrivov/PycharmProjects/s3_upload/s3/restore.py:72
INFO - 2021-08-02 00:00:49,378 - s3.restore - restore._do_operation - MainThread - Download file Parallels/Windows 10/Snapshots/{5dc3f720-8618-4927-a0f8-448accf9d599}.sav... in /Users/rkrivov/PycharmProjects/s3_upload/s3/restore.py:72
INFO - 2021-08-02 00:00:49,725 - s3.restore - restore._do_operation - MainThread - Download file Parallels/Windows 10/Snapshots/{c0b71c26-94f9-4069-9fe4-01c5b82f428a}.dat... in /Users/rkrivov/PycharmProjects/s3_upload/s3/restore.py:72
INFO - 2021-08-02 00:00:49,826 - s3.restore - restore._do_operation - MainThread - Download file Parallels/Windows 10/Snapshots/{c0b71c26-94f9-4069-9fe4-01c5b82f428a}.mem... in /Users/rkrivov/PycharmProjects/s3_upload/s3/restore.py:72
INFO - 2021-08-02 00:04:05,177 - s3.restore - restore._do_operation - MainThread - Download file Parallels/Windows 10/Snapshots/{c0b71c26-94f9-4069-9fe4-01c5b82f428a}.png... in /Users/rkrivov/PycharmProjects/s3_upload/s3/restore.py:72
INFO - 2021-08-02 00:04:05,309 - s3.restore - restore._do_operation - MainThread - Download file Parallels/Windows 10/Snapshots/{c0b71c26-94f9-4069-9fe4-01c5b82f428a}.pvc... in /Users/rkrivov/PycharmProjects/s3_upload/s3/restore.py:72
INFO - 2021-08-02 00:04:05,421 - s3.restore - restore._do_operation - MainThread - Download file Parallels/Windows 10/Snapshots/{c0b71c26-94f9-4069-9fe4-01c5b82f428a}.pvi... in /Users/rkrivov/PycharmProjects/s3_upload/s3/restore.py:72
INFO - 2021-08-02 00:04:05,559 - s3.restore - restore._do_operation - MainThread - Download file Parallels/Windows 10/Snapshots/{c0b71c26-94f9-4069-9fe4-01c5b82f428a}.sav... in /Users/rkrivov/PycharmProjects/s3_upload/s3/restore.py:72
INFO - 2021-08-02 00:04:05,936 - s3.restore - restore._do_operation - MainThread - Download file Parallels/Windows 10/Snapshots/{edb20c8a-5206-4063-a2cd-80b0fe686021}.dat... in /Users/rkrivov/PycharmProjects/s3_upload/s3/restore.py:72
INFO - 2021-08-02 00:04:06,277 - s3.restore - restore._do_operation - MainThread - Download file Parallels/Windows 10/Snapshots/{edb20c8a-5206-4063-a2cd-80b0fe686021}.pvc... in /Users/rkrivov/PycharmProjects/s3_upload/s3/restore.py:72
INFO - 2021-08-02 00:04:06,409 - s3.restore - restore._do_operation - MainThread - Download file Parallels/Windows 10/Snapshots/{edb20c8a-5206-4063-a2cd-80b0fe686021}.pvi... in /Users/rkrivov/PycharmProjects/s3_upload/s3/restore.py:72
INFO - 2021-08-02 00:04:06,512 - s3.restore - restore._do_operation - MainThread - Download file Parallels/Windows 10/Unattended.iso... in /Users/rkrivov/PycharmProjects/s3_upload/s3/restore.py:72
INFO - 2021-08-02 00:04:06,792 - s3.restore - restore._do_operation - MainThread - Download file Parallels/Windows 10/VmInfo.pvi... in /Users/rkrivov/PycharmProjects/s3_upload/s3/restore.py:72
INFO - 2021-08-02 00:04:06,927 - s3.restore - restore._do_operation - MainThread - Download file Parallels/Windows 10/Windows 10.app/Contents/Info.plist... in /Users/rkrivov/PycharmProjects/s3_upload/s3/restore.py:72
INFO - 2021-08-02 00:04:07,045 - s3.restore - restore._do_operation - MainThread - Download file Parallels/Windows 10/Windows 10.app/Contents/MacOS/WinAppHelper... in /Users/rkrivov/PycharmProjects/s3_upload/s3/restore.py:72
INFO - 2021-08-02 00:04:07,131 - s3.restore - restore._do_operation - MainThread - Download file Parallels/Windows 10/Windows 10.app/Contents/PkgInfo... in /Users/rkrivov/PycharmProjects/s3_upload/s3/restore.py:72
INFO - 2021-08-02 00:04:07,193 - s3.restore - restore._do_operation - MainThread - Download file Parallels/Windows 10/Windows 10.app/Contents/Resources/AppParams.pva... in /Users/rkrivov/PycharmProjects/s3_upload/s3/restore.py:72
INFO - 2021-08-02 00:04:07,284 - s3.restore - restore._do_operation - MainThread - Download file Parallels/Windows 10/Windows 10.app/Contents/Resources/English.lproj/InfoPlist.strings... in /Users/rkrivov/PycharmProjects/s3_upload/s3/restore.py:72
INFO - 2021-08-02 00:04:07,420 - s3.restore - restore._do_operation - MainThread - Download file Parallels/Windows 10/Windows 10.app/Contents/Resources/WinAppHelper.icns... in /Users/rkrivov/PycharmProjects/s3_upload/s3/restore.py:72
INFO - 2021-08-02 00:04:07,576 - s3.restore - restore._do_operation - MainThread - Download file Parallels/Windows 10/config.pvs... in /Users/rkrivov/PycharmProjects/s3_upload/s3/restore.py:72
INFO - 2021-08-02 00:04:07,694 - s3.restore - restore._do_operation - MainThread - Download file Parallels/Windows 10/config.pvs.backup... in /Users/rkrivov/PycharmProjects/s3_upload/s3/restore.py:72
INFO - 2021-08-02 00:04:07,779 - s3.restore - restore._do_operation - MainThread - Download file Parallels/Windows 10/harddisk.hdd/DiskDescriptor.xml... in /Users/rkrivov/PycharmProjects/s3_upload/s3/restore.py:72
INFO - 2021-08-02 00:04:07,899 - s3.restore - restore._do_operation - MainThread - Download file Parallels/Windows 10/harddisk.hdd/DiskDescriptor.xml.Backup... in /Users/rkrivov/PycharmProjects/s3_upload/s3/restore.py:72
INFO - 2021-08-02 00:04:08,005 - s3.restore - restore._do_operation - MainThread - Download file Parallels/Windows 10/harddisk.hdd/harddisk.hdd... in /Users/rkrivov/PycharmProjects/s3_upload/s3/restore.py:72
INFO - 2021-08-02 00:04:08,080 - s3.restore - restore._do_operation - MainThread - Download file Parallels/Windows 10/harddisk.hdd/harddisk.hdd.0.{5dc3f720-8618-4927-a0f8-448accf9d599}.hds... in /Users/rkrivov/PycharmProjects/s3_upload/s3/restore.py:72
INFO - 2021-08-02 00:15:38,033 - s3.restore - restore._do_operation - MainThread - Download file Parallels/Windows 10/harddisk.hdd/harddisk.hdd.0.{5fbaabe3-6958-40ff-92a7-860e329aab41}.hds... in /Users/rkrivov/PycharmProjects/s3_upload/s3/restore.py:72
INFO - 2021-08-02 00:20:23,995 - s3.restore - restore._do_operation - MainThread - Download file Parallels/Windows 10/harddisk.hdd/harddisk.hdd.0.{c0b71c26-94f9-4069-9fe4-01c5b82f428a}.hds... in /Users/rkrivov/PycharmProjects/s3_upload/s3/restore.py:72
INFO - 2021-08-02 06:57:16,405 - s3.restore - restore._do_operation - MainThread - Download file Parallels/Windows 10/harddisk.hdd/harddisk.hdd.0.{edb20c8a-5206-4063-a2cd-80b0fe686021}.hds... in /Users/rkrivov/PycharmProjects/s3_upload/s3/restore.py:72
INFO - 2021-08-02 07:21:44,987 - s3.restore - restore._do_operation - MainThread - Download file Parallels/Windows 10/harddisk.hdd/harddisk.hdd.drh... in /Users/rkrivov/PycharmProjects/s3_upload/s3/restore.py:72
INFO - 2021-08-02 07:21:45,082 - s3.restore - restore._do_operation - MainThread - Download file Parallels/Windows 10/harddisk.hdd/harddisk.hdd.{5dc3f720-8618-4927-a0f8-448accf9d599}.cache... in /Users/rkrivov/PycharmProjects/s3_upload/s3/restore.py:72
INFO - 2021-08-02 07:21:46,208 - s3.restore - restore._do_operation - MainThread - Download file Parallels/Windows 10/harddisk.hdd/harddisk.hdd.{5fbaabe3-6958-40ff-92a7-860e329aab41}.cache... in /Users/rkrivov/PycharmProjects/s3_upload/s3/restore.py:72
INFO - 2021-08-02 07:21:47,405 - s3.restore - restore._do_operation - MainThread - Download file Parallels/Windows 10/harddisk.hdd/harddisk.hdd.{edb20c8a-5206-4063-a2cd-80b0fe686021}.cache... in /Users/rkrivov/PycharmProjects/s3_upload/s3/restore.py:72
INFO - 2021-08-02 07:21:48,649 - s3.restore - restore._do_operation - MainThread - Download file Parallels/Windows 10/parallels-tools.log... in /Users/rkrivov/PycharmProjects/s3_upload/s3/restore.py:72
INFO - 2021-08-02 07:21:49,476 - s3.restore - restore._do_operation - MainThread - Download file Parallels/Windows 10/parallels.log... in /Users/rkrivov/PycharmProjects/s3_upload/s3/restore.py:72
INFO - 2021-08-02 07:21:50,652 - s3.restore - restore._do_operation - MainThread - Download file Parallels/Windows 10/parallels.log.1.gz... in /Users/rkrivov/PycharmProjects/s3_upload/s3/restore.py:72
INFO - 2021-08-02 07:21:51,054 - s3.restore - restore._do_operation - MainThread - Download file Parallels/Windows 10/statistic.log... in /Users/rkrivov/PycharmProjects/s3_upload/s3/restore.py:72
INFO - 2021-08-02 07:21:51,629 - __main__ - restore.main - MainThread - Elapsed time is 7 hours 22 minutes 49 seconds 963 milliseconds. in /Users/rkrivov/PycharmProjects/s3_upload/restore.py:80
INFO - 2021-08-02 09:44:50,388 - __main__ - parallels.main - MainThread - Elapsed time is 9 seconds 599 milliseconds. in /Users/rkrivov/PycharmProjects/s3_upload/parallels.py:147
INFO - 2021-08-02 09:45:51,425 - __main__ - parallels.main - MainThread - Elapsed time is 28 seconds 960 milliseconds. in /Users/rkrivov/PycharmProjects/s3_upload/parallels.py:135
INFO - 2021-08-02 09:46:32,861 - __main__ - parallels.main - MainThread - Elapsed time is 35 seconds 363 milliseconds. in /Users/rkrivov/PycharmProjects/s3_upload/parallels.py:135
INFO - 2021-08-02 09:46:43,855 - __main__ - parallels.main - MainThread - Elapsed time is 8 seconds 292 milliseconds. in /Users/rkrivov/PycharmProjects/s3_upload/parallels.py:147
INFO - 2021-08-02 09:47:45,582 - s3.parallels - parallels.set_status - MainThread - Set status SUSPEND to VM Windows 10 in /Users/rkrivov/PycharmProjects/s3_upload/s3/parallels.py:346
INFO - 2021-08-02 09:49:16,067 - s3.parallels - parallels._do_run - MainThread - Uptime Virtual Machine Windows 10 is 20:31. in /Users/rkrivov/PycharmProjects/s3_upload/s3/parallels.py:800
INFO - 2021-08-02 09:49:25,079 - __main__ - parallels.main - MainThread - Elapsed time is 2 minutes 22 seconds 331 milliseconds. in /Users/rkrivov/PycharmProjects/s3_upload/parallels.py:147
INFO - 2021-08-02 09:50:20,895 - s3.parallels - parallels.set_status - MainThread - Set status SUSPEND to VM Windows 10 in /Users/rkrivov/PycharmProjects/s3_upload/s3/parallels.py:346
INFO - 2021-08-02 09:50:24,587 - s3.parallels - parallels._do_run - MainThread - Uptime Virtual Machine Windows 10 is 20:56. in /Users/rkrivov/PycharmProjects/s3_upload/s3/parallels.py:802
INFO - 2021-08-02 09:50:24,587 - s3.parallels - parallels._do_run - MainThread - Found VM Windows 10 (VM) (vm_id=dabfc2f1-772e-4647-84a6-e44af284bf79). in /Users/rkrivov/PycharmProjects/s3_upload/s3/parallels.py:812
INFO - 2021-08-02 09:50:24,587 - s3.parallels - parallels._do_run - MainThread - Home path: /Users/rkrivov/Parallels/Windows 10.pvm/ in /Users/rkrivov/PycharmProjects/s3_upload/s3/parallels.py:813
INFO - 2021-08-02 09:50:43,772 - s3.storage - storage.__init__ - MainThread - Open S3 AWS Session... in /Users/rkrivov/PycharmProjects/s3_upload/s3/storage.py:54
INFO - 2021-08-02 09:50:43,825 - s3.storage - storage.__init__ - MainThread - Initialize S3 AWS client for https://hb.bizmrg.com... in /Users/rkrivov/PycharmProjects/s3_upload/s3/storage.py:71
INFO - 2021-08-02 09:52:14,891 - s3.base - base._copy_object - MainThread - Copy objects from Parallels/Windows 10 to Archives/2021/214/095208 Windows 10 in /Users/rkrivov/PycharmProjects/s3_upload/s3/base.py:299
INFO - 2021-08-02 09:52:16,155 - s3.base - base._copy_object - MainThread - Copied 42 object(s). in /Users/rkrivov/PycharmProjects/s3_upload/s3/base.py:326
INFO - 2021-08-02 09:52:28,716 - s3.storage - storage.delete_objects - MainThread - Parallels/Windows 10/VmInfo.pvi was deleted. in /Users/rkrivov/PycharmProjects/s3_upload/s3/storage.py:321
INFO - 2021-08-02 09:52:28,717 - s3.storage - storage.delete_objects - MainThread - Parallels/Windows 10/parallels.log was deleted. in /Users/rkrivov/PycharmProjects/s3_upload/s3/storage.py:321
INFO - 2021-08-02 09:52:28,717 - s3.storage - storage.delete_objects - MainThread - Parallels/Windows 10/statistic.log was deleted. in /Users/rkrivov/PycharmProjects/s3_upload/s3/storage.py:321
INFO - 2021-08-02 09:52:28,717 - s3.storage - storage.delete_objects - MainThread - Parallels/Windows 10/config.pvs.backup was deleted. in /Users/rkrivov/PycharmProjects/s3_upload/s3/storage.py:321
INFO - 2021-08-02 09:52:28,718 - s3.storage - storage.delete_objects - MainThread - Parallels/Windows 10/config.pvs was deleted. in /Users/rkrivov/PycharmProjects/s3_upload/s3/storage.py:321
INFO - 2021-08-02 09:52:28,718 - s3.storage - storage.delete_objects - MainThread - Parallels/Windows 10/harddisk.hdd/harddisk.hdd.0.{5fbaabe3-6958-40ff-92a7-860e329aab41}.hds was deleted. in /Users/rkrivov/PycharmProjects/s3_upload/s3/storage.py:321
INFO - 2021-08-02 09:52:46,379 - s3.parallels - parallels._do_file_operation - MainThread - Upload file Parallels/Windows 10/VmInfo.pvi... in /Users/rkrivov/PycharmProjects/s3_upload/s3/parallels.py:883
INFO - 2021-08-02 09:52:49,116 - s3.parallels - parallels._do_file_operation - MainThread - Upload file Parallels/Windows 10/config.pvs... in /Users/rkrivov/PycharmProjects/s3_upload/s3/parallels.py:883
INFO - 2021-08-02 09:52:49,214 - s3.parallels - parallels._do_file_operation - MainThread - Upload file Parallels/Windows 10/statistic.log... in /Users/rkrivov/PycharmProjects/s3_upload/s3/parallels.py:883
INFO - 2021-08-02 09:52:49,644 - s3.parallels - parallels._do_file_operation - MainThread - Upload file Parallels/Windows 10/config.pvs.backup... in /Users/rkrivov/PycharmProjects/s3_upload/s3/parallels.py:883
INFO - 2021-08-02 09:52:49,757 - s3.parallels - parallels._do_file_operation - MainThread - Upload file Parallels/Windows 10/parallels.log... in /Users/rkrivov/PycharmProjects/s3_upload/s3/parallels.py:883
INFO - 2021-08-02 09:52:50,623 - s3.parallels - parallels._do_file_operation - MainThread - Upload file Parallels/Windows 10/harddisk.hdd/harddisk.hdd.0.{5fbaabe3-6958-40ff-92a7-860e329aab41}.hds... in /Users/rkrivov/PycharmProjects/s3_upload/s3/parallels.py:883
INFO - 2021-08-02 10:12:10,594 - __main__ - parallels.main - MainThread - Elapsed time is 22 minutes 464 milliseconds. in /Users/rkrivov/PycharmProjects/s3_upload/parallels.py:147
INFO - 2021-08-02 10:54:46,413 - s3.parallels - parallels.set_status - MainThread - Set status SUSPEND to VM Windows 10 in /Users/rkrivov/PycharmProjects/s3_upload/s3/parallels.py:356
INFO - 2021-08-02 10:55:29,863 - s3.storage - storage.__init__ - MainThread - Open S3 AWS Session... in /Users/rkrivov/PycharmProjects/s3_upload/s3/storage.py:54
INFO - 2021-08-02 10:55:29,886 - s3.storage - storage.__init__ - MainThread - Initialize S3 AWS client for https://hb.bizmrg.com... in /Users/rkrivov/PycharmProjects/s3_upload/s3/storage.py:71
INFO - 2021-08-02 10:55:50,484 - s3.parallels - parallels._do_run - MainThread - Uptime Virtual Machine Windows 10 is 59:48. in /Users/rkrivov/PycharmProjects/s3_upload/s3/parallels.py:816
INFO - 2021-08-02 10:55:55,991 - s3.parallels - parallels._do_run - MainThread - Found VM Windows 10 (VM) (vm_id=dabfc2f1-772e-4647-84a6-e44af284bf79). in /Users/rkrivov/PycharmProjects/s3_upload/s3/parallels.py:826
INFO - 2021-08-02 10:55:56,460 - s3.parallels - parallels._do_run - MainThread - Home path: /Users/rkrivov/Parallels/Windows 10.pvm/ in /Users/rkrivov/PycharmProjects/s3_upload/s3/parallels.py:827
INFO - 2021-08-02 10:56:06,303 - __main__ - parallels.main - MainThread - Elapsed time is 1 minute 40 seconds 41 milliseconds. in /Users/rkrivov/PycharmProjects/s3_upload/parallels.py:135
INFO - 2021-08-02 10:56:08,017 - s3.parallels - parallels._do_run - MainThread - Uptime Virtual Machine Windows 10 is 59:48. in /Users/rkrivov/PycharmProjects/s3_upload/s3/parallels.py:816
INFO - 2021-08-02 10:56:08,018 - s3.parallels - parallels._do_run - MainThread - Found VM Windows 10 (VM) (vm_id={dabfc2f1-772e-4647-84a6-e44af284bf79}). in /Users/rkrivov/PycharmProjects/s3_upload/s3/parallels.py:826
INFO - 2021-08-02 10:56:08,018 - s3.parallels - parallels._do_run - MainThread - Home path: /Users/rkrivov/Parallels/Windows 10.pvm/ in /Users/rkrivov/PycharmProjects/s3_upload/s3/parallels.py:827
INFO - 2021-08-02 10:56:08,436 - __main__ - parallels.main - MainThread - Elapsed time is 806 milliseconds. in /Users/rkrivov/PycharmProjects/s3_upload/parallels.py:147
INFO - 2021-08-02 10:57:39,758 - s3.parallels - parallels._do_run - MainThread - Uptime Virtual Machine Windows 10 is 59:48. in /Users/rkrivov/PycharmProjects/s3_upload/s3/parallels.py:815
INFO - 2021-08-02 10:57:43,796 - s3.parallels - parallels._do_run - MainThread - Found VM Windows 10 (VM) (vm_id={dabfc2f1-772e-4647-84a6-e44af284bf79}). in /Users/rkrivov/PycharmProjects/s3_upload/s3/parallels.py:825
INFO - 2021-08-02 10:57:44,617 - s3.parallels - parallels._do_run - MainThread - Home path: /Users/rkrivov/Parallels/Windows 10.pvm/ in /Users/rkrivov/PycharmProjects/s3_upload/s3/parallels.py:826
INFO - 2021-08-02 10:59:22,238 - __main__ - parallels.main - MainThread - Elapsed time is 2 minutes 54 seconds 101 milliseconds. in /Users/rkrivov/PycharmProjects/s3_upload/parallels.py:135
INFO - 2021-08-02 11:01:05,656 - s3.parallels - parallels.set_status - MainThread - Set status SUSPEND to VM Windows 10 in /Users/rkrivov/PycharmProjects/s3_upload/s3/parallels.py:356
INFO - 2021-08-02 11:01:08,624 - s3.parallels - parallels._do_run - MainThread - Uptime Virtual Machine Windows 10 is 59:48. in /Users/rkrivov/PycharmProjects/s3_upload/s3/parallels.py:817
INFO - 2021-08-02 11:01:08,624 - s3.parallels - parallels._do_run - MainThread - Found VM Windows 10 (VM) (vm_id={dabfc2f1-772e-4647-84a6-e44af284bf79}). in /Users/rkrivov/PycharmProjects/s3_upload/s3/parallels.py:827
INFO - 2021-08-02 11:01:08,624 - s3.parallels - parallels._do_run - MainThread - Home path: /Users/rkrivov/Parallels/Windows 10.pvm/ in /Users/rkrivov/PycharmProjects/s3_upload/s3/parallels.py:828
INFO - 2021-08-02 11:03:04,708 - s3.parallels - parallels.set_status - MainThread - Set status RESUME to VM Windows 10 in /Users/rkrivov/PycharmProjects/s3_upload/s3/parallels.py:356
INFO - 2021-08-02 11:03:21,569 - __main__ - parallels.main - MainThread - Elapsed time is 2 minutes 26 seconds 608 milliseconds. in /Users/rkrivov/PycharmProjects/s3_upload/parallels.py:147
INFO - 2021-08-02 14:09:11,920 - __main__ - parallels.main - MainThread - Elapsed time is 3 seconds 723 milliseconds. in /Users/rkrivov/PycharmProjects/s3_upload/parallels.py:110
INFO - 2021-08-02 14:19:03,533 - __main__ - parallels.main - MainThread - Elapsed time is 6 seconds 254 milliseconds. in /Users/rkrivov/PycharmProjects/s3_upload/parallels.py:110
INFO - 2021-08-02 14:19:39,122 - __main__ - parallels.main - MainThread - Elapsed time is 22 seconds 267 milliseconds. in /Users/rkrivov/PycharmProjects/s3_upload/parallels.py:110
INFO - 2021-08-02 14:20:47,430 - __main__ - parallels.main - MainThread - Elapsed time is 3 seconds 518 milliseconds. in /Users/rkrivov/PycharmProjects/s3_upload/parallels.py:110
INFO - 2021-08-02 14:22:40,890 - __main__ - parallels.main - MainThread - Elapsed time is 13 seconds 709 milliseconds. in /Users/rkrivov/PycharmProjects/s3_upload/parallels.py:110
INFO - 2021-08-02 14:24:34,426 - __main__ - parallels.main - MainThread - Elapsed time is 10 seconds 47 milliseconds. in /Users/rkrivov/PycharmProjects/s3_upload/parallels.py:110
INFO - 2021-08-02 14:24:49,485 - __main__ - parallels.main - MainThread - Elapsed time is 1 second 573 milliseconds. in /Users/rkrivov/PycharmProjects/s3_upload/parallels.py:110
INFO - 2021-08-02 14:24:53,039 - __main__ - parallels.main - MainThread - Elapsed time is 2 seconds 301 milliseconds. in /Users/rkrivov/PycharmProjects/s3_upload/parallels.py:110
INFO - 2021-08-02 14:25:58,328 - __main__ - parallels.main - MainThread - Elapsed time is 8 seconds 219 milliseconds. in /Users/rkrivov/PycharmProjects/s3_upload/parallels.py:110
INFO - 2021-08-02 14:47:17,904 - __main__ - parallels.main - MainThread - Elapsed time is 5 seconds 997 milliseconds. in /Users/rkrivov/PycharmProjects/s3_upload/parallels.py:110
INFO - 2021-08-02 14:48:49,667 - s3.storage - storage.__init__ - MainThread - Open S3 AWS Session... in /Users/rkrivov/PycharmProjects/s3_upload/s3/storage.py:32
INFO - 2021-08-02 14:48:49,761 - s3.storage - storage.__init__ - MainThread - Initialize S3 AWS client for https://hb.bizmrg.com... in /Users/rkrivov/PycharmProjects/s3_upload/s3/storage.py:49
INFO - 2021-08-02 14:49:45,919 - __main__ - parallels.main - MainThread - Elapsed time is 1 minute 38 seconds 316 milliseconds. in /Users/rkrivov/PycharmProjects/s3_upload/parallels.py:95
INFO - 2021-08-02 14:52:21,287 - __main__ - parallels.main - MainThread - Elapsed time is 2 minutes 18 seconds 210 milliseconds. in /Users/rkrivov/PycharmProjects/s3_upload/parallels.py:95
INFO - 2021-08-02 14:52:52,867 - __main__ - parallels.main - MainThread - Elapsed time is 27 seconds 593 milliseconds. in /Users/rkrivov/PycharmProjects/s3_upload/parallels.py:110
INFO - 2021-08-02 14:53:24,256 - __main__ - parallels.main - MainThread - Elapsed time is 13 seconds 711 milliseconds. in /Users/rkrivov/PycharmProjects/s3_upload/parallels.py:110
INFO - 2021-08-02 14:54:18,537 - s3.storage - storage.__init__ - MainThread - Open S3 AWS Session... in /Users/rkrivov/PycharmProjects/s3_upload/s3/storage.py:32
INFO - 2021-08-02 14:54:18,559 - s3.storage - storage.__init__ - MainThread - Initialize S3 AWS client for https://hb.bizmrg.com... in /Users/rkrivov/PycharmProjects/s3_upload/s3/storage.py:49
INFO - 2021-08-02 14:54:31,075 - s3.parallels.parallels - parallels.set_status - MainThread - Set status SUSPEND to VM Windows 10 in /Users/rkrivov/PycharmProjects/s3_upload/s3/parallels/parallels.py:236
INFO - 2021-08-02 14:55:03,124 - __main__ - parallels.main - MainThread - Elapsed time is 1 minute 17 seconds 561 milliseconds. in /Users/rkrivov/PycharmProjects/s3_upload/parallels.py:95
INFO - 2021-08-02 14:58:17,768 - s3.parallels.parallels - parallels.set_status - MainThread - Set status SUSPEND to VM Windows 10 in /Users/rkrivov/PycharmProjects/s3_upload/s3/parallels/parallels.py:236
INFO - 2021-08-02 14:58:32,102 - s3.parallels.operation - operation._do_run - MainThread - Uptime Virtual Machine Windows 10 is 04:56:05. in /Users/rkrivov/PycharmProjects/s3_upload/s3/parallels/operation.py:425
INFO - 2021-08-02 14:58:33,697 - s3.parallels.operation - operation._do_run - MainThread - Found VM Windows 10 (VM) (vm_id=dabfc2f1-772e-4647-84a6-e44af284bf79). in /Users/rkrivov/PycharmProjects/s3_upload/s3/parallels/operation.py:435
INFO - 2021-08-02 14:58:34,096 - s3.parallels.operation - operation._do_run - MainThread - Home path: /Users/rkrivov/Parallels/Windows 10.pvm/ in /Users/rkrivov/PycharmProjects/s3_upload/s3/parallels/operation.py:436
INFO - 2021-08-02 14:58:41,531 - s3.storage - storage.__init__ - MainThread - Open S3 AWS Session... in /Users/rkrivov/PycharmProjects/s3_upload/s3/storage.py:32
INFO - 2021-08-02 14:58:41,568 - s3.storage - storage.__init__ - MainThread - Initialize S3 AWS client for https://hb.bizmrg.com... in /Users/rkrivov/PycharmProjects/s3_upload/s3/storage.py:49
INFO - 2021-08-02 15:00:20,555 - s3.parallels.parallels - parallels.set_status - MainThread - Set status RESUME to VM Windows 10 in /Users/rkrivov/PycharmProjects/s3_upload/s3/parallels/parallels.py:236
INFO - 2021-08-02 15:02:57,571 - s3.parallels.parallels - parallels.set_status - MainThread - Set status SUSPEND to VM Windows 10 in /Users/rkrivov/PycharmProjects/s3_upload/s3/parallels/parallels.py:236
INFO - 2021-08-02 15:03:01,948 - s3.parallels.operation - operation._do_run - MainThread - Uptime Virtual Machine Windows 10 is 04:58:45. in /Users/rkrivov/PycharmProjects/s3_upload/s3/parallels/operation.py:425
INFO - 2021-08-02 15:03:01,949 - s3.parallels.operation - operation._do_run - MainThread - Found VM Windows 10 (VM) (vm_id=dabfc2f1-772e-4647-84a6-e44af284bf79). in /Users/rkrivov/PycharmProjects/s3_upload/s3/parallels/operation.py:435
INFO - 2021-08-02 15:03:01,949 - s3.parallels.operation - operation._do_run - MainThread - Home path: /Users/rkrivov/Parallels/Windows 10.pvm/ in /Users/rkrivov/PycharmProjects/s3_upload/s3/parallels/operation.py:436
INFO - 2021-08-02 15:03:01,959 - s3.storage - storage.__init__ - MainThread - Open S3 AWS Session... in /Users/rkrivov/PycharmProjects/s3_upload/s3/storage.py:32
INFO - 2021-08-02 15:03:02,007 - s3.storage - storage.__init__ - MainThread - Initialize S3 AWS client for https://hb.bizmrg.com... in /Users/rkrivov/PycharmProjects/s3_upload/s3/storage.py:49
INFO - 2021-08-02 15:03:47,334 - s3._base._base - _base._copy_object - MainThread - Copy objects from Parallels/Windows 10 to Archives/2021/214/150347 Windows 10 in /Users/rkrivov/PycharmProjects/s3_upload/s3/_base/_base.py:304
INFO - 2021-08-02 15:03:55,859 - s3._base._base - _base._copy_object - MainThread - Copied 42 object(s). in /Users/rkrivov/PycharmProjects/s3_upload/s3/_base/_base.py:330
INFO - 2021-08-02 15:03:55,899 - s3.storage - storage.delete_objects - MainThread - Parallels/Windows 10/harddisk.hdd/harddisk.hdd.0.{5fbaabe3-6958-40ff-92a7-860e329aab41}.hds was deleted. in /Users/rkrivov/PycharmProjects/s3_upload/s3/storage.py:299
INFO - 2021-08-02 15:03:55,899 - s3.storage - storage.delete_objects - MainThread - Parallels/Windows 10/config.pvs was deleted. in /Users/rkrivov/PycharmProjects/s3_upload/s3/storage.py:299
INFO - 2021-08-02 15:03:55,899 - s3.storage - storage.delete_objects - MainThread - Parallels/Windows 10/statistic.log was deleted. in /Users/rkrivov/PycharmProjects/s3_upload/s3/storage.py:299
INFO - 2021-08-02 15:03:55,900 - s3.storage - storage.delete_objects - MainThread - Parallels/Windows 10/config.pvs.backup was deleted. in /Users/rkrivov/PycharmProjects/s3_upload/s3/storage.py:299
INFO - 2021-08-02 15:03:55,900 - s3.storage - storage.delete_objects - MainThread - Parallels/Windows 10/parallels.log was deleted. in /Users/rkrivov/PycharmProjects/s3_upload/s3/storage.py:299
INFO - 2021-08-02 15:03:55,900 - s3.parallels.backup - backup._do_file_operation - MainThread - Upload file Parallels/Windows 10/config.pvs... in /Users/rkrivov/PycharmProjects/s3_upload/s3/parallels/backup.py:25
INFO - 2021-08-02 15:03:56,319 - s3.parallels.parallels - parallels.set_status - MainThread - Set status RESUME to VM Windows 10 in /Users/rkrivov/PycharmProjects/s3_upload/s3/parallels/parallels.py:236
INFO - 2021-08-02 15:04:09,795 - __main__ - parallels.main - MainThread - Elapsed time is 1 minute 17 seconds 723 milliseconds. in /Users/rkrivov/PycharmProjects/s3_upload/parallels.py:110
INFO - 2021-08-02 15:05:14,279 - s3.parallels.parallels - parallels.set_status - MainThread - Set status SUSPEND to VM Windows 10 in /Users/rkrivov/PycharmProjects/s3_upload/s3/parallels/parallels.py:236
INFO - 2021-08-02 15:05:18,411 - s3.parallels.operation - operation._do_run - MainThread - Uptime Virtual Machine Windows 10 is 05:00:06. in /Users/rkrivov/PycharmProjects/s3_upload/s3/parallels/operation.py:425
INFO - 2021-08-02 15:05:18,411 - s3.parallels.operation - operation._do_run - MainThread - Found VM Windows 10 (VM) (vm_id=dabfc2f1-772e-4647-84a6-e44af284bf79). in /Users/rkrivov/PycharmProjects/s3_upload/s3/parallels/operation.py:435
INFO - 2021-08-02 15:05:18,412 - s3.parallels.operation - operation._do_run - MainThread - Home path: /Users/rkrivov/Parallels/Windows 10.pvm/ in /Users/rkrivov/PycharmProjects/s3_upload/s3/parallels/operation.py:436
INFO - 2021-08-02 15:05:18,416 - s3.storage - storage.__init__ - MainThread - Open S3 AWS Session... in /Users/rkrivov/PycharmProjects/s3_upload/s3/storage.py:33
INFO - 2021-08-02 15:05:18,442 - s3.storage - storage.__init__ - MainThread - Initialize S3 AWS client for https://hb.bizmrg.com... in /Users/rkrivov/PycharmProjects/s3_upload/s3/storage.py:50
INFO - 2021-08-02 15:05:19,790 - s3.parallels.parallels - parallels.set_status - MainThread - Set status RESUME to VM Windows 10 in /Users/rkrivov/PycharmProjects/s3_upload/s3/parallels/parallels.py:236
INFO - 2021-08-02 15:05:24,569 - __main__ - parallels.main - MainThread - Elapsed time is 21 seconds 682 milliseconds. in /Users/rkrivov/PycharmProjects/s3_upload/parallels.py:110
INFO - 2021-08-02 15:06:17,008 - s3.parallels.parallels - parallels.set_status - MainThread - Set status SUSPEND to VM Windows 10 in /Users/rkrivov/PycharmProjects/s3_upload/s3/parallels/parallels.py:236
INFO - 2021-08-02 15:06:21,032 - s3.parallels.operation - operation._do_run - MainThread - Uptime Virtual Machine Windows 10 is 05:01:06. in /Users/rkrivov/PycharmProjects/s3_upload/s3/parallels/operation.py:425
INFO - 2021-08-02 15:06:21,032 - s3.parallels.operation - operation._do_run - MainThread - Found VM Windows 10 (VM) (vm_id=dabfc2f1-772e-4647-84a6-e44af284bf79). in /Users/rkrivov/PycharmProjects/s3_upload/s3/parallels/operation.py:435
INFO - 2021-08-02 15:06:21,032 - s3.parallels.operation - operation._do_run - MainThread - Home path: /Users/rkrivov/Parallels/Windows 10.pvm/ in /Users/rkrivov/PycharmProjects/s3_upload/s3/parallels/operation.py:436
INFO - 2021-08-02 15:06:21,039 - s3.storage - storage.__init__ - MainThread - Open S3 AWS Session... in /Users/rkrivov/PycharmProjects/s3_upload/s3/storage.py:33
INFO - 2021-08-02 15:06:21,070 - s3.storage - storage.__init__ - MainThread - Initialize S3 AWS client for https://hb.bizmrg.com... in /Users/rkrivov/PycharmProjects/s3_upload/s3/storage.py:50
INFO - 2021-08-02 15:07:55,955 - s3.parallels.parallels - parallels.set_status - MainThread - Set status RESUME to VM Windows 10 in /Users/rkrivov/PycharmProjects/s3_upload/s3/parallels/parallels.py:236
INFO - 2021-08-02 15:08:00,864 - __main__ - parallels.main - MainThread - Elapsed time is 1 minute 46 seconds 37 milliseconds. in /Users/rkrivov/PycharmProjects/s3_upload/parallels.py:95
INFO - 2021-08-02 15:08:05,832 - s3.parallels.parallels - parallels.set_status - MainThread - Set status SUSPEND to VM Windows 10 in /Users/rkrivov/PycharmProjects/s3_upload/s3/parallels/parallels.py:236
INFO - 2021-08-02 15:08:10,107 - s3.parallels.operation - operation._do_run - MainThread - Uptime Virtual Machine Windows 10 is 05:01:19. in /Users/rkrivov/PycharmProjects/s3_upload/s3/parallels/operation.py:424
INFO - 2021-08-02 15:08:10,107 - s3.parallels.operation - operation._do_run - MainThread - Found VM Windows 10 (VM) (vm_id=dabfc2f1-772e-4647-84a6-e44af284bf79). in /Users/rkrivov/PycharmProjects/s3_upload/s3/parallels/operation.py:434
INFO - 2021-08-02 15:08:10,108 - s3.parallels.operation - operation._do_run - MainThread - Home path: /Users/rkrivov/Parallels/Windows 10.pvm/ in /Users/rkrivov/PycharmProjects/s3_upload/s3/parallels/operation.py:435
INFO - 2021-08-02 15:08:10,114 - s3.storage - storage.__init__ - MainThread - Open S3 AWS Session... in /Users/rkrivov/PycharmProjects/s3_upload/s3/storage.py:33
INFO - 2021-08-02 15:08:10,159 - s3.storage - storage.__init__ - MainThread - Initialize S3 AWS client for https://hb.bizmrg.com... in /Users/rkrivov/PycharmProjects/s3_upload/s3/storage.py:50
INFO - 2021-08-02 15:08:11,910 - s3.parallels.parallels - parallels.set_status - MainThread - Set status RESUME to VM Windows 10 in /Users/rkrivov/PycharmProjects/s3_upload/s3/parallels/parallels.py:236
INFO - 2021-08-02 15:08:16,411 - __main__ - parallels.main - MainThread - Elapsed time is 13 seconds 578 milliseconds. in /Users/rkrivov/PycharmProjects/s3_upload/parallels.py:110
INFO - 2021-08-02 15:08:32,157 - s3.parallels.parallels - parallels.set_status - MainThread - Set status SUSPEND to VM Windows 10 in /Users/rkrivov/PycharmProjects/s3_upload/s3/parallels/parallels.py:236
INFO - 2021-08-02 15:08:36,032 - s3.parallels.operation - operation._do_run - MainThread - Uptime Virtual Machine Windows 10 is 05:01:42. in /Users/rkrivov/PycharmProjects/s3_upload/s3/parallels/operation.py:424
INFO - 2021-08-02 15:08:36,033 - s3.parallels.operation - operation._do_run - MainThread - Found VM Windows 10 (VM) (vm_id=dabfc2f1-772e-4647-84a6-e44af284bf79). in /Users/rkrivov/PycharmProjects/s3_upload/s3/parallels/operation.py:434
INFO - 2021-08-02 15:08:36,033 - s3.parallels.operation - operation._do_run - MainThread - Home path: /Users/rkrivov/Parallels/Windows 10.pvm/ in /Users/rkrivov/PycharmProjects/s3_upload/s3/parallels/operation.py:435
INFO - 2021-08-02 15:08:36,039 - s3.storage - storage.__init__ - MainThread - Open S3 AWS Session... in /Users/rkrivov/PycharmProjects/s3_upload/s3/storage.py:33
INFO - 2021-08-02 15:08:36,076 - s3.storage - storage.__init__ - MainThread - Initialize S3 AWS client for https://hb.bizmrg.com... in /Users/rkrivov/PycharmProjects/s3_upload/s3/storage.py:50
INFO - 2021-08-02 15:10:55,941 - s3.parallels.parallels - parallels.set_status - MainThread - Set status RESUME to VM Windows 10 in /Users/rkrivov/PycharmProjects/s3_upload/s3/parallels/parallels.py:236
INFO - 2021-08-02 15:11:03,708 - __main__ - parallels.main - MainThread - Elapsed time is 2 minutes 33 seconds 473 milliseconds. in /Users/rkrivov/PycharmProjects/s3_upload/parallels.py:110
INFO - 2021-08-02 15:12:42,858 - s3.parallels.parallels - parallels.set_status - MainThread - Set status SUSPEND to VM Windows 10 in /Users/rkrivov/PycharmProjects/s3_upload/s3/parallels/parallels.py:236
INFO - 2021-08-02 15:13:03,900 - s3.parallels.operation - operation._do_run - MainThread - Uptime Virtual Machine Windows 10 is 05:03:32. in /Users/rkrivov/PycharmProjects/s3_upload/s3/parallels/operation.py:424
INFO - 2021-08-02 15:13:03,900 - s3.parallels.operation - operation._do_run - MainThread - Found VM Windows 10 (VM) (vm_id=dabfc2f1-772e-4647-84a6-e44af284bf79). in /Users/rkrivov/PycharmProjects/s3_upload/s3/parallels/operation.py:434
INFO - 2021-08-02 15:13:03,900 - s3.parallels.operation - operation._do_run - MainThread - Home path: /Users/rkrivov/Parallels/Windows 10.pvm/ in /Users/rkrivov/PycharmProjects/s3_upload/s3/parallels/operation.py:435
INFO - 2021-08-02 15:13:03,906 - s3.storage - storage.__init__ - MainThread - Open S3 AWS Session... in /Users/rkrivov/PycharmProjects/s3_upload/s3/storage.py:33
INFO - 2021-08-02 15:13:03,936 - s3.storage - storage.__init__ - MainThread - Initialize S3 AWS client for https://hb.bizmrg.com... in /Users/rkrivov/PycharmProjects/s3_upload/s3/storage.py:50
INFO - 2021-08-02 15:13:45,127 - s3.parallels.parallels - parallels.set_status - MainThread - Set status RESUME to VM Windows 10 in /Users/rkrivov/PycharmProjects/s3_upload/s3/parallels/parallels.py:236
INFO - 2021-08-02 15:14:10,120 - s3.parallels.parallels - parallels.set_status - MainThread - Set status SUSPEND to VM Windows 10 in /Users/rkrivov/PycharmProjects/s3_upload/s3/parallels/parallels.py:236
INFO - 2021-08-02 15:14:21,707 - s3.parallels.operation - operation._do_run - MainThread - Uptime Virtual Machine Windows 10 is 05:03:59. in /Users/rkrivov/PycharmProjects/s3_upload/s3/parallels/operation.py:424
INFO - 2021-08-02 15:14:21,707 - s3.parallels.operation - operation._do_run - MainThread - Found VM Windows 10 (VM) (vm_id=dabfc2f1-772e-4647-84a6-e44af284bf79). in /Users/rkrivov/PycharmProjects/s3_upload/s3/parallels/operation.py:434
INFO - 2021-08-02 15:14:21,708 - s3.parallels.operation - operation._do_run - MainThread - Home path: /Users/rkrivov/Parallels/Windows 10.pvm/ in /Users/rkrivov/PycharmProjects/s3_upload/s3/parallels/operation.py:435
INFO - 2021-08-02 15:14:21,712 - s3.storage - storage.__init__ - MainThread - Open S3 AWS Session... in /Users/rkrivov/PycharmProjects/s3_upload/s3/storage.py:33
INFO - 2021-08-02 15:14:21,738 - s3.storage - storage.__init__ - MainThread - Initialize S3 AWS client for https://hb.bizmrg.com... in /Users/rkrivov/PycharmProjects/s3_upload/s3/storage.py:50
INFO - 2021-08-02 15:17:08,373 - s3.parallels.parallels - parallels.set_status - MainThread - Set status RESUME to VM Windows 10 in /Users/rkrivov/PycharmProjects/s3_upload/s3/parallels/parallels.py:236
INFO - 2021-08-02 15:17:12,845 - __main__ - parallels.main - MainThread - Elapsed time is 3 minutes 17 seconds 722 milliseconds. in /Users/rkrivov/PycharmProjects/s3_upload/parallels.py:95
INFO - 2021-08-02 15:17:35,886 - s3.parallels.parallels - parallels.set_status - MainThread - Set status SUSPEND to VM Windows 10 in /Users/rkrivov/PycharmProjects/s3_upload/s3/parallels/parallels.py:236
INFO - 2021-08-02 15:17:42,377 - s3.parallels.operation - operation._do_run - MainThread - Uptime Virtual Machine Windows 10 is 01:01:30. in /Users/rkrivov/PycharmProjects/s3_upload/s3/parallels/operation.py:424
INFO - 2021-08-02 15:17:42,377 - s3.parallels.operation - operation._do_run - MainThread - Found VM Windows 10 (VM) (vm_id={dabfc2f1-772e-4647-84a6-e44af284bf79}). in /Users/rkrivov/PycharmProjects/s3_upload/s3/parallels/operation.py:434
INFO - 2021-08-02 15:17:42,377 - s3.parallels.operation - operation._do_run - MainThread - Home path: /Users/rkrivov/Parallels/Windows 10.pvm/ in /Users/rkrivov/PycharmProjects/s3_upload/s3/parallels/operation.py:435
INFO - 2021-08-02 15:17:42,383 - s3.storage - storage.__init__ - MainThread - Open S3 AWS Session... in /Users/rkrivov/PycharmProjects/s3_upload/s3/storage.py:33
INFO - 2021-08-02 15:17:42,418 - s3.storage - storage.__init__ - MainThread - Initialize S3 AWS client for https://hb.bizmrg.com... in /Users/rkrivov/PycharmProjects/s3_upload/s3/storage.py:50
INFO - 2021-08-02 15:17:53,983 - s3.parallels.parallels - parallels.set_status - MainThread - Set status RESUME to VM Windows 10 in /Users/rkrivov/PycharmProjects/s3_upload/s3/parallels/parallels.py:236
INFO - 2021-08-02 15:17:58,585 - __main__ - parallels.main - MainThread - Elapsed time is 43 seconds 703 milliseconds. in /Users/rkrivov/PycharmProjects/s3_upload/parallels.py:110
INFO - 2021-08-02 15:46:23,826 - s3.parallels.parallels - parallels.set_status - MainThread - Set status SUSPEND to VM Windows 10 in /Users/rkrivov/PycharmProjects/s3_upload/s3/parallels/parallels.py:236
INFO - 2021-08-02 15:46:27,916 - s3.parallels.operation - operation._do_run - MainThread - Uptime Virtual Machine Windows 10 is 05:04:29. in /Users/rkrivov/PycharmProjects/s3_upload/s3/parallels/operation.py:424
INFO - 2021-08-02 15:46:27,916 - s3.parallels.operation - operation._do_run - MainThread - Found VM Windows 10 (VM) (vm_id={dabfc2f1-772e-4647-84a6-e44af284bf79}). in /Users/rkrivov/PycharmProjects/s3_upload/s3/parallels/operation.py:434
INFO - 2021-08-02 15:46:27,916 - s3.parallels.operation - operation._do_run - MainThread - Home path: /Users/rkrivov/Parallels/Windows 10.pvm/ in /Users/rkrivov/PycharmProjects/s3_upload/s3/parallels/operation.py:435
INFO - 2021-08-02 15:46:27,924 - s3.storage - storage.__init__ - MainThread - Open S3 AWS Session... in /Users/rkrivov/PycharmProjects/s3_upload/s3/storage.py:33
INFO - 2021-08-02 15:46:27,959 - s3.storage - storage.__init__ - MainThread - Initialize S3 AWS client for https://hb.bizmrg.com... in /Users/rkrivov/PycharmProjects/s3_upload/s3/storage.py:50
INFO - 2021-08-02 15:46:53,365 - s3.parallels.parallels - parallels.set_status - MainThread - Set status RESUME to VM Windows 10 in /Users/rkrivov/PycharmProjects/s3_upload/s3/parallels/parallels.py:236
INFO - 2021-08-02 15:46:59,949 - __main__ - parallels.main - MainThread - Elapsed time is 1 minute 18 seconds 431 milliseconds. in /Users/rkrivov/PycharmProjects/s3_upload/parallels.py:110
INFO - 2021-08-02 19:00:01,363 - __main__ - parallels.main - MainThread - Elapsed time is 1 millisecond. in parallels.py:110
INFO - 2021-08-02 21:08:53,887 - __main__ - parallels.main - MainThread - Elapsed time is 2 milliseconds. in parallels.py:110
INFO - 2021-08-02 21:10:31,305 - __main__ - main.main - MainThread - Elapsed time is 2 milliseconds. in main.py:111
INFO - 2021-08-02 21:11:05,255 - __main__ - main.main - MainThread - Elapsed time is 0 seconds. in main.py:114
INFO - 2021-08-02 21:11:21,686 - __main__ - main.main - MainThread - Elapsed time is 2 milliseconds. in main.py:114
INFO - 2021-08-02 21:11:46,481 - s3.parallels.parallels - parallels.set_status - MainThread - Set status SUSPEND to VM Windows 10 in /Users/rkrivov/PycharmProjects/s3_upload/s3/parallels/parallels.py:236
INFO - 2021-08-02 21:11:59,935 - s3.parallels.operation - operation._do_run - MainThread - Uptime Virtual Machine Windows 10 is 05:33:02. in /Users/rkrivov/PycharmProjects/s3_upload/s3/parallels/operation.py:424
INFO - 2021-08-02 21:11:59,935 - s3.parallels.operation - operation._do_run - MainThread - Found VM Windows 10 (VM) (vm_id={dabfc2f1-772e-4647-84a6-e44af284bf79}). in /Users/rkrivov/PycharmProjects/s3_upload/s3/parallels/operation.py:434
INFO - 2021-08-02 21:11:59,936 - s3.parallels.operation - operation._do_run - MainThread - Home path: /Users/rkrivov/Parallels/Windows 10.pvm/ in /Users/rkrivov/PycharmProjects/s3_upload/s3/parallels/operation.py:435
INFO - 2021-08-02 21:11:59,941 - s3.storage - storage.__init__ - MainThread - Open S3 AWS Session... in /Users/rkrivov/PycharmProjects/s3_upload/s3/storage.py:33
INFO - 2021-08-02 21:11:59,962 - s3.storage - storage.__init__ - MainThread - Initialize S3 AWS client for https://hb.bizmrg.com... in /Users/rkrivov/PycharmProjects/s3_upload/s3/storage.py:50
INFO - 2021-08-02 21:12:01,925 - s3.parallels.parallels - parallels.set_status - MainThread - Set status RESUME to VM Windows 10 in /Users/rkrivov/PycharmProjects/s3_upload/s3/parallels/parallels.py:236
INFO - 2021-08-02 21:12:14,156 - __main__ - main.main - MainThread - Elapsed time is 29 seconds 221 milliseconds. in main.py:114
INFO - 2021-08-02 21:30:58,806 - s3.parallels.parallels - parallels.set_status - MainThread - Set status SUSPEND to VM Windows 10 in /Users/rkrivov/PycharmProjects/s3_upload/s3/parallels/parallels.py:240
INFO - 2021-08-02 21:31:03,061 - s3.parallels.operation - operation._do_run - MainThread - Uptime Virtual Machine Windows 10 is 10:58:07. in /Users/rkrivov/PycharmProjects/s3_upload/s3/parallels/operation.py:427
INFO - 2021-08-02 21:31:03,062 - s3.parallels.operation - operation._do_run - MainThread - Found VM Windows 10 (VM) (vm_id={dabfc2f1-772e-4647-84a6-e44af284bf79}). in /Users/rkrivov/PycharmProjects/s3_upload/s3/parallels/operation.py:437
INFO - 2021-08-02 21:31:03,062 - s3.parallels.operation - operation._do_run - MainThread - Home path: /Users/rkrivov/Parallels/Windows 10.pvm/ in /Users/rkrivov/PycharmProjects/s3_upload/s3/parallels/operation.py:438
INFO - 2021-08-02 21:31:03,069 - s3.storage - storage.__init__ - MainThread - Open S3 AWS Session... in /Users/rkrivov/PycharmProjects/s3_upload/s3/storage.py:33
INFO - 2021-08-02 21:31:03,150 - s3.storage - storage.__init__ - MainThread - Initialize S3 AWS client for https://hb.bizmrg.com... in /Users/rkrivov/PycharmProjects/s3_upload/s3/storage.py:50
INFO - 2021-08-02 21:31:11,580 - s3.parallels.parallels - parallels.set_status - MainThread - Set status RESUME to VM Windows 10 in /Users/rkrivov/PycharmProjects/s3_upload/s3/parallels/parallels.py:240
INFO - 2021-08-02 21:31:22,421 - __main__ - main.main - MainThread - Elapsed time is 25 seconds 177 milliseconds. in /Users/rkrivov/PycharmProjects/s3_upload/main.py:114
