INFO - 2021-08-08 10:09:09,282 - s3_upload.s3.s3storage - s3storage.__init__ - MainThread - Open S3 AWS Session... in /Users/rkrivov/PycharmProjects/s3_upload/s3/s3storage.py:35
INFO - 2021-08-08 10:09:09,305 - s3_upload.s3.s3storage - s3storage.__init__ - MainThread - Initialize S3 AWS client for https://hb.bizmrg.com... in /Users/rkrivov/PycharmProjects/s3_upload/s3/s3storage.py:52
INFO - 2021-08-08 10:11:17,687 - s3_upload.__main__ - main.main - MainThread - Elapsed time is 3 minutes 38 seconds 387 milliseconds. in /Users/rkrivov/PycharmProjects/s3_upload/main.py:109
INFO - 2021-08-08 10:12:25,174 - s3_upload.s3.s3storage - s3storage.__init__ - MainThread - Open S3 AWS Session... in /Users/rkrivov/PycharmProjects/s3_upload/s3/s3storage.py:35
INFO - 2021-08-08 10:12:25,214 - s3_upload.s3.s3storage - s3storage.__init__ - MainThread - Initialize S3 AWS client for https://hb.bizmrg.com... in /Users/rkrivov/PycharmProjects/s3_upload/s3/s3storage.py:52
INFO - 2021-08-08 10:12:31,487 - s3_upload.__main__ - main.main - MainThread - Elapsed time is 40 seconds 695 milliseconds. in /Users/rkrivov/PycharmProjects/s3_upload/main.py:109
INFO - 2021-08-08 10:13:42,017 - s3_upload.s3.s3storage - s3storage.__init__ - MainThread - Open S3 AWS Session... in /Users/rkrivov/PycharmProjects/s3_upload/s3/s3storage.py:35
INFO - 2021-08-08 10:13:42,054 - s3_upload.s3.s3storage - s3storage.__init__ - MainThread - Initialize S3 AWS client for https://hb.bizmrg.com... in /Users/rkrivov/PycharmProjects/s3_upload/s3/s3storage.py:52
INFO - 2021-08-08 10:14:27,199 - s3_upload.__main__ - main.main - MainThread - Elapsed time is 46 seconds 377 milliseconds. in /Users/rkrivov/PycharmProjects/s3_upload/main.py:91
INFO - 2021-08-08 10:33:33,320 - s3_upload.__main__ - main.main - MainThread - Elapsed time is 442 milliseconds. in /Users/rkrivov/PycharmProjects/s3_upload/main.py:109
INFO - 2021-08-08 10:34:35,404 - s3_upload.s3.s3storage - s3storage.__init__ - MainThread - Open S3 AWS Session... in /Users/rkrivov/PycharmProjects/s3_upload/s3/s3storage.py:35
INFO - 2021-08-08 10:34:35,440 - s3_upload.s3.s3storage - s3storage.__init__ - MainThread - Initialize S3 AWS client for https://hb.bizmrg.com... in /Users/rkrivov/PycharmProjects/s3_upload/s3/s3storage.py:52
INFO - 2021-08-08 10:35:08,464 - s3_upload.__main__ - main.main - MainThread - Elapsed time is 34 seconds 24 milliseconds. in /Users/rkrivov/PycharmProjects/s3_upload/main.py:109
INFO - 2021-08-08 10:47:07,102 - s3_upload.__main__ - main.main - MainThread - Elapsed time is 418 milliseconds. in /Users/rkrivov/PycharmProjects/s3_upload/main.py:109
INFO - 2021-08-08 10:47:26,204 - s3_upload.s3.s3storage - s3storage.__init__ - MainThread - Open S3 AWS Session... in /Users/rkrivov/PycharmProjects/s3_upload/s3/s3storage.py:35
INFO - 2021-08-08 10:47:26,239 - s3_upload.s3.s3storage - s3storage.__init__ - MainThread - Initialize S3 AWS client for https://hb.bizmrg.com... in /Users/rkrivov/PycharmProjects/s3_upload/s3/s3storage.py:52
INFO - 2021-08-08 10:49:49,837 - s3_upload.__main__ - main.main - MainThread - Elapsed time is 2 minutes 24 seconds 545 milliseconds. in /Users/rkrivov/PycharmProjects/s3_upload/main.py:91
INFO - 2021-08-08 10:50:02,133 - s3_upload.s3.s3storage - s3storage.__init__ - MainThread - Open S3 AWS Session... in /Users/rkrivov/PycharmProjects/s3_upload/s3/s3storage.py:35
INFO - 2021-08-08 10:50:02,168 - s3_upload.s3.s3storage - s3storage.__init__ - MainThread - Initialize S3 AWS client for https://hb.bizmrg.com... in /Users/rkrivov/PycharmProjects/s3_upload/s3/s3storage.py:52
INFO - 2021-08-08 10:51:21,893 - s3_upload.__main__ - main.main - MainThread - Elapsed time is 1 minute 20 seconds 797 milliseconds. in /Users/rkrivov/PycharmProjects/s3_upload/main.py:91
INFO - 2021-08-08 10:51:29,202 - s3_upload.s3.s3storage - s3storage.__init__ - MainThread - Open S3 AWS Session... in /Users/rkrivov/PycharmProjects/s3_upload/s3/s3storage.py:35
INFO - 2021-08-08 10:51:29,236 - s3_upload.s3.s3storage - s3storage.__init__ - MainThread - Initialize S3 AWS client for https://hb.bizmrg.com... in /Users/rkrivov/PycharmProjects/s3_upload/s3/s3storage.py:52
INFO - 2021-08-08 10:52:34,827 - s3_upload.__main__ - main.main - MainThread - Elapsed time is 1 minute 6 seconds 795 milliseconds. in /Users/rkrivov/PycharmProjects/s3_upload/main.py:91
INFO - 2021-08-08 10:52:38,779 - s3_upload.s3.s3storage - s3storage.__init__ - MainThread - Open S3 AWS Session... in /Users/rkrivov/PycharmProjects/s3_upload/s3/s3storage.py:35
INFO - 2021-08-08 10:52:38,814 - s3_upload.s3.s3storage - s3storage.__init__ - MainThread - Initialize S3 AWS client for https://hb.bizmrg.com... in /Users/rkrivov/PycharmProjects/s3_upload/s3/s3storage.py:52
INFO - 2021-08-08 10:53:12,465 - s3_upload.__main__ - main.main - MainThread - Elapsed time is 34 seconds 729 milliseconds. in /Users/rkrivov/PycharmProjects/s3_upload/main.py:91
INFO - 2021-08-08 10:53:16,281 - s3_upload.s3.s3storage - s3storage.__init__ - MainThread - Open S3 AWS Session... in /Users/rkrivov/PycharmProjects/s3_upload/s3/s3storage.py:35
INFO - 2021-08-08 10:53:16,317 - s3_upload.s3.s3storage - s3storage.__init__ - MainThread - Initialize S3 AWS client for https://hb.bizmrg.com... in /Users/rkrivov/PycharmProjects/s3_upload/s3/s3storage.py:52
INFO - 2021-08-08 10:54:33,266 - s3_upload.__main__ - main.main - MainThread - Elapsed time is 1 minute 18 seconds 33 milliseconds. in /Users/rkrivov/PycharmProjects/s3_upload/main.py:91
INFO - 2021-08-08 10:54:36,837 - s3_upload.s3.s3storage - s3storage.__init__ - MainThread - Open S3 AWS Session... in /Users/rkrivov/PycharmProjects/s3_upload/s3/s3storage.py:35
INFO - 2021-08-08 10:54:36,871 - s3_upload.s3.s3storage - s3storage.__init__ - MainThread - Initialize S3 AWS client for https://hb.bizmrg.com... in /Users/rkrivov/PycharmProjects/s3_upload/s3/s3storage.py:52
INFO - 2021-08-08 10:56:09,212 - s3_upload.__main__ - main.main - MainThread - Elapsed time is 1 minute 33 seconds 391 milliseconds. in /Users/rkrivov/PycharmProjects/s3_upload/main.py:91
INFO - 2021-08-08 10:56:15,166 - s3_upload.s3.s3storage - s3storage.__init__ - MainThread - Open S3 AWS Session... in /Users/rkrivov/PycharmProjects/s3_upload/s3/s3storage.py:35
INFO - 2021-08-08 10:56:15,207 - s3_upload.s3.s3storage - s3storage.__init__ - MainThread - Initialize S3 AWS client for https://hb.bizmrg.com... in /Users/rkrivov/PycharmProjects/s3_upload/s3/s3storage.py:52
INFO - 2021-08-08 10:57:57,219 - s3_upload.s3.s3parallels.parallels - parallels.set_virtual_machine_status - MainThread - Set status SUSPEND_VIRTUAL_MACHINE to VM Windows 10 in /Users/rkrivov/PycharmProjects/s3_upload/s3/s3parallels/parallels.py:294
INFO - 2021-08-08 10:58:18,269 - s3_upload.__main__ - main.main - MainThread - Elapsed time is 2 minutes 4 seconds 224 milliseconds. in /Users/rkrivov/PycharmProjects/s3_upload/main.py:109
INFO - 2021-08-08 11:07:18,343 - s3_upload.s3.s3storage - s3storage.__init__ - MainThread - Open S3 AWS Session... in /Users/rkrivov/PycharmProjects/s3_upload/s3/s3storage.py:35
INFO - 2021-08-08 11:07:18,381 - s3_upload.s3.s3storage - s3storage.__init__ - MainThread - Initialize S3 AWS client for https://hb.bizmrg.com... in /Users/rkrivov/PycharmProjects/s3_upload/s3/s3storage.py:52
INFO - 2021-08-08 11:07:55,108 - s3_upload.s3.s3parallels.parallels - parallels.set_virtual_machine_status - MainThread - Set status SUSPEND_VIRTUAL_MACHINE to VM Windows 10 in /Users/rkrivov/PycharmProjects/s3_upload/s3/s3parallels/parallels.py:302
INFO - 2021-08-08 11:08:26,302 - s3_upload.__main__ - main.main - MainThread - Elapsed time is 1 minute 9 seconds 43 milliseconds. in /Users/rkrivov/PycharmProjects/s3_upload/main.py:109
INFO - 2021-08-08 11:09:03,711 - s3_upload.s3.s3storage - s3storage.__init__ - MainThread - Open S3 AWS Session... in /Users/rkrivov/PycharmProjects/s3_upload/s3/s3storage.py:35
INFO - 2021-08-08 11:09:03,745 - s3_upload.s3.s3storage - s3storage.__init__ - MainThread - Initialize S3 AWS client for https://hb.bizmrg.com... in /Users/rkrivov/PycharmProjects/s3_upload/s3/s3storage.py:52
INFO - 2021-08-08 11:11:00,163 - s3_upload.s3.s3parallels.parallels - parallels.set_virtual_machine_status - MainThread - Set status SUSPEND_VIRTUAL_MACHINE to VM Windows 10 in /Users/rkrivov/PycharmProjects/s3_upload/s3/s3parallels/parallels.py:302
INFO - 2021-08-08 11:13:53,036 - s3_upload.__main__ - main.main - MainThread - Elapsed time is 4 minutes 50 seconds 356 milliseconds. in /Users/rkrivov/PycharmProjects/s3_upload/main.py:91
INFO - 2021-08-08 11:13:55,898 - s3_upload.s3.s3storage - s3storage.__init__ - MainThread - Open S3 AWS Session... in /Users/rkrivov/PycharmProjects/s3_upload/s3/s3storage.py:35
INFO - 2021-08-08 11:13:55,933 - s3_upload.s3.s3storage - s3storage.__init__ - MainThread - Initialize S3 AWS client for https://hb.bizmrg.com... in /Users/rkrivov/PycharmProjects/s3_upload/s3/s3storage.py:52
INFO - 2021-08-08 11:14:27,286 - s3_upload.s3.s3parallels.parallels - parallels.set_virtual_machine_status - MainThread - Set status SUSPEND to VM Windows 10 in /Users/rkrivov/PycharmProjects/s3_upload/s3/s3parallels/parallels.py:302
INFO - 2021-08-08 11:15:18,573 - s3_upload.__main__ - main.main - MainThread - Elapsed time is 1 minute 23 seconds 854 milliseconds. in /Users/rkrivov/PycharmProjects/s3_upload/main.py:91
INFO - 2021-08-08 11:15:21,353 - s3_upload.s3.s3storage - s3storage.__init__ - MainThread - Open S3 AWS Session... in /Users/rkrivov/PycharmProjects/s3_upload/s3/s3storage.py:35
INFO - 2021-08-08 11:15:21,388 - s3_upload.s3.s3storage - s3storage.__init__ - MainThread - Initialize S3 AWS client for https://hb.bizmrg.com... in /Users/rkrivov/PycharmProjects/s3_upload/s3/s3storage.py:52
INFO - 2021-08-08 11:15:57,614 - s3_upload.s3.s3parallels.parallels - parallels.set_virtual_machine_status - MainThread - Set status SUSPEND to VM Windows 10 in /Users/rkrivov/PycharmProjects/s3_upload/s3/s3parallels/parallels.py:302
INFO - 2021-08-08 11:16:55,959 - s3_upload.s3.s3parallels.operation - operation._process - MainThread - Found VM Windows 10 with identifier dabfc2f1-772e-4647-84a6-e44af284bf79  and uptime is over one hour. in /Users/rkrivov/PycharmProjects/s3_upload/s3/s3parallels/operation.py:472
INFO - 2021-08-08 11:18:53,714 - s3_upload.s3.s3parallels.parallels - parallels.get_snapshot_list - MainThread - Snapshot {c0b71c26-94f9-4069-9fe4-01c5b82f428a} expire 2021-08-02 00:19 (11 days) in /Users/rkrivov/PycharmProjects/s3_upload/s3/s3parallels/parallels.py:215
INFO - 2021-08-08 11:19:12,994 - s3_upload.s3.s3parallels.parallels - parallels.get_snapshot_list - MainThread - Snapshot {5dc3f720-8618-4927-a0f8-448accf9d599} expire 2021-08-02 11:01 (11 days) in /Users/rkrivov/PycharmProjects/s3_upload/s3/s3parallels/parallels.py:215
INFO - 2021-08-08 11:19:12,995 - s3_upload.s3.s3parallels.parallels - parallels.get_snapshot_list - MainThread - Snapshot {edb20c8a-5206-4063-a2cd-80b0fe686021} expire 2021-08-03 22:33 (9 days) in /Users/rkrivov/PycharmProjects/s3_upload/s3/s3parallels/parallels.py:215
INFO - 2021-08-08 11:19:47,207 - s3_upload.s3.s3parallels.parallels - parallels.get_snapshot_list - MainThread - Snapshot {c0b71c26-94f9-4069-9fe4-01c5b82f428a} expire 2021-08-02 00:19 (11 days) in /Users/rkrivov/PycharmProjects/s3_upload/s3/s3parallels/parallels.py:215
INFO - 2021-08-08 11:19:47,207 - s3_upload.s3.s3parallels.parallels - parallels.get_snapshot_list - MainThread - Snapshot {5dc3f720-8618-4927-a0f8-448accf9d599} expire 2021-08-02 11:01 (11 days) in /Users/rkrivov/PycharmProjects/s3_upload/s3/s3parallels/parallels.py:215
INFO - 2021-08-08 11:19:47,207 - s3_upload.s3.s3parallels.parallels - parallels.get_snapshot_list - MainThread - Snapshot {edb20c8a-5206-4063-a2cd-80b0fe686021} expire 2021-08-03 22:33 (9 days) in /Users/rkrivov/PycharmProjects/s3_upload/s3/s3parallels/parallels.py:215
INFO - 2021-08-08 11:20:21,538 - s3_upload.s3.s3parallels.parallels - parallels.delete_snapshot - MainThread - Delete virtual_machine_snapshot {c0b71c26-94f9-4069-9fe4-01c5b82f428a} from VM Windows 10 (dabfc2f1-772e-4647-84a6-e44af284bf79) in /Users/rkrivov/PycharmProjects/s3_upload/s3/s3parallels/parallels.py:153
INFO - 2021-08-08 11:20:40,790 - s3_upload.s3.s3parallels.parallels - parallels.set_virtual_machine_status - MainThread - Set status RESUME to VM Windows 10 in /Users/rkrivov/PycharmProjects/s3_upload/s3/s3parallels/parallels.py:302
INFO - 2021-08-08 11:20:52,792 - s3_upload.__main__ - main.main - MainThread - Elapsed time is 5 minutes 32 seconds 466 milliseconds. in /Users/rkrivov/PycharmProjects/s3_upload/main.py:91
INFO - 2021-08-08 11:22:34,355 - s3_upload.s3.s3storage - s3storage.__init__ - MainThread - Open S3 AWS Session... in /Users/rkrivov/PycharmProjects/s3_upload/s3/s3storage.py:35
INFO - 2021-08-08 11:22:34,402 - s3_upload.s3.s3storage - s3storage.__init__ - MainThread - Initialize S3 AWS client for https://hb.bizmrg.com... in /Users/rkrivov/PycharmProjects/s3_upload/s3/s3storage.py:52
INFO - 2021-08-08 11:22:59,799 - s3_upload.s3.s3parallels.parallels - parallels.set_virtual_machine_status - MainThread - Set status SUSPEND to VM Windows 10 in /Users/rkrivov/PycharmProjects/s3_upload/s3/s3parallels/parallels.py:301
INFO - 2021-08-08 11:23:04,770 - s3_upload.s3.s3parallels.operation - operation._process - MainThread - Found VM Windows 10 with identifier dabfc2f1-772e-4647-84a6-e44af284bf79  and uptime is over one hour. in /Users/rkrivov/PycharmProjects/s3_upload/s3/s3parallels/operation.py:472
INFO - 2021-08-08 11:23:10,523 - s3_upload.s3.s3parallels.parallels - parallels.get_snapshot_list - MainThread - Snapshot {c0b71c26-94f9-4069-9fe4-01c5b82f428a} expire 2021-08-02 00:19 (11 days) in /Users/rkrivov/PycharmProjects/s3_upload/s3/s3parallels/parallels.py:214
INFO - 2021-08-08 11:23:10,524 - s3_upload.s3.s3parallels.parallels - parallels.get_snapshot_list - MainThread - Snapshot {5dc3f720-8618-4927-a0f8-448accf9d599} expire 2021-08-02 11:01 (11 days) in /Users/rkrivov/PycharmProjects/s3_upload/s3/s3parallels/parallels.py:214
INFO - 2021-08-08 11:23:10,524 - s3_upload.s3.s3parallels.parallels - parallels.get_snapshot_list - MainThread - Snapshot {edb20c8a-5206-4063-a2cd-80b0fe686021} expire 2021-08-03 22:33 (9 days) in /Users/rkrivov/PycharmProjects/s3_upload/s3/s3parallels/parallels.py:214
INFO - 2021-08-08 11:23:31,443 - s3_upload.s3.s3parallels.parallels - parallels.delete_snapshot - MainThread - Delete virtual_machine_snapshot {c0b71c26-94f9-4069-9fe4-01c5b82f428a} from VM Windows 10 (dabfc2f1-772e-4647-84a6-e44af284bf79) in /Users/rkrivov/PycharmProjects/s3_upload/s3/s3parallels/parallels.py:152
INFO - 2021-08-08 11:23:53,255 - s3_upload.s3.s3parallels.parallels - parallels.set_virtual_machine_status - MainThread - Set status RESUME to VM Windows 10 in /Users/rkrivov/PycharmProjects/s3_upload/s3/s3parallels/parallels.py:301
INFO - 2021-08-08 11:24:01,080 - s3_upload.__main__ - main.main - MainThread - Elapsed time is 1 minute 27 seconds 837 milliseconds. in /Users/rkrivov/PycharmProjects/s3_upload/main.py:109
INFO - 2021-08-08 11:24:12,698 - s3_upload.s3.s3storage - s3storage.__init__ - MainThread - Open S3 AWS Session... in /Users/rkrivov/PycharmProjects/s3_upload/s3/s3storage.py:35
INFO - 2021-08-08 11:24:12,733 - s3_upload.s3.s3storage - s3storage.__init__ - MainThread - Initialize S3 AWS client for https://hb.bizmrg.com... in /Users/rkrivov/PycharmProjects/s3_upload/s3/s3storage.py:52
INFO - 2021-08-08 11:24:25,069 - s3_upload.s3.s3parallels.parallels - parallels.set_virtual_machine_status - MainThread - Set status SUSPEND to VM Windows 10 in /Users/rkrivov/PycharmProjects/s3_upload/s3/s3parallels/parallels.py:298
INFO - 2021-08-08 11:24:28,994 - s3_upload.s3.s3parallels.operation - operation._process - MainThread - Found VM Windows 10 with identifier dabfc2f1-772e-4647-84a6-e44af284bf79  and uptime is over one hour. in /Users/rkrivov/PycharmProjects/s3_upload/s3/s3parallels/operation.py:472
INFO - 2021-08-08 11:24:34,355 - s3_upload.s3.s3parallels.parallels - parallels.get_snapshot_list - MainThread - Snapshot {c0b71c26-94f9-4069-9fe4-01c5b82f428a} expire 2021-08-02 00:19 (11 days) in /Users/rkrivov/PycharmProjects/s3_upload/s3/s3parallels/parallels.py:211
INFO - 2021-08-08 11:24:34,356 - s3_upload.s3.s3parallels.parallels - parallels.get_snapshot_list - MainThread - Snapshot {5dc3f720-8618-4927-a0f8-448accf9d599} expire 2021-08-02 11:01 (11 days) in /Users/rkrivov/PycharmProjects/s3_upload/s3/s3parallels/parallels.py:211
INFO - 2021-08-08 11:24:34,356 - s3_upload.s3.s3parallels.parallels - parallels.get_snapshot_list - MainThread - Snapshot {edb20c8a-5206-4063-a2cd-80b0fe686021} expire 2021-08-03 22:33 (9 days) in /Users/rkrivov/PycharmProjects/s3_upload/s3/s3parallels/parallels.py:211
INFO - 2021-08-08 11:24:36,767 - s3_upload.s3.s3parallels.parallels - parallels.delete_snapshot - MainThread - Delete virtual_machine_snapshot {c0b71c26-94f9-4069-9fe4-01c5b82f428a} from VM Windows 10 (dabfc2f1-772e-4647-84a6-e44af284bf79) in /Users/rkrivov/PycharmProjects/s3_upload/s3/s3parallels/parallels.py:152
INFO - 2021-08-08 11:25:35,968 - s3_upload.s3.s3parallels.parallels - parallels.set_virtual_machine_status - MainThread - Set status RESUME to VM Windows 10 in /Users/rkrivov/PycharmProjects/s3_upload/s3/s3parallels/parallels.py:298
INFO - 2021-08-08 11:25:47,037 - s3_upload.__main__ - main.main - MainThread - Elapsed time is 1 minute 35 seconds 496 milliseconds. in /Users/rkrivov/PycharmProjects/s3_upload/main.py:109
INFO - 2021-08-08 11:26:19,428 - s3_upload.s3.s3storage - s3storage.__init__ - MainThread - Open S3 AWS Session... in /Users/rkrivov/PycharmProjects/s3_upload/s3/s3storage.py:35
INFO - 2021-08-08 11:26:19,449 - s3_upload.s3.s3storage - s3storage.__init__ - MainThread - Initialize S3 AWS client for https://hb.bizmrg.com... in /Users/rkrivov/PycharmProjects/s3_upload/s3/s3storage.py:52
INFO - 2021-08-08 11:26:24,232 - s3_upload.s3.s3parallels.parallels - parallels.set_virtual_machine_status - MainThread - Set status SUSPEND to VM Windows 10 in /Users/rkrivov/PycharmProjects/s3_upload/s3/s3parallels/parallels.py:298
INFO - 2021-08-08 11:26:28,257 - s3_upload.s3.s3parallels.operation - operation._process - MainThread - Found VM Windows 10 with identifier dabfc2f1-772e-4647-84a6-e44af284bf79  and uptime is over one hour. in /Users/rkrivov/PycharmProjects/s3_upload/s3/s3parallels/operation.py:472
INFO - 2021-08-08 11:26:28,681 - s3_upload.s3.s3parallels.parallels - parallels.get_snapshot_list - MainThread - Snapshot {c0b71c26-94f9-4069-9fe4-01c5b82f428a} expire 2021-08-02 00:19 (11 days) in /Users/rkrivov/PycharmProjects/s3_upload/s3/s3parallels/parallels.py:211
INFO - 2021-08-08 11:26:28,681 - s3_upload.s3.s3parallels.parallels - parallels.get_snapshot_list - MainThread - Snapshot {5dc3f720-8618-4927-a0f8-448accf9d599} expire 2021-08-02 11:01 (11 days) in /Users/rkrivov/PycharmProjects/s3_upload/s3/s3parallels/parallels.py:211
INFO - 2021-08-08 11:26:28,681 - s3_upload.s3.s3parallels.parallels - parallels.get_snapshot_list - MainThread - Snapshot {edb20c8a-5206-4063-a2cd-80b0fe686021} expire 2021-08-03 22:33 (9 days) in /Users/rkrivov/PycharmProjects/s3_upload/s3/s3parallels/parallels.py:211
INFO - 2021-08-08 11:26:28,682 - s3_upload.s3.s3parallels.parallels - parallels.delete_snapshot - MainThread - Delete virtual_machine_snapshot {c0b71c26-94f9-4069-9fe4-01c5b82f428a} from VM Windows 10 (dabfc2f1-772e-4647-84a6-e44af284bf79) in /Users/rkrivov/PycharmProjects/s3_upload/s3/s3parallels/parallels.py:152
INFO - 2021-08-08 11:26:29,820 - s3_upload.s3.s3parallels.parallels - parallels.set_virtual_machine_status - MainThread - Set status RESUME to VM Windows 10 in /Users/rkrivov/PycharmProjects/s3_upload/s3/s3parallels/parallels.py:298
INFO - 2021-08-08 11:26:34,974 - s3_upload.__main__ - main.main - MainThread - Elapsed time is 16 seconds 662 milliseconds. in /Users/rkrivov/PycharmProjects/s3_upload/main.py:109
INFO - 2021-08-08 11:27:09,300 - s3_upload.s3.s3storage - s3storage.__init__ - MainThread - Open S3 AWS Session... in /Users/rkrivov/PycharmProjects/s3_upload/s3/s3storage.py:35
INFO - 2021-08-08 11:27:09,319 - s3_upload.s3.s3storage - s3storage.__init__ - MainThread - Initialize S3 AWS client for https://hb.bizmrg.com... in /Users/rkrivov/PycharmProjects/s3_upload/s3/s3storage.py:52
INFO - 2021-08-08 11:27:14,022 - s3_upload.s3.s3parallels.parallels - parallels.set_virtual_machine_status - MainThread - Set status SUSPEND to VM Windows 10 in /Users/rkrivov/PycharmProjects/s3_upload/s3/s3parallels/parallels.py:298
INFO - 2021-08-08 11:27:17,888 - s3_upload.s3.s3parallels.operation - operation._process - MainThread - Found VM Windows 10 with identifier dabfc2f1-772e-4647-84a6-e44af284bf79  and uptime is over one hour. in /Users/rkrivov/PycharmProjects/s3_upload/s3/s3parallels/operation.py:472
INFO - 2021-08-08 11:27:18,317 - s3_upload.s3.s3parallels.parallels - parallels.get_snapshot_list - MainThread - Snapshot {c0b71c26-94f9-4069-9fe4-01c5b82f428a} expire 2021-08-02 00:19 (11 days) in /Users/rkrivov/PycharmProjects/s3_upload/s3/s3parallels/parallels.py:211
INFO - 2021-08-08 11:27:18,317 - s3_upload.s3.s3parallels.parallels - parallels.get_snapshot_list - MainThread - Snapshot {5dc3f720-8618-4927-a0f8-448accf9d599} expire 2021-08-02 11:01 (11 days) in /Users/rkrivov/PycharmProjects/s3_upload/s3/s3parallels/parallels.py:211
INFO - 2021-08-08 11:27:18,318 - s3_upload.s3.s3parallels.parallels - parallels.get_snapshot_list - MainThread - Snapshot {edb20c8a-5206-4063-a2cd-80b0fe686021} expire 2021-08-03 22:33 (9 days) in /Users/rkrivov/PycharmProjects/s3_upload/s3/s3parallels/parallels.py:211
INFO - 2021-08-08 11:27:18,318 - s3_upload.s3.s3parallels.parallels - parallels.delete_snapshot - MainThread - Delete virtual_machine_snapshot {c0b71c26-94f9-4069-9fe4-01c5b82f428a} from VM Windows 10 (dabfc2f1-772e-4647-84a6-e44af284bf79) in /Users/rkrivov/PycharmProjects/s3_upload/s3/s3parallels/parallels.py:152
INFO - 2021-08-08 11:27:19,456 - s3_upload.s3.s3parallels.parallels - parallels.set_virtual_machine_status - MainThread - Set status RESUME to VM Windows 10 in /Users/rkrivov/PycharmProjects/s3_upload/s3/s3parallels/parallels.py:298
INFO - 2021-08-08 11:27:24,897 - s3_upload.__main__ - main.main - MainThread - Elapsed time is 16 seconds 498 milliseconds. in /Users/rkrivov/PycharmProjects/s3_upload/main.py:107
INFO - 2021-08-08 16:53:59,609 - s3_upload.s3.s3storage - s3storage.__init__ - MainThread - Open S3 AWS Session... in /Users/rkrivov/PycharmProjects/s3_upload/s3/s3storage.py:35
INFO - 2021-08-08 16:53:59,727 - s3_upload.s3.s3storage - s3storage.__init__ - MainThread - Initialize S3 AWS client for https://hb.bizmrg.com... in /Users/rkrivov/PycharmProjects/s3_upload/s3/s3storage.py:52
INFO - 2021-08-08 16:54:04,682 - s3_upload.s3.s3parallels.operation - operation._process - MainThread - Found VM Windows 10 with identifier dabfc2f1-772e-4647-84a6-e44af284bf79  and uptime is over one hour. in /Users/rkrivov/PycharmProjects/s3_upload/s3/s3parallels/operation.py:472
INFO - 2021-08-08 16:56:35,895 - s3_upload.__main__ - main.main - MainThread - Elapsed time is 2 minutes 39 seconds 436 milliseconds. in /Users/rkrivov/PycharmProjects/s3_upload/main.py:107
INFO - 2021-08-08 16:56:39,301 - s3_upload.s3.s3storage - s3storage.__init__ - MainThread - Open S3 AWS Session... in /Users/rkrivov/PycharmProjects/s3_upload/s3/s3storage.py:35
INFO - 2021-08-08 16:56:39,340 - s3_upload.s3.s3storage - s3storage.__init__ - MainThread - Initialize S3 AWS client for https://hb.bizmrg.com... in /Users/rkrivov/PycharmProjects/s3_upload/s3/s3storage.py:52
INFO - 2021-08-08 16:56:44,564 - s3_upload.s3.s3parallels.parallels - parallels.set_virtual_machine_status - MainThread - Set status SUSPEND to VM Windows 10 in /Users/rkrivov/PycharmProjects/s3_upload/s3/s3parallels/parallels.py:298
INFO - 2021-08-08 16:56:49,475 - s3_upload.s3.s3parallels.operation - operation._process - MainThread - Found VM Windows 10 with identifier dabfc2f1-772e-4647-84a6-e44af284bf79  and uptime is over one hour. in /Users/rkrivov/PycharmProjects/s3_upload/s3/s3parallels/operation.py:472
INFO - 2021-08-08 16:56:52,757 - s3_upload.s3.s3parallels.parallels - parallels.get_snapshot_list - MainThread - Snapshot {c0b71c26-94f9-4069-9fe4-01c5b82f428a} expire 2021-08-02 00:19 (11 days) in /Users/rkrivov/PycharmProjects/s3_upload/s3/s3parallels/parallels.py:211
INFO - 2021-08-08 16:56:52,757 - s3_upload.s3.s3parallels.parallels - parallels.get_snapshot_list - MainThread - Snapshot {edb20c8a-5206-4063-a2cd-80b0fe686021} expire 2021-08-03 22:33 (9 days) in /Users/rkrivov/PycharmProjects/s3_upload/s3/s3parallels/parallels.py:211
INFO - 2021-08-08 16:59:11,027 - s3_upload.s3.s3parallels.parallels - parallels.set_virtual_machine_status - MainThread - Set status RESUME to VM Windows 10 in /Users/rkrivov/PycharmProjects/s3_upload/s3/s3parallels/parallels.py:298
INFO - 2021-08-08 16:59:20,332 - s3_upload.__main__ - main.main - MainThread - Elapsed time is 2 minutes 41 seconds 985 milliseconds. in /Users/rkrivov/PycharmProjects/s3_upload/main.py:91
INFO - 2021-08-08 16:59:54,665 - s3_upload.s3.s3storage - s3storage.__init__ - MainThread - Open S3 AWS Session... in /Users/rkrivov/PycharmProjects/s3_upload/s3/s3storage.py:35
INFO - 2021-08-08 16:59:54,703 - s3_upload.s3.s3storage - s3storage.__init__ - MainThread - Initialize S3 AWS client for https://hb.bizmrg.com... in /Users/rkrivov/PycharmProjects/s3_upload/s3/s3storage.py:52
INFO - 2021-08-08 16:59:59,612 - s3_upload.s3.s3parallels.parallels - parallels.set_virtual_machine_status - MainThread - Set status SUSPEND to VM Windows 10 in /Users/rkrivov/PycharmProjects/s3_upload/s3/s3parallels/parallels.py:298
INFO - 2021-08-08 17:00:05,005 - s3_upload.s3.s3parallels.operation - operation._process - MainThread - Found VM Windows 10 with identifier dabfc2f1-772e-4647-84a6-e44af284bf79  and uptime is over one hour. in /Users/rkrivov/PycharmProjects/s3_upload/s3/s3parallels/operation.py:472
INFO - 2021-08-08 17:00:08,417 - s3_upload.s3.s3parallels.parallels - parallels.get_snapshot_list - MainThread - Snapshot {c0b71c26-94f9-4069-9fe4-01c5b82f428a} expire 2021-08-02 00:19 (11 days) in /Users/rkrivov/PycharmProjects/s3_upload/s3/s3parallels/parallels.py:211
INFO - 2021-08-08 17:00:08,418 - s3_upload.s3.s3parallels.parallels - parallels.get_snapshot_list - MainThread - Snapshot {edb20c8a-5206-4063-a2cd-80b0fe686021} expire 2021-08-03 22:33 (9 days) in /Users/rkrivov/PycharmProjects/s3_upload/s3/s3parallels/parallels.py:211
INFO - 2021-08-08 17:00:08,418 - s3_upload.s3.s3parallels.parallels - parallels.get_snapshot_list - MainThread - Snapshot {1e09fb63-a250-46bb-b9f2-14f36944ec54} expire 2021-08-13 16:59 (0 day) in /Users/rkrivov/PycharmProjects/s3_upload/s3/s3parallels/parallels.py:211
INFO - 2021-08-08 17:00:18,693 - s3_upload.s3.s3parallels.parallels - parallels.delete_snapshot - MainThread - Delete virtual_machine_snapshot {c0b71c26-94f9-4069-9fe4-01c5b82f428a} from VM Windows 10 (dabfc2f1-772e-4647-84a6-e44af284bf79) in /Users/rkrivov/PycharmProjects/s3_upload/s3/s3parallels/parallels.py:152
INFO - 2021-08-08 17:01:46,416 - s3_upload.s3.s3parallels.parallels - parallels.delete_snapshot - MainThread - Delete virtual_machine_snapshot {edb20c8a-5206-4063-a2cd-80b0fe686021} from VM Windows 10 (dabfc2f1-772e-4647-84a6-e44af284bf79) in /Users/rkrivov/PycharmProjects/s3_upload/s3/s3parallels/parallels.py:152
INFO - 2021-08-08 17:02:30,049 - s3_upload.s3.s3parallels.parallels - parallels.get_snapshot_list - MainThread - Snapshot {1e09fb63-a250-46bb-b9f2-14f36944ec54} expire 2021-08-13 16:59 (0 day) in /Users/rkrivov/PycharmProjects/s3_upload/s3/s3parallels/parallels.py:211
INFO - 2021-08-08 17:06:51,507 - s3_upload.s3.s3parallels.parallels - parallels.set_virtual_machine_status - MainThread - Set status RESUME to VM Windows 10 in /Users/rkrivov/PycharmProjects/s3_upload/s3/s3parallels/parallels.py:298
INFO - 2021-08-08 17:06:57,268 - s3_upload.__main__ - main.main - MainThread - Elapsed time is 7 minutes 3 seconds 408 milliseconds. in /Users/rkrivov/PycharmProjects/s3_upload/main.py:91
INFO - 2021-08-08 17:06:59,448 - s3_upload.__main__ - main.main - MainThread - Elapsed time is 22 milliseconds. in /Users/rkrivov/PycharmProjects/s3_upload/main.py:107
INFO - 2021-08-08 17:09:02,132 - s3_upload.s3.s3storage - s3storage.__init__ - MainThread - Open S3 AWS Session... in /Users/rkrivov/PycharmProjects/s3_upload/s3/s3storage.py:35
INFO - 2021-08-08 17:09:02,161 - s3_upload.s3.s3storage - s3storage.__init__ - MainThread - Initialize S3 AWS client for https://hb.bizmrg.com... in /Users/rkrivov/PycharmProjects/s3_upload/s3/s3storage.py:52
INFO - 2021-08-08 17:09:06,569 - s3_upload.s3.s3parallels.parallels - parallels.set_virtual_machine_status - MainThread - Set status SUSPEND to VM Windows 10 in /Users/rkrivov/PycharmProjects/s3_upload/s3/s3parallels/parallels.py:298
INFO - 2021-08-08 17:09:11,970 - s3_upload.s3.s3parallels.operation - operation._process - MainThread - Found VM Windows 10 with identifier dabfc2f1-772e-4647-84a6-e44af284bf79  and uptime is over one hour. in /Users/rkrivov/PycharmProjects/s3_upload/s3/s3parallels/operation.py:472
INFO - 2021-08-08 17:09:19,666 - s3_upload.s3.s3parallels.parallels - parallels.get_snapshot_list - MainThread - Snapshot {1e09fb63-a250-46bb-b9f2-14f36944ec54} expire 2021-08-13 16:59 (0 day) in /Users/rkrivov/PycharmProjects/s3_upload/s3/s3parallels/parallels.py:211
INFO - 2021-08-08 17:11:19,790 - s3_upload.s3.s3parallels.parallels - parallels.set_virtual_machine_status - MainThread - Set status RESUME to VM Windows 10 in /Users/rkrivov/PycharmProjects/s3_upload/s3/s3parallels/parallels.py:298
INFO - 2021-08-08 17:11:30,819 - s3_upload.__main__ - main.main - MainThread - Elapsed time is 2 minutes 29 seconds 679 milliseconds. in /Users/rkrivov/PycharmProjects/s3_upload/main.py:107
INFO - 2021-08-08 17:12:28,721 - s3_upload.s3.s3storage - s3storage.__init__ - MainThread - Open S3 AWS Session... in /Users/rkrivov/PycharmProjects/s3_upload/s3/s3storage.py:35
INFO - 2021-08-08 17:12:28,754 - s3_upload.s3.s3storage - s3storage.__init__ - MainThread - Initialize S3 AWS client for https://hb.bizmrg.com... in /Users/rkrivov/PycharmProjects/s3_upload/s3/s3storage.py:52
INFO - 2021-08-08 17:12:34,306 - s3_upload.s3.s3parallels.parallels - parallels.set_virtual_machine_status - MainThread - Set status SUSPEND to VM Windows 10 in /Users/rkrivov/PycharmProjects/s3_upload/s3/s3parallels/parallels.py:298
INFO - 2021-08-08 17:12:40,021 - s3_upload.s3.s3parallels.operation - operation._process - MainThread - Found VM Windows 10 with identifier dabfc2f1-772e-4647-84a6-e44af284bf79  and uptime is over one hour. in /Users/rkrivov/PycharmProjects/s3_upload/s3/s3parallels/operation.py:472
INFO - 2021-08-08 17:12:43,399 - s3_upload.s3.s3parallels.parallels - parallels.get_snapshot_list - MainThread - Snapshot {1e09fb63-a250-46bb-b9f2-14f36944ec54} expire 2021-08-13 16:59 (0 day) in /Users/rkrivov/PycharmProjects/s3_upload/s3/s3parallels/parallels.py:211
INFO - 2021-08-08 17:13:10,246 - s3_upload.s3.s3parallels.parallels - parallels.set_virtual_machine_status - MainThread - Set status RESUME to VM Windows 10 in /Users/rkrivov/PycharmProjects/s3_upload/s3/s3parallels/parallels.py:298
INFO - 2021-08-08 17:13:17,067 - s3_upload.__main__ - main.main - MainThread - Elapsed time is 48 seconds 901 milliseconds. in /Users/rkrivov/PycharmProjects/s3_upload/main.py:107
INFO - 2021-08-08 17:13:23,678 - s3_upload.s3.s3storage - s3storage.__init__ - MainThread - Open S3 AWS Session... in /Users/rkrivov/PycharmProjects/s3_upload/s3/s3storage.py:35
INFO - 2021-08-08 17:13:23,714 - s3_upload.s3.s3storage - s3storage.__init__ - MainThread - Initialize S3 AWS client for https://hb.bizmrg.com... in /Users/rkrivov/PycharmProjects/s3_upload/s3/s3storage.py:52
INFO - 2021-08-08 17:13:28,453 - s3_upload.s3.s3parallels.parallels - parallels.set_virtual_machine_status - MainThread - Set status SUSPEND to VM Windows 10 in /Users/rkrivov/PycharmProjects/s3_upload/s3/s3parallels/parallels.py:298
INFO - 2021-08-08 17:13:33,718 - s3_upload.s3.s3parallels.operation - operation._process - MainThread - Found VM Windows 10 with identifier dabfc2f1-772e-4647-84a6-e44af284bf79  and uptime is over one hour. in /Users/rkrivov/PycharmProjects/s3_upload/s3/s3parallels/operation.py:472
INFO - 2021-08-08 17:13:33,985 - s3_upload.s3.s3parallels.parallels - parallels.get_snapshot_list - MainThread - Snapshot {1e09fb63-a250-46bb-b9f2-14f36944ec54} expire 2021-08-13 16:59 (0 day) in /Users/rkrivov/PycharmProjects/s3_upload/s3/s3parallels/parallels.py:211
INFO - 2021-08-08 17:14:34,922 - s3_upload.s3.s3parallels.parallels - parallels.set_virtual_machine_status - MainThread - Set status RESUME to VM Windows 10 in /Users/rkrivov/PycharmProjects/s3_upload/s3/s3parallels/parallels.py:298
INFO - 2021-08-08 17:14:41,417 - s3_upload.__main__ - main.main - MainThread - Elapsed time is 1 minute 18 seconds 348 milliseconds. in /Users/rkrivov/PycharmProjects/s3_upload/main.py:91
INFO - 2021-08-08 17:14:44,223 - s3_upload.s3.s3storage - s3storage.__init__ - MainThread - Open S3 AWS Session... in /Users/rkrivov/PycharmProjects/s3_upload/s3/s3storage.py:35
INFO - 2021-08-08 17:14:44,268 - s3_upload.s3.s3storage - s3storage.__init__ - MainThread - Initialize S3 AWS client for https://hb.bizmrg.com... in /Users/rkrivov/PycharmProjects/s3_upload/s3/s3storage.py:52
INFO - 2021-08-08 17:14:49,435 - s3_upload.s3.s3parallels.parallels - parallels.set_virtual_machine_status - MainThread - Set status SUSPEND to VM Windows 10 in /Users/rkrivov/PycharmProjects/s3_upload/s3/s3parallels/parallels.py:298
INFO - 2021-08-08 17:14:54,945 - s3_upload.s3.s3parallels.operation - operation._process - MainThread - Found VM Windows 10 with identifier dabfc2f1-772e-4647-84a6-e44af284bf79  and uptime is over one hour. in /Users/rkrivov/PycharmProjects/s3_upload/s3/s3parallels/operation.py:472
INFO - 2021-08-08 17:14:55,212 - s3_upload.s3.s3parallels.parallels - parallels.get_snapshot_list - MainThread - Snapshot {1e09fb63-a250-46bb-b9f2-14f36944ec54} expire 2021-08-13 16:59 (0 day) in /Users/rkrivov/PycharmProjects/s3_upload/s3/s3parallels/parallels.py:211
INFO - 2021-08-08 17:16:23,474 - s3_upload.s3.s3parallels.backup - backup._do_file_operation - MainThread - Upload file Parallels/Standard/dabfc2f1-772e-4647-84a6-e44af284bf79/Windows 10.pvm/parallels-tools.log... in /Users/rkrivov/PycharmProjects/s3_upload/s3/s3parallels/backup.py:42
INFO - 2021-08-08 17:16:33,976 - s3_upload.s3.s3parallels.backup - backup._do_file_operation - MainThread - Upload file Parallels/Standard/dabfc2f1-772e-4647-84a6-e44af284bf79/Windows 10.pvm/VmInfo.pvi... in /Users/rkrivov/PycharmProjects/s3_upload/s3/s3parallels/backup.py:42
INFO - 2021-08-08 17:16:37,376 - s3_upload.s3.s3parallels.backup - backup._do_file_operation - MainThread - Upload file Parallels/Standard/dabfc2f1-772e-4647-84a6-e44af284bf79/Windows 10.pvm/suspended.png... in /Users/rkrivov/PycharmProjects/s3_upload/s3/s3parallels/backup.py:42
INFO - 2021-08-08 17:16:40,354 - s3_upload.s3.s3parallels.backup - backup._do_file_operation - MainThread - Upload file Parallels/Standard/dabfc2f1-772e-4647-84a6-e44af284bf79/Windows 10.pvm/config.sav... in /Users/rkrivov/PycharmProjects/s3_upload/s3/s3parallels/backup.py:42
INFO - 2021-08-08 17:16:40,721 - s3_upload.s3.s3parallels.backup - backup._do_file_operation - MainThread - Upload file Parallels/Standard/dabfc2f1-772e-4647-84a6-e44af284bf79/Windows 10.pvm/config.pvs... in /Users/rkrivov/PycharmProjects/s3_upload/s3/s3parallels/backup.py:42
INFO - 2021-08-08 17:16:40,881 - s3_upload.s3.s3parallels.backup - backup._do_file_operation - MainThread - Upload file Parallels/Standard/dabfc2f1-772e-4647-84a6-e44af284bf79/Windows 10.pvm/parallels.log.1.gz... in /Users/rkrivov/PycharmProjects/s3_upload/s3/s3parallels/backup.py:42
INFO - 2021-08-08 17:16:41,189 - s3_upload.s3.s3parallels.backup - backup._do_file_operation - MainThread - Upload file Parallels/Standard/dabfc2f1-772e-4647-84a6-e44af284bf79/Windows 10.pvm/statistic.log... in /Users/rkrivov/PycharmProjects/s3_upload/s3/s3parallels/backup.py:42
INFO - 2021-08-08 17:16:41,707 - s3_upload.s3.s3parallels.backup - backup._do_file_operation - MainThread - Upload file Parallels/Standard/dabfc2f1-772e-4647-84a6-e44af284bf79/Windows 10.pvm/Snapshots.xml... in /Users/rkrivov/PycharmProjects/s3_upload/s3/s3parallels/backup.py:42
INFO - 2021-08-08 17:16:41,806 - s3_upload.s3.s3parallels.backup - backup._do_file_operation - MainThread - Upload file Parallels/Standard/dabfc2f1-772e-4647-84a6-e44af284bf79/Windows 10.pvm/config.pvs.backup... in /Users/rkrivov/PycharmProjects/s3_upload/s3/s3parallels/backup.py:42
INFO - 2021-08-08 17:16:41,849 - s3_upload.s3.s3parallels.backup - backup._do_file_operation - MainThread - Upload file Parallels/Standard/dabfc2f1-772e-4647-84a6-e44af284bf79/Windows 10.pvm/parallels.log... in /Users/rkrivov/PycharmProjects/s3_upload/s3/s3parallels/backup.py:42
INFO - 2021-08-08 17:16:42,776 - s3_upload.s3.s3parallels.backup - backup._do_file_operation - MainThread - Upload file Parallels/Standard/dabfc2f1-772e-4647-84a6-e44af284bf79/Windows 10.pvm/{24908bb6-e164-44f9-99a4-9b1609dd9233}.mem... in /Users/rkrivov/PycharmProjects/s3_upload/s3/s3parallels/backup.py:42
INFO - 2021-08-08 17:19:37,922 - s3_upload.s3.s3parallels.backup - backup._do_file_operation - MainThread - Upload file Parallels/Standard/dabfc2f1-772e-4647-84a6-e44af284bf79/Windows 10.pvm/NVRAM.dat... in /Users/rkrivov/PycharmProjects/s3_upload/s3/s3parallels/backup.py:42
INFO - 2021-08-08 17:19:38,008 - s3_upload.s3.s3parallels.backup - backup._do_file_operation - MainThread - Upload file Parallels/Standard/dabfc2f1-772e-4647-84a6-e44af284bf79/Windows 10.pvm/Unattended.iso... in /Users/rkrivov/PycharmProjects/s3_upload/s3/s3parallels/backup.py:42
INFO - 2021-08-08 17:19:38,226 - s3_upload.s3.s3parallels.backup - backup._do_file_operation - MainThread - Upload file Parallels/Standard/dabfc2f1-772e-4647-84a6-e44af284bf79/Windows 10.pvm/Windows 10.app/Contents/Info.plist... in /Users/rkrivov/PycharmProjects/s3_upload/s3/s3parallels/backup.py:42
INFO - 2021-08-08 17:19:38,301 - s3_upload.s3.s3parallels.backup - backup._do_file_operation - MainThread - Upload file Parallels/Standard/dabfc2f1-772e-4647-84a6-e44af284bf79/Windows 10.pvm/Windows 10.app/Contents/PkgInfo... in /Users/rkrivov/PycharmProjects/s3_upload/s3/s3parallels/backup.py:42
INFO - 2021-08-08 17:19:38,327 - s3_upload.s3.s3parallels.backup - backup._do_file_operation - MainThread - Upload file Parallels/Standard/dabfc2f1-772e-4647-84a6-e44af284bf79/Windows 10.pvm/Windows 10.app/Contents/MacOS/WinAppHelper... in /Users/rkrivov/PycharmProjects/s3_upload/s3/s3parallels/backup.py:42
INFO - 2021-08-08 17:19:38,405 - s3_upload.s3.s3parallels.backup - backup._do_file_operation - MainThread - Upload file Parallels/Standard/dabfc2f1-772e-4647-84a6-e44af284bf79/Windows 10.pvm/Windows 10.app/Contents/Resources/AppParams.pva... in /Users/rkrivov/PycharmProjects/s3_upload/s3/s3parallels/backup.py:42
INFO - 2021-08-08 17:19:38,482 - s3_upload.s3.s3parallels.backup - backup._do_file_operation - MainThread - Upload file Parallels/Standard/dabfc2f1-772e-4647-84a6-e44af284bf79/Windows 10.pvm/Windows 10.app/Contents/Resources/WinAppHelper.icns... in /Users/rkrivov/PycharmProjects/s3_upload/s3/s3parallels/backup.py:42
INFO - 2021-08-08 17:19:38,578 - s3_upload.s3.s3parallels.backup - backup._do_file_operation - MainThread - Upload file Parallels/Standard/dabfc2f1-772e-4647-84a6-e44af284bf79/Windows 10.pvm/Windows 10.app/Contents/Resources/English.lproj/InfoPlist.strings... in /Users/rkrivov/PycharmProjects/s3_upload/s3/s3parallels/backup.py:42
INFO - 2021-08-08 17:19:38,643 - s3_upload.s3.s3parallels.backup - backup._do_file_operation - MainThread - Upload file Parallels/Standard/dabfc2f1-772e-4647-84a6-e44af284bf79/Windows 10.pvm/Snapshots/{1e09fb63-a250-46bb-b9f2-14f36944ec54}.pvi... in /Users/rkrivov/PycharmProjects/s3_upload/s3/s3parallels/backup.py:42
INFO - 2021-08-08 17:19:38,759 - s3_upload.s3.s3parallels.backup - backup._do_file_operation - MainThread - Upload file Parallels/Standard/dabfc2f1-772e-4647-84a6-e44af284bf79/Windows 10.pvm/Snapshots/{1e09fb63-a250-46bb-b9f2-14f36944ec54}.dat... in /Users/rkrivov/PycharmProjects/s3_upload/s3/s3parallels/backup.py:42
INFO - 2021-08-08 17:19:38,927 - s3_upload.s3.s3parallels.backup - backup._do_file_operation - MainThread - Upload file Parallels/Standard/dabfc2f1-772e-4647-84a6-e44af284bf79/Windows 10.pvm/Snapshots/{1e09fb63-a250-46bb-b9f2-14f36944ec54}.png... in /Users/rkrivov/PycharmProjects/s3_upload/s3/s3parallels/backup.py:42
INFO - 2021-08-08 17:19:39,026 - s3_upload.s3.s3parallels.backup - backup._do_file_operation - MainThread - Upload file Parallels/Standard/dabfc2f1-772e-4647-84a6-e44af284bf79/Windows 10.pvm/Snapshots/{1e09fb63-a250-46bb-b9f2-14f36944ec54}.sav... in /Users/rkrivov/PycharmProjects/s3_upload/s3/s3parallels/backup.py:42
INFO - 2021-08-08 17:19:39,357 - s3_upload.s3.s3parallels.backup - backup._do_file_operation - MainThread - Upload file Parallels/Standard/dabfc2f1-772e-4647-84a6-e44af284bf79/Windows 10.pvm/Snapshots/{1e09fb63-a250-46bb-b9f2-14f36944ec54}.pvc... in /Users/rkrivov/PycharmProjects/s3_upload/s3/s3parallels/backup.py:42
INFO - 2021-08-08 17:19:39,449 - s3_upload.s3.s3parallels.backup - backup._do_file_operation - MainThread - Upload file Parallels/Standard/dabfc2f1-772e-4647-84a6-e44af284bf79/Windows 10.pvm/Snapshots/{1e09fb63-a250-46bb-b9f2-14f36944ec54}.mem... in /Users/rkrivov/PycharmProjects/s3_upload/s3/s3parallels/backup.py:42
INFO - 2021-08-08 17:22:35,052 - s3_upload.s3.s3parallels.backup - backup._do_file_operation - MainThread - Upload file Parallels/Standard/dabfc2f1-772e-4647-84a6-e44af284bf79/Windows 10.pvm/harddisk.hdd/DiskDescriptor.xml... in /Users/rkrivov/PycharmProjects/s3_upload/s3/s3parallels/backup.py:42
INFO - 2021-08-08 17:22:35,131 - s3_upload.s3.s3parallels.backup - backup._do_file_operation - MainThread - Upload file Parallels/Standard/dabfc2f1-772e-4647-84a6-e44af284bf79/Windows 10.pvm/harddisk.hdd/harddisk.hdd.0.{5fbaabe3-6958-40ff-92a7-860e329aab41}.hds... in /Users/rkrivov/PycharmProjects/s3_upload/s3/s3parallels/backup.py:42
INFO - 2021-08-08 17:28:04,569 - s3_upload.s3.s3parallels.backup - backup._do_file_operation - MainThread - Upload file Parallels/Standard/dabfc2f1-772e-4647-84a6-e44af284bf79/Windows 10.pvm/harddisk.hdd/DiskDescriptor.xml.Backup... in /Users/rkrivov/PycharmProjects/s3_upload/s3/s3parallels/backup.py:42
INFO - 2021-08-08 17:28:04,655 - s3_upload.s3.s3parallels.backup - backup._do_file_operation - MainThread - Upload file Parallels/Standard/dabfc2f1-772e-4647-84a6-e44af284bf79/Windows 10.pvm/harddisk.hdd/harddisk.hdd.drh... in /Users/rkrivov/PycharmProjects/s3_upload/s3/s3parallels/backup.py:42
INFO - 2021-08-08 17:28:04,778 - s3_upload.s3.s3parallels.backup - backup._do_file_operation - MainThread - Upload file Parallels/Standard/dabfc2f1-772e-4647-84a6-e44af284bf79/Windows 10.pvm/harddisk.hdd/harddisk.hdd... in /Users/rkrivov/PycharmProjects/s3_upload/s3/s3parallels/backup.py:42
INFO - 2021-08-08 17:28:04,802 - s3_upload.s3.s3parallels.backup - backup._do_file_operation - MainThread - Upload file Parallels/Standard/dabfc2f1-772e-4647-84a6-e44af284bf79/Windows 10.pvm/harddisk.hdd/harddisk.hdd.0.{1e09fb63-a250-46bb-b9f2-14f36944ec54}.hds... in /Users/rkrivov/PycharmProjects/s3_upload/s3/s3parallels/backup.py:42
INFO - 2021-08-09 00:26:03,470 - s3_upload.s3.s3parallels.parallels - parallels.set_virtual_machine_status - MainThread - Set status RESUME to VM Windows 10 in /Users/rkrivov/PycharmProjects/s3_upload/s3/s3parallels/parallels.py:298
INFO - 2021-08-09 00:26:15,314 - s3_upload.__main__ - main.main - MainThread - Elapsed time is 7 hours 11 minutes 31 seconds 663 milliseconds. in /Users/rkrivov/PycharmProjects/s3_upload/main.py:107
