INFO - 2021-08-09 11:21:01,736 - s3_upload.__main__ - main.main - MainThread - Elapsed time is 14 seconds 377 milliseconds. in /Users/rkrivov/PycharmProjects/s3_upload/main.py:117
INFO - 2021-08-09 11:28:30,766 - s3_upload.__main__ - main.main - MainThread - Elapsed time is 1 minute 3 seconds 511 milliseconds. in /Users/rkrivov/PycharmProjects/s3_upload/main.py:127
INFO - 2021-08-09 11:29:03,675 - s3_upload.s3.s3storage - s3storage.__init__ - MainThread - Open S3 AWS Session... in /Users/rkrivov/PycharmProjects/s3_upload/s3/s3storage.py:54
INFO - 2021-08-09 11:29:03,736 - s3_upload.s3.s3storage - s3storage.__init__ - MainThread - Initialize S3 AWS client for https://hb.bizmrg.com... in /Users/rkrivov/PycharmProjects/s3_upload/s3/s3storage.py:71
INFO - 2021-08-09 11:29:30,928 - s3_upload.s3.s3parallels.parallels - parallels.set_virtual_machine_status - MainThread - Set status SUSPEND to VM Windows 10 in /Users/rkrivov/PycharmProjects/s3_upload/s3/s3parallels/parallels.py:299
INFO - 2021-08-09 11:29:44,760 - s3_upload.s3.s3parallels.operation - operation._process - MainThread - Found VM Windows 10 with identifier dabfc2f1-772e-4647-84a6-e44af284bf79  and uptime is over 4 hours. in /Users/rkrivov/PycharmProjects/s3_upload/s3/s3parallels/operation.py:472
INFO - 2021-08-09 11:29:50,388 - s3_upload.s3.s3parallels.parallels - parallels.get_snapshot_list - MainThread - Snapshot {1e09fb63-a250-46bb-b9f2-14f36944ec54} expire 2021-08-13 16:59 (0 day) in /Users/rkrivov/PycharmProjects/s3_upload/s3/s3parallels/parallels.py:212
INFO - 2021-08-09 11:29:50,684 - s3_upload.s3.s3parallels.parallels - parallels.create_snapshot - MainThread - Create virtual_machine_snapshot "Snapshot for Windows 10 was created on 2021-08-09 11:29:50" for VM Windows 10 ({dabfc2f1-772e-4647-84a6-e44af284bf79})... in /Users/rkrivov/PycharmProjects/s3_upload/s3/s3parallels/parallels.py:129
INFO - 2021-08-09 11:30:48,186 - s3_upload.s3.s3parallels.parallels - parallels.set_virtual_machine_status - MainThread - Set status RESUME to VM Windows 10 in /Users/rkrivov/PycharmProjects/s3_upload/s3/s3parallels/parallels.py:299
INFO - 2021-08-09 11:31:00,112 - s3_upload.__main__ - main.main - MainThread - Elapsed time is 2 minutes 24 seconds 704 milliseconds. in /Users/rkrivov/PycharmProjects/s3_upload/main.py:127
INFO - 2021-08-09 11:31:34,590 - s3_upload.s3.s3storage - s3storage.__init__ - MainThread - Open S3 AWS Session... in /Users/rkrivov/PycharmProjects/s3_upload/s3/s3storage.py:54
INFO - 2021-08-09 11:31:34,634 - s3_upload.s3.s3storage - s3storage.__init__ - MainThread - Initialize S3 AWS client for https://hb.bizmrg.com... in /Users/rkrivov/PycharmProjects/s3_upload/s3/s3storage.py:71
INFO - 2021-08-09 11:31:57,681 - s3_upload.s3.s3parallels.parallels - parallels.set_virtual_machine_status - MainThread - Set status SUSPEND to VM Windows 10 in /Users/rkrivov/PycharmProjects/s3_upload/s3/s3parallels/parallels.py:299
INFO - 2021-08-09 11:32:20,633 - s3_upload.s3.s3parallels.operation - operation._process - MainThread - Found VM Windows 10 with identifier dabfc2f1-772e-4647-84a6-e44af284bf79  and uptime is over 4 hours. in /Users/rkrivov/PycharmProjects/s3_upload/s3/s3parallels/operation.py:472
INFO - 2021-08-09 11:32:32,383 - s3_upload.s3.s3parallels.parallels - parallels.get_snapshot_list - MainThread - Snapshot {1e09fb63-a250-46bb-b9f2-14f36944ec54} expire 2021-08-13 16:59 (0 day) in /Users/rkrivov/PycharmProjects/s3_upload/s3/s3parallels/parallels.py:212
INFO - 2021-08-09 11:33:17,791 - s3_upload.s3.s3parallels.parallels - parallels.create_snapshot - MainThread - Create virtual_machine_snapshot "Snapshot for Windows 10 was created on 2021-08-09 11:32:57" for VM Windows 10 ({dabfc2f1-772e-4647-84a6-e44af284bf79})... in /Users/rkrivov/PycharmProjects/s3_upload/s3/s3parallels/parallels.py:129
INFO - 2021-08-09 11:36:13,150 - s3_upload.s3.s3parallels.parallels - parallels.set_virtual_machine_status - MainThread - Set status RESUME to VM Windows 10 in /Users/rkrivov/PycharmProjects/s3_upload/s3/s3parallels/parallels.py:299
INFO - 2021-08-09 11:36:23,839 - s3_upload.__main__ - main.main - MainThread - Elapsed time is 5 minutes 17 seconds 236 milliseconds. in /Users/rkrivov/PycharmProjects/s3_upload/main.py:127
INFO - 2021-08-09 11:37:26,177 - s3_upload.s3.s3storage - s3storage.__init__ - MainThread - Open S3 AWS Session... in /Users/rkrivov/PycharmProjects/s3_upload/s3/s3storage.py:54
INFO - 2021-08-09 11:37:26,213 - s3_upload.s3.s3storage - s3storage.__init__ - MainThread - Initialize S3 AWS client for https://hb.bizmrg.com... in /Users/rkrivov/PycharmProjects/s3_upload/s3/s3storage.py:71
INFO - 2021-08-09 11:37:31,598 - s3_upload.s3.s3parallels.parallels - parallels.set_virtual_machine_status - MainThread - Set status SUSPEND to VM Windows 10 in /Users/rkrivov/PycharmProjects/s3_upload/s3/s3parallels/parallels.py:299
INFO - 2021-08-09 11:37:35,518 - s3_upload.s3.s3parallels.operation - operation._process - MainThread - Found VM Windows 10 with identifier dabfc2f1-772e-4647-84a6-e44af284bf79  and uptime is over 4 hours. in /Users/rkrivov/PycharmProjects/s3_upload/s3/s3parallels/operation.py:472
INFO - 2021-08-09 11:37:35,954 - s3_upload.s3.s3parallels.parallels - parallels.get_snapshot_list - MainThread - Snapshot {1e09fb63-a250-46bb-b9f2-14f36944ec54} expire 2021-08-13 16:59 (0 day) in /Users/rkrivov/PycharmProjects/s3_upload/s3/s3parallels/parallels.py:212
INFO - 2021-08-09 11:37:35,954 - s3_upload.s3.s3parallels.parallels - parallels.get_snapshot_list - MainThread - Snapshot {ceda3fde-c9fc-4a20-9125-9e2331e22d40} expire 2021-08-14 11:33 (0 day) in /Users/rkrivov/PycharmProjects/s3_upload/s3/s3parallels/parallels.py:212
INFO - 2021-08-09 11:38:41,628 - s3_upload.s3.s3parallels.parallels - parallels.set_virtual_machine_status - MainThread - Set status RESUME to VM Windows 10 in /Users/rkrivov/PycharmProjects/s3_upload/s3/s3parallels/parallels.py:299
INFO - 2021-08-09 11:38:49,156 - s3_upload.__main__ - main.main - MainThread - Elapsed time is 1 minute 26 seconds 300 milliseconds. in /Users/rkrivov/PycharmProjects/s3_upload/main.py:127
INFO - 2021-08-09 11:39:41,442 - s3_upload.s3.s3storage - s3storage.__init__ - MainThread - Open S3 AWS Session... in /Users/rkrivov/PycharmProjects/s3_upload/s3/s3storage.py:54
INFO - 2021-08-09 11:39:41,467 - s3_upload.s3.s3storage - s3storage.__init__ - MainThread - Initialize S3 AWS client for https://hb.bizmrg.com... in /Users/rkrivov/PycharmProjects/s3_upload/s3/s3storage.py:71
INFO - 2021-08-09 11:39:46,255 - s3_upload.s3.s3parallels.parallels - parallels.set_virtual_machine_status - MainThread - Set status SUSPEND to VM Windows 10 in /Users/rkrivov/PycharmProjects/s3_upload/s3/s3parallels/parallels.py:299
INFO - 2021-08-09 11:39:50,016 - s3_upload.s3.s3parallels.operation - operation._process - MainThread - Found VM Windows 10 with identifier dabfc2f1-772e-4647-84a6-e44af284bf79  and uptime is over 4 hours. in /Users/rkrivov/PycharmProjects/s3_upload/s3/s3parallels/operation.py:472
INFO - 2021-08-09 11:39:50,356 - s3_upload.s3.s3parallels.parallels - parallels.get_snapshot_list - MainThread - Snapshot {1e09fb63-a250-46bb-b9f2-14f36944ec54} expire 2021-08-13 16:59 (0 day) in /Users/rkrivov/PycharmProjects/s3_upload/s3/s3parallels/parallels.py:212
INFO - 2021-08-09 11:39:50,357 - s3_upload.s3.s3parallels.parallels - parallels.get_snapshot_list - MainThread - Snapshot {ceda3fde-c9fc-4a20-9125-9e2331e22d40} expire 2021-08-14 11:33 (0 day) in /Users/rkrivov/PycharmProjects/s3_upload/s3/s3parallels/parallels.py:212
INFO - 2021-08-09 11:42:45,201 - s3_upload.s3.s3parallels.parallels - parallels.set_virtual_machine_status - MainThread - Set status RESUME to VM Windows 10 in /Users/rkrivov/PycharmProjects/s3_upload/s3/s3parallels/parallels.py:299
INFO - 2021-08-09 11:42:54,053 - s3_upload.__main__ - main.main - MainThread - Elapsed time is 3 minutes 15 seconds 610 milliseconds. in /Users/rkrivov/PycharmProjects/s3_upload/main.py:117
INFO - 2021-08-09 11:43:15,289 - s3_upload.s3.s3storage - s3storage.__init__ - MainThread - Open S3 AWS Session... in /Users/rkrivov/PycharmProjects/s3_upload/s3/s3storage.py:54
INFO - 2021-08-09 11:43:15,323 - s3_upload.s3.s3storage - s3storage.__init__ - MainThread - Initialize S3 AWS client for https://hb.bizmrg.com... in /Users/rkrivov/PycharmProjects/s3_upload/s3/s3storage.py:71
INFO - 2021-08-09 11:43:19,512 - s3_upload.s3.s3parallels.parallels - parallels.set_virtual_machine_status - MainThread - Set status SUSPEND to VM Windows 10 in /Users/rkrivov/PycharmProjects/s3_upload/s3/s3parallels/parallels.py:299
INFO - 2021-08-09 11:43:23,202 - s3_upload.s3.s3parallels.operation - operation._process - MainThread - Found VM Windows 10 with identifier dabfc2f1-772e-4647-84a6-e44af284bf79  and uptime is over 4 hours. in /Users/rkrivov/PycharmProjects/s3_upload/s3/s3parallels/operation.py:472
INFO - 2021-08-09 11:43:23,568 - s3_upload.s3.s3parallels.parallels - parallels.get_snapshot_list - MainThread - Snapshot {1e09fb63-a250-46bb-b9f2-14f36944ec54} expire 2021-08-13 16:59 (0 day) in /Users/rkrivov/PycharmProjects/s3_upload/s3/s3parallels/parallels.py:212
INFO - 2021-08-09 11:43:23,568 - s3_upload.s3.s3parallels.parallels - parallels.get_snapshot_list - MainThread - Snapshot {ceda3fde-c9fc-4a20-9125-9e2331e22d40} expire 2021-08-14 11:33 (0 day) in /Users/rkrivov/PycharmProjects/s3_upload/s3/s3parallels/parallels.py:212
INFO - 2021-08-09 11:44:38,195 - s3_upload.s3.s3parallels.backup - backup._do_update_file - MainThread - Upload changed file Parallels/Standard/dabfc2f1-772e-4647-84a6-e44af284bf79/Windows 10.pvm/suspended.png (250.88 KB) in /Users/rkrivov/PycharmProjects/s3_upload/s3/s3parallels/backup.py:112
INFO - 2021-08-09 11:45:16,417 - s3_upload.s3.s3parallels.backup - backup._do_update_file - MainThread - Upload changed file Parallels/Standard/dabfc2f1-772e-4647-84a6-e44af284bf79/Windows 10.pvm/config.sav (2.91 MB) in /Users/rkrivov/PycharmProjects/s3_upload/s3/s3parallels/backup.py:112
INFO - 2021-08-09 11:45:21,249 - s3_upload.s3.s3parallels.backup - backup._do_update_file - MainThread - Upload changed file Parallels/Standard/dabfc2f1-772e-4647-84a6-e44af284bf79/Windows 10.pvm/config.pvs (33.10 KB) in /Users/rkrivov/PycharmProjects/s3_upload/s3/s3parallels/backup.py:112
INFO - 2021-08-09 11:45:24,562 - s3_upload.s3.s3parallels.backup - backup._do_update_file - MainThread - Upload changed file Parallels/Standard/dabfc2f1-772e-4647-84a6-e44af284bf79/Windows 10.pvm/statistic.log (3.71 MB) in /Users/rkrivov/PycharmProjects/s3_upload/s3/s3parallels/backup.py:112
INFO - 2021-08-09 11:45:26,863 - s3_upload.s3.s3parallels.backup - backup._do_update_file - MainThread - Upload changed file Parallels/Standard/dabfc2f1-772e-4647-84a6-e44af284bf79/Windows 10.pvm/Snapshots.xml (1.51 KB) in /Users/rkrivov/PycharmProjects/s3_upload/s3/s3parallels/backup.py:112
INFO - 2021-08-09 11:45:31,236 - s3_upload.s3.s3parallels.backup - backup._do_update_file - MainThread - Upload changed file Parallels/Standard/dabfc2f1-772e-4647-84a6-e44af284bf79/Windows 10.pvm/config.pvs.backup (33.10 KB) in /Users/rkrivov/PycharmProjects/s3_upload/s3/s3parallels/backup.py:112
INFO - 2021-08-09 11:45:31,321 - s3_upload.s3.s3parallels.backup - backup._do_update_file - MainThread - Upload changed file Parallels/Standard/dabfc2f1-772e-4647-84a6-e44af284bf79/Windows 10.pvm/parallels.log (9.70 MB) in /Users/rkrivov/PycharmProjects/s3_upload/s3/s3parallels/backup.py:112
INFO - 2021-08-09 11:45:32,270 - s3_upload.s3.s3parallels.backup - backup._do_update_file - MainThread - Upload changed file Parallels/Standard/dabfc2f1-772e-4647-84a6-e44af284bf79/Windows 10.pvm/{24908bb6-e164-44f9-99a4-9b1609dd9233}.mem (1.72 GB) in /Users/rkrivov/PycharmProjects/s3_upload/s3/s3parallels/backup.py:112
INFO - 2021-08-09 11:48:26,328 - s3_upload.s3.s3parallels.backup - backup._do_insert_file - MainThread - Upload new file Parallels/Standard/dabfc2f1-772e-4647-84a6-e44af284bf79/Windows 10.pvm/Snapshots/{ceda3fde-c9fc-4a20-9125-9e2331e22d40}.sav (2.93 MB) in /Users/rkrivov/PycharmProjects/s3_upload/s3/s3parallels/backup.py:90
INFO - 2021-08-09 11:48:46,916 - s3_upload.s3.s3parallels.backup - backup._do_insert_file - MainThread - Upload new file Parallels/Standard/dabfc2f1-772e-4647-84a6-e44af284bf79/Windows 10.pvm/Snapshots/{ceda3fde-c9fc-4a20-9125-9e2331e22d40}.png (250.15 KB) in /Users/rkrivov/PycharmProjects/s3_upload/s3/s3parallels/backup.py:90
INFO - 2021-08-09 11:48:47,094 - s3_upload.s3.s3parallels.backup - backup._do_insert_file - MainThread - Upload new file Parallels/Standard/dabfc2f1-772e-4647-84a6-e44af284bf79/Windows 10.pvm/Snapshots/{ceda3fde-c9fc-4a20-9125-9e2331e22d40}.pvi (32.43 KB) in /Users/rkrivov/PycharmProjects/s3_upload/s3/s3parallels/backup.py:90
INFO - 2021-08-09 11:48:47,231 - s3_upload.s3.s3parallels.backup - backup._do_insert_file - MainThread - Upload new file Parallels/Standard/dabfc2f1-772e-4647-84a6-e44af284bf79/Windows 10.pvm/Snapshots/{ceda3fde-c9fc-4a20-9125-9e2331e22d40}.dat (65.54 KB) in /Users/rkrivov/PycharmProjects/s3_upload/s3/s3parallels/backup.py:90
INFO - 2021-08-09 11:48:47,350 - s3_upload.s3.s3parallels.backup - backup._do_insert_file - MainThread - Upload new file Parallels/Standard/dabfc2f1-772e-4647-84a6-e44af284bf79/Windows 10.pvm/Snapshots/{ceda3fde-c9fc-4a20-9125-9e2331e22d40}.mem (1.71 GB) in /Users/rkrivov/PycharmProjects/s3_upload/s3/s3parallels/backup.py:90
INFO - 2021-08-09 11:51:18,248 - s3_upload.s3.s3parallels.backup - backup._do_insert_file - MainThread - Upload new file Parallels/Standard/dabfc2f1-772e-4647-84a6-e44af284bf79/Windows 10.pvm/Snapshots/{ceda3fde-c9fc-4a20-9125-9e2331e22d40}.pvc (33.10 KB) in /Users/rkrivov/PycharmProjects/s3_upload/s3/s3parallels/backup.py:90
INFO - 2021-08-09 11:51:18,393 - s3_upload.s3.s3parallels.backup - backup._do_insert_file - MainThread - Upload new file Parallels/Standard/dabfc2f1-772e-4647-84a6-e44af284bf79/Windows 10.pvm/harddisk.hdd/harddisk.hdd.{5fbaabe3-6958-40ff-92a7-860e329aab41}.cache (8.27 MB) in /Users/rkrivov/PycharmProjects/s3_upload/s3/s3parallels/backup.py:90
INFO - 2021-08-09 11:51:19,352 - s3_upload.s3.s3parallels.backup - backup._do_update_file - MainThread - Upload changed file Parallels/Standard/dabfc2f1-772e-4647-84a6-e44af284bf79/Windows 10.pvm/harddisk.hdd/DiskDescriptor.xml (2.89 KB) in /Users/rkrivov/PycharmProjects/s3_upload/s3/s3parallels/backup.py:112
INFO - 2021-08-09 11:51:19,600 - s3_upload.s3.s3parallels.backup - backup._do_insert_file - MainThread - Upload new file Parallels/Standard/dabfc2f1-772e-4647-84a6-e44af284bf79/Windows 10.pvm/harddisk.hdd/harddisk.hdd.0.{ceda3fde-c9fc-4a20-9125-9e2331e22d40}.hds (7.88 GB) in /Users/rkrivov/PycharmProjects/s3_upload/s3/s3parallels/backup.py:90
INFO - 2021-08-09 12:02:59,986 - s3_upload.s3.s3parallels.backup - backup._do_update_file - MainThread - Upload changed file Parallels/Standard/dabfc2f1-772e-4647-84a6-e44af284bf79/Windows 10.pvm/harddisk.hdd/harddisk.hdd.0.{5fbaabe3-6958-40ff-92a7-860e329aab41}.hds (488.64 MB) in /Users/rkrivov/PycharmProjects/s3_upload/s3/s3parallels/backup.py:112
INFO - 2021-08-09 12:03:43,036 - s3_upload.s3.s3parallels.backup - backup._do_update_file - MainThread - Upload changed file Parallels/Standard/dabfc2f1-772e-4647-84a6-e44af284bf79/Windows 10.pvm/harddisk.hdd/DiskDescriptor.xml.Backup (2.89 KB) in /Users/rkrivov/PycharmProjects/s3_upload/s3/s3parallels/backup.py:112
INFO - 2021-08-09 12:03:44,379 - s3_upload.s3.s3parallels.parallels - parallels.set_virtual_machine_status - MainThread - Set status RESUME to VM Windows 10 in /Users/rkrivov/PycharmProjects/s3_upload/s3/s3parallels/parallels.py:299
INFO - 2021-08-09 12:03:56,524 - s3_upload.__main__ - main.main - MainThread - Elapsed time is 20 minutes 44 seconds 87 milliseconds. in /Users/rkrivov/PycharmProjects/s3_upload/main.py:127
INFO - 2021-08-09 12:06:14,148 - s3_upload.s3.s3storage - s3storage.__init__ - MainThread - Open S3 AWS Session... in /Users/rkrivov/PycharmProjects/s3_upload/s3/s3storage.py:54
INFO - 2021-08-09 12:06:14,166 - s3_upload.s3.s3storage - s3storage.__init__ - MainThread - Initialize S3 AWS client for https://hb.bizmrg.com... in /Users/rkrivov/PycharmProjects/s3_upload/s3/s3storage.py:71
INFO - 2021-08-09 12:06:18,667 - s3_upload.s3.s3parallels.parallels - parallels.set_virtual_machine_status - MainThread - Set status SUSPEND to VM Windows 10 in /Users/rkrivov/PycharmProjects/s3_upload/s3/s3parallels/parallels.py:299
INFO - 2021-08-09 12:06:23,686 - s3_upload.s3.s3parallels.operation - operation._process - MainThread - Found VM Windows 10 with identifier dabfc2f1-772e-4647-84a6-e44af284bf79  and uptime is over 4 hours. in /Users/rkrivov/PycharmProjects/s3_upload/s3/s3parallels/operation.py:472
INFO - 2021-08-09 12:06:24,102 - s3_upload.s3.s3parallels.parallels - parallels.get_snapshot_list - MainThread - Snapshot {1e09fb63-a250-46bb-b9f2-14f36944ec54} expire 2021-08-13 16:59 (0 day) in /Users/rkrivov/PycharmProjects/s3_upload/s3/s3parallels/parallels.py:212
INFO - 2021-08-09 12:06:24,103 - s3_upload.s3.s3parallels.parallels - parallels.get_snapshot_list - MainThread - Snapshot {ceda3fde-c9fc-4a20-9125-9e2331e22d40} expire 2021-08-14 11:33 (0 day) in /Users/rkrivov/PycharmProjects/s3_upload/s3/s3parallels/parallels.py:212
INFO - 2021-08-09 12:06:30,913 - s3_upload.s3.s3parallels.backup - backup._do_update_file - MainThread - Upload changed file Parallels/Standard/dabfc2f1-772e-4647-84a6-e44af284bf79/Windows 10.pvm/suspended.png (135.40 KB) in /Users/rkrivov/PycharmProjects/s3_upload/s3/s3parallels/backup.py:112
INFO - 2021-08-09 12:06:31,013 - s3_upload.s3.s3parallels.backup - backup._do_update_file - MainThread - Upload changed file Parallels/Standard/dabfc2f1-772e-4647-84a6-e44af284bf79/Windows 10.pvm/config.sav (2.85 MB) in /Users/rkrivov/PycharmProjects/s3_upload/s3/s3parallels/backup.py:112
INFO - 2021-08-09 12:06:31,427 - s3_upload.s3.s3parallels.backup - backup._do_update_file - MainThread - Upload changed file Parallels/Standard/dabfc2f1-772e-4647-84a6-e44af284bf79/Windows 10.pvm/statistic.log (3.71 MB) in /Users/rkrivov/PycharmProjects/s3_upload/s3/s3parallels/backup.py:112
INFO - 2021-08-09 12:06:31,957 - s3_upload.s3.s3parallels.backup - backup._do_update_file - MainThread - Upload changed file Parallels/Standard/dabfc2f1-772e-4647-84a6-e44af284bf79/Windows 10.pvm/parallels.log (9.76 MB) in /Users/rkrivov/PycharmProjects/s3_upload/s3/s3parallels/backup.py:112
INFO - 2021-08-09 12:06:32,951 - s3_upload.s3.s3parallels.backup - backup._do_update_file - MainThread - Upload changed file Parallels/Standard/dabfc2f1-772e-4647-84a6-e44af284bf79/Windows 10.pvm/{24908bb6-e164-44f9-99a4-9b1609dd9233}.mem (1.71 GB) in /Users/rkrivov/PycharmProjects/s3_upload/s3/s3parallels/backup.py:112
INFO - 2021-08-09 12:09:10,295 - s3_upload.s3.s3parallels.backup - backup._do_update_file - MainThread - Upload changed file Parallels/Standard/dabfc2f1-772e-4647-84a6-e44af284bf79/Windows 10.pvm/harddisk.hdd/harddisk.hdd.0.{5fbaabe3-6958-40ff-92a7-860e329aab41}.hds (979.37 MB) in /Users/rkrivov/PycharmProjects/s3_upload/s3/s3parallels/backup.py:112
INFO - 2021-08-09 12:10:37,111 - s3_upload.s3.s3parallels.parallels - parallels.set_virtual_machine_status - MainThread - Set status RESUME to VM Windows 10 in /Users/rkrivov/PycharmProjects/s3_upload/s3/s3parallels/parallels.py:299
INFO - 2021-08-09 12:10:47,384 - s3_upload.__main__ - main.main - MainThread - Elapsed time is 4 minutes 33 seconds 667 milliseconds. in /Users/rkrivov/PycharmProjects/s3_upload/main.py:127
INFO - 2021-08-09 14:00:01,312 - .__main__ - main.main - MainThread - Elapsed time is 1 millisecond. in main.py:127
INFO - 2021-08-09 14:23:01,315 - .s3.s3storage - s3storage.__init__ - MainThread - Open S3 AWS Session... in /Users/rkrivov/PycharmProjects/s3_upload/s3/s3storage.py:54
INFO - 2021-08-09 14:23:01,334 - .s3.s3storage - s3storage.__init__ - MainThread - Initialize S3 AWS client for https://hb.bizmrg.com... in /Users/rkrivov/PycharmProjects/s3_upload/s3/s3storage.py:71
INFO - 2021-08-09 14:23:05,202 - .s3.s3parallels.parallels - parallels.set_virtual_machine_status - MainThread - Set status SUSPEND to VM Windows 10 in /Users/rkrivov/PycharmProjects/s3_upload/s3/s3parallels/parallels.py:299
INFO - 2021-08-09 14:23:09,266 - .s3.s3parallels.operation - operation._process - MainThread - Found VM Windows 10 with identifier dabfc2f1-772e-4647-84a6-e44af284bf79  and uptime is over 6 hours. in /Users/rkrivov/PycharmProjects/s3_upload/s3/s3parallels/operation.py:472
INFO - 2021-08-09 14:23:09,800 - .s3.s3parallels.parallels - parallels.get_snapshot_list - MainThread - Snapshot {1e09fb63-a250-46bb-b9f2-14f36944ec54} expire 2021-08-13 16:59 (0 day) in /Users/rkrivov/PycharmProjects/s3_upload/s3/s3parallels/parallels.py:212
INFO - 2021-08-09 14:23:09,800 - .s3.s3parallels.parallels - parallels.get_snapshot_list - MainThread - Snapshot {ceda3fde-c9fc-4a20-9125-9e2331e22d40} expire 2021-08-14 11:33 (0 day) in /Users/rkrivov/PycharmProjects/s3_upload/s3/s3parallels/parallels.py:212
INFO - 2021-08-09 14:23:23,728 - .s3.s3parallels.backup - backup._do_update_file - MainThread - Upload changed file Parallels/Standard/dabfc2f1-772e-4647-84a6-e44af284bf79/Windows 10.pvm/suspended.png (229.05 KB) in /Users/rkrivov/PycharmProjects/s3_upload/s3/s3parallels/backup.py:112
INFO - 2021-08-09 14:23:23,872 - .s3.s3parallels.backup - backup._do_update_file - MainThread - Upload changed file Parallels/Standard/dabfc2f1-772e-4647-84a6-e44af284bf79/Windows 10.pvm/config.sav (3.33 MB) in /Users/rkrivov/PycharmProjects/s3_upload/s3/s3parallels/backup.py:112
INFO - 2021-08-09 14:23:24,346 - .s3.s3parallels.backup - backup._do_update_file - MainThread - Upload changed file Parallels/Standard/dabfc2f1-772e-4647-84a6-e44af284bf79/Windows 10.pvm/statistic.log (3.71 MB) in /Users/rkrivov/PycharmProjects/s3_upload/s3/s3parallels/backup.py:112
INFO - 2021-08-09 14:23:24,809 - .s3.s3parallels.backup - backup._do_update_file - MainThread - Upload changed file Parallels/Standard/dabfc2f1-772e-4647-84a6-e44af284bf79/Windows 10.pvm/parallels.log (9.84 MB) in /Users/rkrivov/PycharmProjects/s3_upload/s3/s3parallels/backup.py:112
INFO - 2021-08-09 14:23:25,888 - .s3.s3parallels.backup - backup._do_update_file - MainThread - Upload changed file Parallels/Standard/dabfc2f1-772e-4647-84a6-e44af284bf79/Windows 10.pvm/{24908bb6-e164-44f9-99a4-9b1609dd9233}.mem (1.54 GB) in /Users/rkrivov/PycharmProjects/s3_upload/s3/s3parallels/backup.py:112
INFO - 2021-08-09 14:25:41,212 - .s3.s3parallels.backup - backup._do_update_file - MainThread - Upload changed file Parallels/Standard/dabfc2f1-772e-4647-84a6-e44af284bf79/Windows 10.pvm/harddisk.hdd/harddisk.hdd.0.{5fbaabe3-6958-40ff-92a7-860e329aab41}.hds (3.49 GB) in /Users/rkrivov/PycharmProjects/s3_upload/s3/s3parallels/backup.py:112
INFO - 2021-08-09 14:30:52,571 - .s3.s3parallels.parallels - parallels.set_virtual_machine_status - MainThread - Set status RESUME to VM Windows 10 in /Users/rkrivov/PycharmProjects/s3_upload/s3/s3parallels/parallels.py:299
INFO - 2021-08-09 14:31:04,772 - .__main__ - main.main - MainThread - Elapsed time is 8 minutes 4 seconds 194 milliseconds. in main.py:127
INFO - 2021-08-09 14:31:37,124 - .s3.s3storage - s3storage.__init__ - MainThread - Open S3 AWS Session... in /Users/rkrivov/PycharmProjects/s3_upload/s3/s3storage.py:54
INFO - 2021-08-09 14:31:37,140 - .s3.s3storage - s3storage.__init__ - MainThread - Initialize S3 AWS client for https://hb.bizmrg.com... in /Users/rkrivov/PycharmProjects/s3_upload/s3/s3storage.py:71
INFO - 2021-08-09 14:31:40,962 - .s3.s3parallels.parallels - parallels.set_virtual_machine_status - MainThread - Set status SUSPEND to VM Windows 10 in /Users/rkrivov/PycharmProjects/s3_upload/s3/s3parallels/parallels.py:299
INFO - 2021-08-09 14:31:44,999 - .s3.s3parallels.operation - operation._process - MainThread - Found VM Windows 10 with identifier dabfc2f1-772e-4647-84a6-e44af284bf79  and uptime is over 6 hours. in /Users/rkrivov/PycharmProjects/s3_upload/s3/s3parallels/operation.py:472
INFO - 2021-08-09 14:31:45,550 - .s3.s3parallels.parallels - parallels.get_snapshot_list - MainThread - Snapshot {1e09fb63-a250-46bb-b9f2-14f36944ec54} expire 2021-08-13 16:59 (0 day) in /Users/rkrivov/PycharmProjects/s3_upload/s3/s3parallels/parallels.py:212
INFO - 2021-08-09 14:31:45,550 - .s3.s3parallels.parallels - parallels.get_snapshot_list - MainThread - Snapshot {ceda3fde-c9fc-4a20-9125-9e2331e22d40} expire 2021-08-14 11:33 (0 day) in /Users/rkrivov/PycharmProjects/s3_upload/s3/s3parallels/parallels.py:212
INFO - 2021-08-09 14:31:58,464 - .s3.s3parallels.backup - backup._do_update_file - MainThread - Upload changed file Parallels/Standard/dabfc2f1-772e-4647-84a6-e44af284bf79/Windows 10.pvm/suspended.png (230.62 KB) in /Users/rkrivov/PycharmProjects/s3_upload/s3/s3parallels/backup.py:112
INFO - 2021-08-09 14:31:58,576 - .s3.s3parallels.backup - backup._do_update_file - MainThread - Upload changed file Parallels/Standard/dabfc2f1-772e-4647-84a6-e44af284bf79/Windows 10.pvm/config.sav (2.92 MB) in /Users/rkrivov/PycharmProjects/s3_upload/s3/s3parallels/backup.py:112
INFO - 2021-08-09 14:31:58,923 - .s3.s3parallels.backup - backup._do_update_file - MainThread - Upload changed file Parallels/Standard/dabfc2f1-772e-4647-84a6-e44af284bf79/Windows 10.pvm/statistic.log (3.71 MB) in /Users/rkrivov/PycharmProjects/s3_upload/s3/s3parallels/backup.py:112
INFO - 2021-08-09 14:31:59,368 - .s3.s3parallels.backup - backup._do_update_file - MainThread - Upload changed file Parallels/Standard/dabfc2f1-772e-4647-84a6-e44af284bf79/Windows 10.pvm/parallels.log (9.90 MB) in /Users/rkrivov/PycharmProjects/s3_upload/s3/s3parallels/backup.py:112
INFO - 2021-08-09 14:32:00,396 - .s3.s3parallels.backup - backup._do_update_file - MainThread - Upload changed file Parallels/Standard/dabfc2f1-772e-4647-84a6-e44af284bf79/Windows 10.pvm/{24908bb6-e164-44f9-99a4-9b1609dd9233}.mem (1.56 GB) in /Users/rkrivov/PycharmProjects/s3_upload/s3/s3parallels/backup.py:112
INFO - 2021-08-09 14:34:18,894 - .s3.s3parallels.backup - backup._do_update_file - MainThread - Upload changed file Parallels/Standard/dabfc2f1-772e-4647-84a6-e44af284bf79/Windows 10.pvm/harddisk.hdd/harddisk.hdd.0.{5fbaabe3-6958-40ff-92a7-860e329aab41}.hds (3.55 GB) in /Users/rkrivov/PycharmProjects/s3_upload/s3/s3parallels/backup.py:112
INFO - 2021-08-09 14:39:34,210 - .s3.s3parallels.parallels - parallels.set_virtual_machine_status - MainThread - Set status RESUME to VM Windows 10 in /Users/rkrivov/PycharmProjects/s3_upload/s3/s3parallels/parallels.py:299
INFO - 2021-08-09 14:39:46,250 - .__main__ - main.main - MainThread - Elapsed time is 8 minutes 9 seconds 531 milliseconds. in main.py:127
INFO - 2021-08-09 19:45:46,481 - .s3.s3storage - s3storage.__init__ - MainThread - Open S3 AWS Session... in /Users/rkrivov/PycharmProjects/s3_upload/s3/s3storage.py:54
INFO - 2021-08-09 19:45:46,501 - .s3.s3storage - s3storage.__init__ - MainThread - Initialize S3 AWS client for https://hb.bizmrg.com... in /Users/rkrivov/PycharmProjects/s3_upload/s3/s3storage.py:71
INFO - 2021-08-09 19:45:49,919 - .s3.s3parallels.operation - operation._process - MainThread - Found VM Windows 10 with identifier dabfc2f1-772e-4647-84a6-e44af284bf79  and uptime is about 12 hours. in /Users/rkrivov/PycharmProjects/s3_upload/s3/s3parallels/operation.py:472
INFO - 2021-08-09 19:45:50,273 - .s3.s3parallels.parallels - parallels.get_snapshot_list - MainThread - Snapshot {1e09fb63-a250-46bb-b9f2-14f36944ec54} expire 2021-08-13 16:59 (1 day) in /Users/rkrivov/PycharmProjects/s3_upload/s3/s3parallels/parallels.py:212
INFO - 2021-08-09 19:45:50,274 - .s3.s3parallels.parallels - parallels.get_snapshot_list - MainThread - Snapshot {ceda3fde-c9fc-4a20-9125-9e2331e22d40} expire 2021-08-14 11:33 (0 day) in /Users/rkrivov/PycharmProjects/s3_upload/s3/s3parallels/parallels.py:212
INFO - 2021-08-09 19:46:04,682 - .s3.s3parallels.backup - backup._do_update_file - MainThread - Upload changed file Parallels/Standard/dabfc2f1-772e-4647-84a6-e44af284bf79/Windows 10.pvm/VmInfo.pvi (33.17 KB) in /Users/rkrivov/PycharmProjects/s3_upload/s3/s3parallels/backup.py:112
INFO - 2021-08-09 19:46:04,779 - .s3.s3parallels.backup - backup._do_update_file - MainThread - Upload changed file Parallels/Standard/dabfc2f1-772e-4647-84a6-e44af284bf79/Windows 10.pvm/statistic.log (3.72 MB) in /Users/rkrivov/PycharmProjects/s3_upload/s3/s3parallels/backup.py:112
INFO - 2021-08-09 19:46:05,290 - .s3.s3parallels.backup - backup._do_update_file - MainThread - Upload changed file Parallels/Standard/dabfc2f1-772e-4647-84a6-e44af284bf79/Windows 10.pvm/parallels.log (9.97 MB) in /Users/rkrivov/PycharmProjects/s3_upload/s3/s3parallels/backup.py:112
INFO - 2021-08-09 19:46:06,302 - .s3.s3parallels.backup - backup._do_update_file - MainThread - Upload changed file Parallels/Standard/dabfc2f1-772e-4647-84a6-e44af284bf79/Windows 10.pvm/harddisk.hdd/harddisk.hdd.0.{5fbaabe3-6958-40ff-92a7-860e329aab41}.hds (5.56 GB) in /Users/rkrivov/PycharmProjects/s3_upload/s3/s3parallels/backup.py:112
INFO - 2021-08-09 19:54:17,859 - .__main__ - main.main - MainThread - Elapsed time is 8 minutes 32 seconds 274 milliseconds. in main.py:127
INFO - 2021-08-09 20:50:23,982 - .__main__ - main.main - MainThread - Elapsed time is 35 milliseconds. in main.py:123
INFO - 2021-08-09 20:53:34,266 - .s3.s3storage - s3storage.__init__ - MainThread - Open S3 AWS Session... in /Users/rkrivov/PycharmProjects/s3_upload/s3/s3storage.py:54
INFO - 2021-08-09 20:53:34,294 - .s3.s3storage - s3storage.__init__ - MainThread - Initialize S3 AWS client for https://hb.bizmrg.com... in /Users/rkrivov/PycharmProjects/s3_upload/s3/s3storage.py:71
INFO - 2021-08-09 20:53:38,177 - .s3.s3parallels.operation - operation._process - MainThread - Found VM Windows 10 with identifier dabfc2f1-772e-4647-84a6-e44af284bf79  and uptime is about 12 hours. in /Users/rkrivov/PycharmProjects/s3_upload/s3/s3parallels/operation.py:472
INFO - 2021-08-09 20:53:38,747 - .s3.s3parallels.parallels - parallels.get_snapshot_list - MainThread - Snapshot {1e09fb63-a250-46bb-b9f2-14f36944ec54} expire 2021-08-13 16:59 (1 day) in /Users/rkrivov/PycharmProjects/s3_upload/s3/s3parallels/parallels.py:212
INFO - 2021-08-09 20:53:38,747 - .s3.s3parallels.parallels - parallels.get_snapshot_list - MainThread - Snapshot {ceda3fde-c9fc-4a20-9125-9e2331e22d40} expire 2021-08-14 11:33 (0 day) in /Users/rkrivov/PycharmProjects/s3_upload/s3/s3parallels/parallels.py:212
INFO - 2021-08-09 20:53:39,418 - .__main__ - main.main - MainThread - Elapsed time is 6 seconds 957 milliseconds. in main.py:123
INFO - 2021-08-09 20:58:57,261 - .s3.s3storage - s3storage.__init__ - MainThread - Open S3 AWS Session... in /Users/rkrivov/PycharmProjects/s3_upload/s3/s3storage.py:54
INFO - 2021-08-09 20:58:57,279 - .s3.s3storage - s3storage.__init__ - MainThread - Initialize S3 AWS client for https://hb.bizmrg.com... in /Users/rkrivov/PycharmProjects/s3_upload/s3/s3storage.py:71
INFO - 2021-08-09 20:59:02,022 - .s3.s3parallels.operation - operation._process - MainThread - Found VM Windows 10 with identifier dabfc2f1-772e-4647-84a6-e44af284bf79  and uptime is about 12 hours. in /Users/rkrivov/PycharmProjects/s3_upload/s3/s3parallels/operation.py:472
INFO - 2021-08-09 20:59:02,474 - .s3.s3parallels.parallels - parallels.get_snapshot_list - MainThread - Snapshot {1e09fb63-a250-46bb-b9f2-14f36944ec54} expire 2021-08-13 16:59 (1 day) in /Users/rkrivov/PycharmProjects/s3_upload/s3/s3parallels/parallels.py:212
INFO - 2021-08-09 20:59:02,475 - .s3.s3parallels.parallels - parallels.get_snapshot_list - MainThread - Snapshot {ceda3fde-c9fc-4a20-9125-9e2331e22d40} expire 2021-08-14 11:33 (0 day) in /Users/rkrivov/PycharmProjects/s3_upload/s3/s3parallels/parallels.py:212
INFO - 2021-08-09 20:59:03,076 - .__main__ - main.main - MainThread - Elapsed time is 6 seconds 342 milliseconds. in main.py:123
