WARNING - 2021-08-05 11:01:59,480 - s3_upload.__main__ - main.main - MainThread - User terminate program! in /Users/rkrivov/PycharmProjects/s3_upload/main.py:90
WARNING - 2021-08-05 15:49:56,771 - s3_upload.__main__ - main.main - MainThread - User terminate program! in /Users/rkrivov/PycharmProjects/s3_upload/main.py:90
WARNING - 2021-08-05 15:52:49,485 - s3_upload.__main__ - main.main - MainThread - User terminate program! in /Users/rkrivov/PycharmProjects/s3_upload/main.py:90
WARNING - 2021-08-05 15:53:36,620 - s3_upload.__main__ - main.main - MainThread - User terminate program! in /Users/rkrivov/PycharmProjects/s3_upload/main.py:90
WARNING - 2021-08-05 16:45:53,990 - s3_upload.__main__ - main.main - MainThread - User terminate program! in /Users/rkrivov/PycharmProjects/s3_upload/main.py:90
WARNING - 2021-08-05 16:46:19,912 - s3_upload.__main__ - main.main - MainThread - User terminate program! in /Users/rkrivov/PycharmProjects/s3_upload/main.py:90
WARNING - 2021-08-05 16:46:28,224 - s3_upload.__main__ - main.main - MainThread - User terminate program! in /Users/rkrivov/PycharmProjects/s3_upload/main.py:98
WARNING - 2021-08-05 16:47:10,252 - s3_upload.__main__ - main.main - MainThread - User terminate program! in /Users/rkrivov/PycharmProjects/s3_upload/main.py:90
WARNING - 2021-08-05 16:49:06,142 - s3_upload.__main__ - main.main - MainThread - User terminate program! in /Users/rkrivov/PycharmProjects/s3_upload/main.py:98
WARNING - 2021-08-05 16:50:52,886 - s3_upload.__main__ - main.main - MainThread - User terminate program! in /Users/rkrivov/PycharmProjects/s3_upload/main.py:90
WARNING - 2021-08-05 16:53:10,474 - s3_upload.__main__ - main.main - MainThread - User terminate program! in /Users/rkrivov/PycharmProjects/s3_upload/main.py:90
WARNING - 2021-08-05 16:59:50,397 - s3_upload.__main__ - main.main - MainThread - User terminate program! in /Users/rkrivov/PycharmProjects/s3_upload/main.py:90
WARNING - 2021-08-05 17:02:00,756 - s3_upload.__main__ - main.main - MainThread - User terminate program! in /Users/rkrivov/PycharmProjects/s3_upload/main.py:90
WARNING - 2021-08-05 17:02:20,495 - s3_upload.__main__ - main.main - MainThread - User terminate program! in /Users/rkrivov/PycharmProjects/s3_upload/main.py:98
WARNING - 2021-08-05 17:28:38,568 - s3_upload.__main__ - main.main - MainThread - User terminate program! in /Users/rkrivov/PycharmProjects/s3_upload/main.py:90
WARNING - 2021-08-05 20:38:17,588 - s3_upload.__main__ - main.main - MainThread - User terminate program! in /Users/rkrivov/PycharmProjects/s3_upload/main.py:90
WARNING - 2021-08-05 23:10:38,724 - s3_upload.s3.s3base.s3baseobject - s3baseobject._compare_files - MainThread - The file [0;37m[4m/Users/rkrivov/Parallels/Windows 10.pvm/VmInfo.pvi[4m[0;39m was changed: The size of the remote file ([0;36m[1m33.17 KB[22m[0;39m) differs from the size of the local file ([0;36m[1m32.43 KB[22m[0;39m), and the time when the remote file was last modified ([0;36m[1m2021-08-04 20:51:06[22m[0;39m) differs from the time when the local file was last modified ([0;36m[1m2021-08-05 19:36:30[22m[0;39m), and the ETag of the remote file ([0;36m[1mac080707d3166b16879df6ba4f22d318[22m[0;39m) differs from the ETag of the local file ([0;36m[1m6ecd3d15d617f9fa5b96aa649de1842c[22m[0;39m) in /Users/rkrivov/PycharmProjects/s3_upload/s3/s3base/s3baseobject.py:297
WARNING - 2021-08-05 23:10:38,743 - s3_upload.s3.s3base.s3baseobject - s3baseobject._compare_files - MainThread - The file [0;37m[4m/Users/rkrivov/Parallels/Windows 10.pvm/statistic.log[4m[0;39m was changed: The size of the remote file ([0;36m[1m3.73 MB[22m[0;39m) differs from the size of the local file ([0;36m[1m3.74 MB[22m[0;39m), and the time when the remote file was last modified ([0;36m[1m2021-08-04 20:51:09[22m[0;39m) differs from the time when the local file was last modified ([0;36m[1m2021-08-05 20:10:36[22m[0;39m), and the ETag of the remote file ([0;36m[1m72bea41c7d03d19ee96b8b3df9782e4c[22m[0;39m) differs from the ETag of the local file ([0;36m[1m29ed4c26242350961990d3571fa0aa9d[22m[0;39m) in /Users/rkrivov/PycharmProjects/s3_upload/s3/s3base/s3baseobject.py:297
WARNING - 2021-08-05 23:10:38,795 - s3_upload.s3.s3base.s3baseobject - s3baseobject._compare_files - MainThread - The file [0;37m[4m/Users/rkrivov/Parallels/Windows 10.pvm/parallels.log[4m[0;39m was changed: The size of the remote file ([0;36m[1m10.95 MB[22m[0;39m) differs from the size of the local file ([0;36m[1m11.21 MB[22m[0;39m), and the time when the remote file was last modified ([0;36m[1m2021-08-04 20:51:13[22m[0;39m) differs from the time when the local file was last modified ([0;36m[1m2021-08-05 20:10:36[22m[0;39m), and the ETag of the remote file ([0;36m[1m52e419c6122bc103d1cd725081d9f399[22m[0;39m) differs from the ETag of the local file ([0;36m[1me611ed600af6bd2a621e50da2ab0c8d0[22m[0;39m) in /Users/rkrivov/PycharmProjects/s3_upload/s3/s3base/s3baseobject.py:297
WARNING - 2021-08-05 23:11:05,185 - s3_upload.s3.s3base.s3baseobject - s3baseobject._compare_files - MainThread - The file [0;37m[4m/Users/rkrivov/Parallels/Windows 10.pvm/harddisk.hdd/harddisk.hdd.0.{5fbaabe3-6958-40ff-92a7-860e329aab41}.hds[4m[0;39m was changed: The size of the remote file ([0;36m[1m4.24 GB[22m[0;39m) differs from the size of the local file ([0;36m[1m9.59 GB[22m[0;39m), and the time when the remote file was last modified ([0;36m[1m2021-08-04 21:18:28[22m[0;39m) differs from the time when the local file was last modified ([0;36m[1m2021-08-05 20:10:36[22m[0;39m), and the ETag of the remote file ([0;36m[1mbef2fa4aab3ba58d6e44f1099dd34362[22m[0;39m) differs from the ETag of the local file ([0;36m[1m4f003590644ee2139db823d2dc214c3b[22m[0;39m) in /Users/rkrivov/PycharmProjects/s3_upload/s3/s3base/s3baseobject.py:297
